<?xml version="1.0" encoding="UTF-8"?>
<coverage generated="1749360104178" clover="3.2.0">
  <project timestamp="1749360104178" name="All files">
    <metrics statements="1370" coveredstatements="889" conditionals="429" coveredconditionals="167" methods="196" coveredmethods="106" elements="1995" coveredelements="1162" complexity="0" loc="1370" ncloc="1370" packages="8" files="36" classes="36"/>
    <package name="config">
      <metrics statements="15" coveredstatements="14" conditionals="10" coveredconditionals="8" methods="2" coveredmethods="1"/>
      <file name="auth.ts" path="I:\9034\FringeOnlineBooking\backend\src\config\auth.ts">
        <metrics statements="2" coveredstatements="2" conditionals="4" coveredconditionals="3" methods="0" coveredmethods="0"/>
        <line num="1" count="1" type="stmt"/>
        <line num="3" count="1" type="stmt"/>
      </file>
      <file name="redis.ts" path="I:\9034\FringeOnlineBooking\backend\src\config\redis.ts">
        <metrics statements="13" coveredstatements="12" conditionals="6" coveredconditionals="5" methods="2" coveredmethods="1"/>
        <line num="1" count="1" type="stmt"/>
        <line num="2" count="1" type="stmt"/>
        <line num="3" count="1" type="stmt"/>
        <line num="5" count="1" type="stmt"/>
        <line num="7" count="1" type="cond" truecount="2" falsecount="1"/>
        <line num="8" count="1" type="stmt"/>
        <line num="11" count="1" type="stmt"/>
        <line num="13" count="1" type="stmt"/>
        <line num="21" count="1" type="stmt"/>
        <line num="22" count="0" type="stmt"/>
        <line num="25" count="1" type="stmt"/>
        <line num="26" count="1" type="cond" truecount="1" falsecount="0"/>
        <line num="27" count="1" type="stmt"/>
      </file>
    </package>
    <package name="controllers">
      <metrics statements="93" coveredstatements="79" conditionals="23" coveredconditionals="11" methods="18" coveredmethods="10"/>
      <file name="HealthController.ts" path="I:\9034\FringeOnlineBooking\backend\src\controllers\HealthController.ts">
        <metrics statements="56" coveredstatements="42" conditionals="16" coveredconditionals="4" methods="14" coveredmethods="6"/>
        <line num="3" count="1" type="stmt"/>
        <line num="4" count="1" type="stmt"/>
        <line num="5" count="1" type="stmt"/>
        <line num="7" count="1" type="stmt"/>
        <line num="9" count="1" type="stmt"/>
        <line num="10" count="1" type="stmt"/>
        <line num="11" count="1" type="stmt"/>
        <line num="14" count="1" type="stmt"/>
        <line num="16" count="1" type="stmt"/>
        <line num="17" count="1" type="cond" truecount="0" falsecount="1"/>
        <line num="18" count="0" type="stmt"/>
        <line num="19" count="0" type="stmt"/>
        <line num="20" count="0" type="stmt"/>
        <line num="24" count="1" type="stmt"/>
        <line num="25" count="1" type="stmt"/>
        <line num="26" count="1" type="cond" truecount="0" falsecount="1"/>
        <line num="27" count="0" type="stmt"/>
        <line num="28" count="0" type="stmt"/>
        <line num="32" count="0" type="stmt"/>
        <line num="37" count="1" type="stmt"/>
        <line num="39" count="1" type="stmt"/>
        <line num="40" count="1" type="stmt"/>
        <line num="41" count="1" type="stmt"/>
        <line num="43" count="1" type="stmt"/>
        <line num="44" count="16" type="stmt"/>
        <line num="45" count="1" type="stmt"/>
        <line num="46" count="16" type="stmt"/>
        <line num="47" count="16" type="stmt"/>
        <line num="49" count="1" type="stmt"/>
        <line num="52" count="1" type="stmt"/>
        <line num="61" count="1" type="stmt"/>
        <line num="63" count="0" type="stmt"/>
        <line num="64" count="0" type="stmt"/>
        <line num="68" count="1" type="stmt"/>
        <line num="70" count="1" type="stmt"/>
        <line num="71" count="1" type="cond" truecount="1" falsecount="1"/>
        <line num="73" count="0" type="stmt"/>
        <line num="74" count="0" type="stmt"/>
        <line num="78" count="1" type="stmt"/>
        <line num="79" count="1" type="cond" truecount="1" falsecount="1"/>
        <line num="81" count="0" type="cond" truecount="0" falsecount="2"/>
        <line num="82" count="0" type="stmt"/>
        <line num="86" count="1" type="stmt"/>
        <line num="87" count="1" type="stmt"/>
        <line num="88" count="1" type="stmt"/>
        <line num="89" count="1" type="stmt"/>
        <line num="95" count="1" type="stmt"/>
        <line num="96" count="16" type="stmt"/>
        <line num="97" count="1" type="stmt"/>
        <line num="98" count="16" type="stmt"/>
        <line num="99" count="16" type="stmt"/>
        <line num="101" count="1" type="stmt"/>
        <line num="104" count="1" type="stmt"/>
        <line num="117" count="1" type="stmt"/>
        <line num="119" count="0" type="stmt"/>
        <line num="120" count="0" type="stmt"/>
      </file>
      <file name="MessageController.ts" path="I:\9034\FringeOnlineBooking\backend\src\controllers\MessageController.ts">
        <metrics statements="37" coveredstatements="37" conditionals="7" coveredconditionals="7" methods="4" coveredmethods="4"/>
        <line num="8" count="1" type="stmt"/>
        <line num="9" count="1" type="stmt"/>
        <line num="10" count="1" type="stmt"/>
        <line num="12" count="1" type="stmt"/>
        <line num="35" count="3" type="stmt"/>
        <line num="36" count="3" type="stmt"/>
        <line num="38" count="3" type="cond" truecount="3" falsecount="0"/>
        <line num="39" count="1" type="stmt"/>
        <line num="42" count="2" type="stmt"/>
        <line num="43" count="2" type="stmt"/>
        <line num="44" count="2" type="cond" truecount="1" falsecount="0"/>
        <line num="46" count="1" type="stmt"/>
        <line num="47" count="1" type="stmt"/>
        <line num="52" count="1" type="stmt"/>
        <line num="53" count="1" type="stmt"/>
        <line num="73" count="1" type="stmt"/>
        <line num="74" count="1" type="stmt"/>
        <line num="76" count="1" type="stmt"/>
        <line num="85" count="1" type="stmt"/>
        <line num="89" count="2" type="stmt"/>
        <line num="90" count="2" type="stmt"/>
        <line num="91" count="2" type="stmt"/>
        <line num="93" count="2" type="stmt"/>
        <line num="94" count="2" type="stmt"/>
        <line num="95" count="2" type="cond" truecount="1" falsecount="0"/>
        <line num="97" count="1" type="stmt"/>
        <line num="106" count="1" type="stmt"/>
        <line num="110" count="3" type="stmt"/>
        <line num="111" count="3" type="stmt"/>
        <line num="112" count="3" type="stmt"/>
        <line num="114" count="3" type="stmt"/>
        <line num="119" count="3" type="cond" truecount="1" falsecount="0"/>
        <line num="120" count="1" type="stmt"/>
        <line num="123" count="2" type="cond" truecount="1" falsecount="0"/>
        <line num="124" count="1" type="stmt"/>
        <line num="127" count="1" type="stmt"/>
        <line num="128" count="1" type="stmt"/>
      </file>
    </package>
    <package name="controllers.admin">
      <metrics statements="385" coveredstatements="226" conditionals="101" coveredconditionals="27" methods="53" coveredmethods="39"/>
      <file name="AdminAuthController.ts" path="I:\9034\FringeOnlineBooking\backend\src\controllers\admin\AdminAuthController.ts">
        <metrics statements="26" coveredstatements="22" conditionals="5" coveredconditionals="4" methods="1" coveredmethods="1"/>
        <line num="2" count="1" type="stmt"/>
        <line num="3" count="1" type="stmt"/>
        <line num="4" count="1" type="stmt"/>
        <line num="5" count="1" type="stmt"/>
        <line num="6" count="1" type="stmt"/>
        <line num="7" count="1" type="stmt"/>
        <line num="9" count="1" type="stmt"/>
        <line num="11" count="1" type="stmt"/>
        <line num="16" count="5" type="stmt"/>
        <line num="17" count="5" type="stmt"/>
        <line num="18" count="3" type="stmt"/>
        <line num="20" count="3" type="stmt"/>
        <line num="28" count="2" type="stmt"/>
        <line num="30" count="2" type="cond" truecount="1" falsecount="0"/>
        <line num="31" count="1" type="stmt"/>
        <line num="38" count="1" type="stmt"/>
        <line num="39" count="1" type="cond" truecount="1" falsecount="0"/>
        <line num="40" count="1" type="stmt"/>
        <line num="47" count="0" type="stmt"/>
        <line num="54" count="0" type="stmt"/>
        <line num="55" count="0" type="stmt"/>
        <line num="57" count="0" type="stmt"/>
        <line num="71" count="3" type="stmt"/>
        <line num="72" count="3" type="cond" truecount="1" falsecount="0"/>
        <line num="73" count="2" type="stmt"/>
        <line num="79" count="1" type="stmt"/>
      </file>
      <file name="AdminSettingsController.ts" path="I:\9034\FringeOnlineBooking\backend\src\controllers\admin\AdminSettingsController.ts">
        <metrics statements="23" coveredstatements="16" conditionals="8" coveredconditionals="3" methods="3" coveredmethods="3"/>
        <line num="2" count="1" type="stmt"/>
        <line num="3" count="1" type="stmt"/>
        <line num="5" count="1" type="stmt"/>
        <line num="10" count="1" type="stmt"/>
        <line num="14" count="1" type="stmt"/>
        <line num="19" count="1" type="stmt"/>
        <line num="25" count="0" type="stmt"/>
        <line num="26" count="0" type="stmt"/>
        <line num="38" count="1" type="stmt"/>
        <line num="40" count="1" type="stmt"/>
        <line num="41" count="1" type="stmt"/>
        <line num="44" count="1" type="stmt"/>
        <line num="50" count="1" type="stmt"/>
        <line num="56" count="0" type="stmt"/>
        <line num="57" count="0" type="cond" truecount="0" falsecount="1"/>
        <line num="58" count="0" type="stmt"/>
        <line num="64" count="0" type="stmt"/>
        <line num="76" count="2" type="stmt"/>
        <line num="77" count="2" type="cond" truecount="3" falsecount="0"/>
        <line num="78" count="1" type="stmt"/>
        <line num="81" count="1" type="stmt"/>
        <line num="87" count="1" type="stmt"/>
        <line num="93" count="0" type="stmt"/>
      </file>
      <file name="AdminStatsController.ts" path="I:\9034\FringeOnlineBooking\backend\src\controllers\admin\AdminStatsController.ts">
        <metrics statements="40" coveredstatements="40" conditionals="2" coveredconditionals="1" methods="6" coveredmethods="6"/>
        <line num="2" count="1" type="stmt"/>
        <line num="3" count="1" type="stmt"/>
        <line num="4" count="1" type="stmt"/>
        <line num="5" count="1" type="stmt"/>
        <line num="6" count="1" type="stmt"/>
        <line num="7" count="1" type="stmt"/>
        <line num="9" count="1" type="stmt"/>
        <line num="12" count="1" type="stmt"/>
        <line num="13" count="1" type="stmt"/>
        <line num="14" count="1" type="stmt"/>
        <line num="19" count="1" type="stmt"/>
        <line num="20" count="1" type="stmt"/>
        <line num="21" count="1" type="stmt"/>
        <line num="26" count="1" type="stmt"/>
        <line num="27" count="1" type="stmt"/>
        <line num="28" count="1" type="stmt"/>
        <line num="33" count="1" type="stmt"/>
        <line num="34" count="1" type="stmt"/>
        <line num="35" count="1" type="stmt"/>
        <line num="36" count="1" type="stmt"/>
        <line num="37" count="7" type="stmt"/>
        <line num="38" count="7" type="stmt"/>
        <line num="39" count="7" type="stmt"/>
        <line num="40" count="7" type="stmt"/>
        <line num="41" count="7" type="stmt"/>
        <line num="46" count="7" type="cond" truecount="1" falsecount="1"/>
        <line num="48" count="1" type="stmt"/>
        <line num="53" count="1" type="stmt"/>
        <line num="54" count="1" type="stmt"/>
        <line num="55" count="1" type="stmt"/>
        <line num="56" count="1" type="stmt"/>
        <line num="66" count="1" type="stmt"/>
        <line num="67" count="1" type="stmt"/>
        <line num="68" count="1" type="stmt"/>
        <line num="69" count="1" type="stmt"/>
        <line num="70" count="24" type="stmt"/>
        <line num="71" count="24" type="stmt"/>
        <line num="72" count="24" type="stmt"/>
        <line num="76" count="24" type="stmt"/>
        <line num="78" count="1" type="stmt"/>
      </file>
      <file name="EventController.ts" path="I:\9034\FringeOnlineBooking\backend\src\controllers\admin\EventController.ts">
        <metrics statements="36" coveredstatements="26" conditionals="12" coveredconditionals="4" methods="5" coveredmethods="5"/>
        <line num="4" count="1" type="stmt"/>
        <line num="5" count="1" type="stmt"/>
        <line num="7" count="1" type="stmt"/>
        <line num="12" count="1" type="stmt"/>
        <line num="16" count="1" type="stmt"/>
        <line num="31" count="1" type="stmt"/>
        <line num="37" count="0" type="stmt"/>
        <line num="38" count="0" type="stmt"/>
        <line num="50" count="3" type="stmt"/>
        <line num="52" count="3" type="stmt"/>
        <line num="55" count="0" type="stmt"/>
        <line num="61" count="0" type="stmt"/>
        <line num="67" count="3" type="stmt"/>
        <line num="68" count="3" type="cond" truecount="1" falsecount="0"/>
        <line num="69" count="2" type="stmt"/>
        <line num="75" count="1" type="stmt"/>
        <line num="87" count="1" type="stmt"/>
        <line num="89" count="1" type="stmt"/>
        <line num="92" count="1" type="stmt"/>
        <line num="105" count="1" type="stmt"/>
        <line num="111" count="0" type="stmt"/>
        <line num="112" count="0" type="stmt"/>
        <line num="124" count="3" type="stmt"/>
        <line num="126" count="3" type="stmt"/>
        <line num="127" count="3" type="stmt"/>
        <line num="130" count="0" type="stmt"/>
        <line num="136" count="0" type="stmt"/>
        <line num="142" count="3" type="stmt"/>
        <line num="143" count="3" type="cond" truecount="1" falsecount="0"/>
        <line num="144" count="2" type="stmt"/>
        <line num="150" count="1" type="stmt"/>
        <line num="162" count="1" type="stmt"/>
        <line num="164" count="1" type="stmt"/>
        <line num="167" count="1" type="stmt"/>
        <line num="173" count="0" type="stmt"/>
        <line num="174" count="0" type="stmt"/>
      </file>
      <file name="SeatController.ts" path="I:\9034\FringeOnlineBooking\backend\src\controllers\admin\SeatController.ts">
        <metrics statements="168" coveredstatements="40" conditionals="53" coveredconditionals="10" methods="24" coveredmethods="10"/>
        <line num="2" count="1" type="stmt"/>
        <line num="3" count="1" type="stmt"/>
        <line num="4" count="1" type="stmt"/>
        <line num="10" count="1" type="stmt"/>
        <line num="11" count="1" type="stmt"/>
        <line num="14" count="1" type="stmt"/>
        <line num="17" count="1" type="stmt"/>
        <line num="18" count="1" type="cond" truecount="1" falsecount="0"/>
        <line num="19" count="1" type="stmt"/>
        <line num="21" count="1" type="stmt"/>
        <line num="24" count="1" type="stmt"/>
        <line num="31" count="1" type="stmt"/>
        <line num="32" count="1" type="stmt"/>
        <line num="34" count="0" type="stmt"/>
        <line num="37" count="0" type="stmt"/>
        <line num="42" count="0" type="stmt"/>
        <line num="47" count="0" type="stmt"/>
        <line num="53" count="1" type="stmt"/>
        <line num="54" count="1" type="cond" truecount="1" falsecount="0"/>
        <line num="55" count="1" type="stmt"/>
        <line num="61" count="0" type="stmt"/>
        <line num="75" count="1" type="stmt"/>
        <line num="76" count="0" type="stmt"/>
        <line num="77" count="0" type="stmt"/>
        <line num="79" count="0" type="stmt"/>
        <line num="80" count="0" type="cond" truecount="0" falsecount="4"/>
        <line num="81" count="0" type="cond" truecount="0" falsecount="1"/>
        <line num="82" count="0" type="stmt"/>
        <line num="90" count="0" type="stmt"/>
        <line num="92" count="0" type="stmt"/>
        <line num="95" count="0" type="stmt"/>
        <line num="99" count="0" type="stmt"/>
        <line num="104" count="0" type="stmt"/>
        <line num="108" count="0" type="cond" truecount="0" falsecount="1"/>
        <line num="109" count="0" type="stmt"/>
        <line num="110" count="0" type="stmt"/>
        <line num="118" count="0" type="stmt"/>
        <line num="119" count="0" type="stmt"/>
        <line num="122" count="0" type="cond" truecount="0" falsecount="1"/>
        <line num="123" count="0" type="stmt"/>
        <line num="124" count="0" type="stmt"/>
        <line num="128" count="0" type="stmt"/>
        <line num="134" count="0" type="stmt"/>
        <line num="135" count="0" type="stmt"/>
        <line num="136" count="0" type="stmt"/>
        <line num="137" count="0" type="stmt"/>
        <line num="138" count="0" type="stmt"/>
        <line num="139" count="0" type="stmt"/>
        <line num="142" count="0" type="stmt"/>
        <line num="143" count="0" type="stmt"/>
        <line num="144" count="0" type="stmt"/>
        <line num="147" count="0" type="stmt"/>
        <line num="149" count="0" type="stmt"/>
        <line num="160" count="0" type="stmt"/>
        <line num="161" count="0" type="stmt"/>
        <line num="163" count="0" type="cond" truecount="0" falsecount="1"/>
        <line num="164" count="0" type="stmt"/>
        <line num="171" count="0" type="stmt"/>
        <line num="177" count="0" type="stmt"/>
        <line num="187" count="1" type="stmt"/>
        <line num="188" count="0" type="stmt"/>
        <line num="189" count="0" type="stmt"/>
        <line num="191" count="0" type="stmt"/>
        <line num="192" count="0" type="cond" truecount="0" falsecount="4"/>
        <line num="193" count="0" type="cond" truecount="0" falsecount="1"/>
        <line num="194" count="0" type="stmt"/>
        <line num="202" count="0" type="stmt"/>
        <line num="204" count="0" type="stmt"/>
        <line num="207" count="0" type="stmt"/>
        <line num="211" count="0" type="stmt"/>
        <line num="218" count="0" type="stmt"/>
        <line num="222" count="0" type="cond" truecount="0" falsecount="1"/>
        <line num="223" count="0" type="stmt"/>
        <line num="224" count="0" type="stmt"/>
        <line num="232" count="0" type="stmt"/>
        <line num="233" count="0" type="stmt"/>
        <line num="234" count="0" type="stmt"/>
        <line num="237" count="0" type="stmt"/>
        <line num="238" count="0" type="stmt"/>
        <line num="241" count="0" type="stmt"/>
        <line num="243" count="0" type="stmt"/>
        <line num="253" count="0" type="stmt"/>
        <line num="254" count="0" type="stmt"/>
        <line num="256" count="0" type="cond" truecount="0" falsecount="1"/>
        <line num="257" count="0" type="stmt"/>
        <line num="264" count="0" type="stmt"/>
        <line num="270" count="0" type="stmt"/>
        <line num="280" count="1" type="stmt"/>
        <line num="282" count="1" type="stmt"/>
        <line num="285" count="1" type="stmt"/>
        <line num="287" count="0" type="stmt"/>
        <line num="291" count="0" type="stmt"/>
        <line num="295" count="0" type="stmt"/>
        <line num="296" count="0" type="stmt"/>
        <line num="299" count="0" type="stmt"/>
        <line num="301" count="0" type="stmt"/>
        <line num="302" count="0" type="stmt"/>
        <line num="304" count="0" type="cond" truecount="0" falsecount="1"/>
        <line num="305" count="0" type="stmt"/>
        <line num="306" count="0" type="stmt"/>
        <line num="307" count="0" type="stmt"/>
        <line num="308" count="0" type="stmt"/>
        <line num="309" count="0" type="stmt"/>
        <line num="313" count="0" type="stmt"/>
        <line num="322" count="1" type="stmt"/>
        <line num="323" count="1" type="stmt"/>
        <line num="337" count="1" type="stmt"/>
        <line num="341" count="1" type="stmt"/>
        <line num="342" count="0" type="stmt"/>
        <line num="344" count="0" type="stmt"/>
        <line num="349" count="0" type="stmt"/>
        <line num="351" count="0" type="stmt"/>
        <line num="357" count="1" type="stmt"/>
        <line num="358" count="1" type="cond" truecount="1" falsecount="0"/>
        <line num="359" count="1" type="stmt"/>
        <line num="365" count="0" type="stmt"/>
        <line num="379" count="1" type="stmt"/>
        <line num="380" count="1" type="stmt"/>
        <line num="382" count="0" type="stmt"/>
        <line num="384" count="0" type="stmt"/>
        <line num="388" count="0" type="stmt"/>
        <line num="393" count="0" type="stmt"/>
        <line num="399" count="1" type="stmt"/>
        <line num="400" count="1" type="stmt"/>
        <line num="414" count="1" type="stmt"/>
        <line num="415" count="1" type="cond" truecount="3" falsecount="1"/>
        <line num="416" count="1" type="cond" truecount="1" falsecount="0"/>
        <line num="417" count="1" type="stmt"/>
        <line num="425" count="0" type="stmt"/>
        <line num="427" count="0" type="stmt"/>
        <line num="429" count="0" type="cond" truecount="0" falsecount="5"/>
        <line num="430" count="0" type="stmt"/>
        <line num="437" count="0" type="stmt"/>
        <line num="440" count="0" type="stmt"/>
        <line num="447" count="0" type="stmt"/>
        <line num="451" count="0" type="cond" truecount="0" falsecount="1"/>
        <line num="452" count="0" type="stmt"/>
        <line num="460" count="0" type="stmt"/>
        <line num="461" count="0" type="stmt"/>
        <line num="462" count="0" type="stmt"/>
        <line num="463" count="0" type="stmt"/>
        <line num="464" count="0" type="stmt"/>
        <line num="465" count="0" type="stmt"/>
        <line num="468" count="0" type="stmt"/>
        <line num="469" count="0" type="stmt"/>
        <line num="471" count="0" type="stmt"/>
        <line num="474" count="0" type="stmt"/>
        <line num="483" count="0" type="stmt"/>
        <line num="484" count="0" type="stmt"/>
        <line num="498" count="1" type="stmt"/>
        <line num="499" count="1" type="stmt"/>
        <line num="501" count="0" type="cond" truecount="0" falsecount="3"/>
        <line num="502" count="0" type="stmt"/>
        <line num="510" count="0" type="cond" truecount="0" falsecount="2"/>
        <line num="511" count="0" type="stmt"/>
        <line num="512" count="0" type="stmt"/>
        <line num="515" count="0" type="stmt"/>
        <line num="517" count="0" type="stmt"/>
        <line num="520" count="0" type="stmt"/>
        <line num="525" count="0" type="stmt"/>
        <line num="530" count="0" type="stmt"/>
        <line num="531" count="0" type="stmt"/>
        <line num="532" count="0" type="stmt"/>
        <line num="533" count="0" type="stmt"/>
        <line num="535" count="0" type="stmt"/>
        <line num="544" count="0" type="stmt"/>
        <line num="550" count="1" type="stmt"/>
        <line num="551" count="1" type="stmt"/>
      </file>
      <file name="StaffController.ts" path="I:\9034\FringeOnlineBooking\backend\src\controllers\admin\StaffController.ts">
        <metrics statements="44" coveredstatements="42" conditionals="6" coveredconditionals="1" methods="8" coveredmethods="8"/>
        <line num="2" count="1" type="stmt"/>
        <line num="3" count="1" type="stmt"/>
        <line num="5" count="1" type="stmt"/>
        <line num="7" count="1" type="stmt"/>
        <line num="8" count="1" type="stmt"/>
        <line num="9" count="1" type="stmt"/>
        <line num="13" count="1" type="stmt"/>
        <line num="14" count="1" type="stmt"/>
        <line num="15" count="1" type="cond" truecount="1" falsecount="0"/>
        <line num="16" count="0" type="stmt"/>
        <line num="20" count="1" type="stmt"/>
        <line num="21" count="1" type="stmt"/>
        <line num="22" count="1" type="stmt"/>
        <line num="31" count="1" type="stmt"/>
        <line num="32" count="1" type="stmt"/>
        <line num="36" count="1" type="stmt"/>
        <line num="37" count="1" type="stmt"/>
        <line num="38" count="1" type="cond" truecount="0" falsecount="1"/>
        <line num="39" count="1" type="stmt"/>
        <line num="40" count="1" type="stmt"/>
        <line num="41" count="1" type="stmt"/>
        <line num="45" count="1" type="stmt"/>
        <line num="46" count="1" type="stmt"/>
        <line num="47" count="1" type="cond" truecount="0" falsecount="1"/>
        <line num="48" count="1" type="stmt"/>
        <line num="49" count="0" type="stmt"/>
        <line num="53" count="1" type="stmt"/>
        <line num="54" count="1" type="stmt"/>
        <line num="55" count="1" type="cond" truecount="0" falsecount="1"/>
        <line num="56" count="1" type="stmt"/>
        <line num="57" count="1" type="stmt"/>
        <line num="58" count="1" type="stmt"/>
        <line num="62" count="1" type="stmt"/>
        <line num="63" count="1" type="stmt"/>
        <line num="64" count="1" type="cond" truecount="0" falsecount="1"/>
        <line num="65" count="1" type="stmt"/>
        <line num="66" count="1" type="stmt"/>
        <line num="67" count="1" type="stmt"/>
        <line num="71" count="1" type="stmt"/>
        <line num="72" count="1" type="stmt"/>
        <line num="73" count="1" type="cond" truecount="0" falsecount="1"/>
        <line num="74" count="1" type="stmt"/>
        <line num="75" count="1" type="stmt"/>
        <line num="76" count="1" type="stmt"/>
      </file>
      <file name="TicketAdminController.ts" path="I:\9034\FringeOnlineBooking\backend\src\controllers\admin\TicketAdminController.ts">
        <metrics statements="12" coveredstatements="12" conditionals="3" coveredconditionals="2" methods="1" coveredmethods="1"/>
        <line num="2" count="1" type="stmt"/>
        <line num="3" count="1" type="stmt"/>
        <line num="5" count="1" type="stmt"/>
        <line num="10" count="3" type="stmt"/>
        <line num="12" count="3" type="stmt"/>
        <line num="13" count="3" type="stmt"/>
        <line num="16" count="1" type="stmt"/>
        <line num="28" count="1" type="stmt"/>
        <line num="34" count="2" type="stmt"/>
        <line num="35" count="2" type="cond" truecount="1" falsecount="0"/>
        <line num="36" count="1" type="stmt"/>
        <line num="42" count="1" type="stmt"/>
      </file>
      <file name="VenueController.ts" path="I:\9034\FringeOnlineBooking\backend\src\controllers\admin\VenueController.ts">
        <metrics statements="36" coveredstatements="28" conditionals="12" coveredconditionals="2" methods="5" coveredmethods="5"/>
        <line num="2" count="1" type="stmt"/>
        <line num="3" count="1" type="stmt"/>
        <line num="5" count="1" type="stmt"/>
        <line num="10" count="1" type="stmt"/>
        <line num="14" count="1" type="stmt"/>
        <line num="25" count="1" type="stmt"/>
        <line num="31" count="0" type="stmt"/>
        <line num="32" count="0" type="stmt"/>
        <line num="44" count="2" type="stmt"/>
        <line num="46" count="2" type="stmt"/>
        <line num="49" count="1" type="stmt"/>
        <line num="55" count="1" type="stmt"/>
        <line num="61" count="1" type="stmt"/>
        <line num="62" count="1" type="cond" truecount="1" falsecount="0"/>
        <line num="63" count="1" type="stmt"/>
        <line num="69" count="0" type="stmt"/>
        <line num="81" count="1" type="stmt"/>
        <line num="83" count="1" type="stmt"/>
        <line num="86" count="1" type="stmt"/>
        <line num="95" count="1" type="stmt"/>
        <line num="101" count="0" type="stmt"/>
        <line num="102" count="0" type="stmt"/>
        <line num="114" count="2" type="stmt"/>
        <line num="116" count="2" type="stmt"/>
        <line num="117" count="2" type="stmt"/>
        <line num="120" count="1" type="stmt"/>
        <line num="126" count="1" type="stmt"/>
        <line num="132" count="1" type="stmt"/>
        <line num="133" count="1" type="cond" truecount="1" falsecount="0"/>
        <line num="134" count="1" type="stmt"/>
        <line num="140" count="0" type="stmt"/>
        <line num="152" count="1" type="stmt"/>
        <line num="154" count="1" type="stmt"/>
        <line num="157" count="1" type="stmt"/>
        <line num="163" count="0" type="stmt"/>
        <line num="164" count="0" type="stmt"/>
      </file>
    </package>
    <package name="controllers.public">
      <metrics statements="418" coveredstatements="139" conditionals="225" coveredconditionals="53" methods="41" coveredmethods="22"/>
      <file name="BookingController.ts" path="I:\9034\FringeOnlineBooking\backend\src\controllers\public\BookingController.ts">
        <metrics statements="96" coveredstatements="36" conditionals="58" coveredconditionals="24" methods="11" coveredmethods="6"/>
        <line num="2" count="1" type="stmt"/>
        <line num="3" count="1" type="stmt"/>
        <line num="4" count="1" type="stmt"/>
        <line num="5" count="1" type="stmt"/>
        <line num="6" count="1" type="stmt"/>
        <line num="7" count="1" type="stmt"/>
        <line num="9" count="1" type="stmt"/>
        <line num="10" count="1" type="stmt"/>
        <line num="11" count="1" type="stmt"/>
        <line num="13" count="1" type="stmt"/>
        <line num="18" count="0" type="stmt"/>
        <line num="19" count="0" type="stmt"/>
        <line num="20" count="0" type="cond" truecount="0" falsecount="4"/>
        <line num="22" count="0" type="cond" truecount="0" falsecount="1"/>
        <line num="23" count="0" type="stmt"/>
        <line num="34" count="0" type="stmt"/>
        <line num="52" count="0" type="stmt"/>
        <line num="58" count="0" type="stmt"/>
        <line num="59" count="0" type="stmt"/>
        <line num="71" count="1" type="stmt"/>
        <line num="72" count="1" type="cond" truecount="3" falsecount="1"/>
        <line num="73" count="1" type="cond" truecount="1" falsecount="0"/>
        <line num="74" count="1" type="stmt"/>
        <line num="80" count="0" type="stmt"/>
        <line num="81" count="0" type="stmt"/>
        <line num="90" count="0" type="stmt"/>
        <line num="95" count="0" type="stmt"/>
        <line num="96" count="0" type="stmt"/>
        <line num="105" count="0" type="stmt"/>
        <line num="111" count="0" type="stmt"/>
        <line num="112" count="0" type="cond" truecount="0" falsecount="1"/>
        <line num="113" count="0" type="stmt"/>
        <line num="119" count="0" type="stmt"/>
        <line num="131" count="1" type="stmt"/>
        <line num="132" count="1" type="stmt"/>
        <line num="133" count="1" type="cond" truecount="3" falsecount="1"/>
        <line num="135" count="1" type="cond" truecount="1" falsecount="0"/>
        <line num="136" count="1" type="stmt"/>
        <line num="147" count="0" type="stmt"/>
        <line num="166" count="0" type="stmt"/>
        <line num="172" count="0" type="stmt"/>
        <line num="173" count="0" type="stmt"/>
        <line num="185" count="1" type="stmt"/>
        <line num="186" count="1" type="stmt"/>
        <line num="187" count="1" type="cond" truecount="3" falsecount="1"/>
        <line num="189" count="1" type="cond" truecount="1" falsecount="0"/>
        <line num="190" count="1" type="stmt"/>
        <line num="196" count="0" type="stmt"/>
        <line num="197" count="0" type="stmt"/>
        <line num="207" count="0" type="stmt"/>
        <line num="214" count="0" type="stmt"/>
        <line num="220" count="0" type="stmt"/>
        <line num="221" count="0" type="cond" truecount="0" falsecount="1"/>
        <line num="222" count="0" type="stmt"/>
        <line num="228" count="0" type="stmt"/>
        <line num="240" count="1" type="stmt"/>
        <line num="241" count="1" type="cond" truecount="3" falsecount="1"/>
        <line num="242" count="1" type="cond" truecount="1" falsecount="0"/>
        <line num="243" count="1" type="stmt"/>
        <line num="249" count="0" type="stmt"/>
        <line num="250" count="0" type="stmt"/>
        <line num="257" count="0" type="stmt"/>
        <line num="280" count="0" type="stmt"/>
        <line num="286" count="0" type="stmt"/>
        <line num="287" count="0" type="cond" truecount="0" falsecount="1"/>
        <line num="288" count="0" type="stmt"/>
        <line num="294" count="0" type="stmt"/>
        <line num="306" count="0" type="stmt"/>
        <line num="307" count="0" type="cond" truecount="0" falsecount="4"/>
        <line num="308" count="0" type="cond" truecount="0" falsecount="1"/>
        <line num="309" count="0" type="stmt"/>
        <line num="312" count="0" type="stmt"/>
        <line num="315" count="0" type="stmt"/>
        <line num="321" count="0" type="stmt"/>
        <line num="329" count="1" type="stmt"/>
        <line num="330" count="1" type="cond" truecount="3" falsecount="1"/>
        <line num="331" count="1" type="cond" truecount="1" falsecount="0"/>
        <line num="332" count="1" type="stmt"/>
        <line num="334" count="0" type="stmt"/>
        <line num="337" count="0" type="stmt"/>
        <line num="338" count="0" type="stmt"/>
        <line num="344" count="0" type="stmt"/>
        <line num="352" count="0" type="stmt"/>
        <line num="353" count="0" type="cond" truecount="0" falsecount="4"/>
        <line num="354" count="0" type="cond" truecount="0" falsecount="1"/>
        <line num="355" count="0" type="stmt"/>
        <line num="357" count="0" type="stmt"/>
        <line num="359" count="0" type="stmt"/>
        <line num="365" count="0" type="stmt"/>
        <line num="373" count="1" type="stmt"/>
        <line num="374" count="1" type="cond" truecount="3" falsecount="1"/>
        <line num="375" count="1" type="cond" truecount="1" falsecount="0"/>
        <line num="376" count="1" type="stmt"/>
        <line num="378" count="0" type="stmt"/>
        <line num="380" count="0" type="stmt"/>
        <line num="386" count="0" type="stmt"/>
      </file>
      <file name="PaymentController.ts" path="I:\9034\FringeOnlineBooking\backend\src\controllers\public\PaymentController.ts">
        <metrics statements="51" coveredstatements="24" conditionals="36" coveredconditionals="9" methods="4" coveredmethods="4"/>
        <line num="2" count="1" type="stmt"/>
        <line num="3" count="1" type="stmt"/>
        <line num="4" count="1" type="stmt"/>
        <line num="5" count="1" type="stmt"/>
        <line num="6" count="1" type="stmt"/>
        <line num="8" count="1" type="stmt"/>
        <line num="9" count="1" type="stmt"/>
        <line num="11" count="1" type="stmt"/>
        <line num="16" count="1" type="stmt"/>
        <line num="17" count="1" type="cond" truecount="3" falsecount="1"/>
        <line num="18" count="1" type="cond" truecount="1" falsecount="0"/>
        <line num="19" count="1" type="stmt"/>
        <line num="25" count="0" type="stmt"/>
        <line num="26" count="0" type="stmt"/>
        <line num="35" count="0" type="stmt"/>
        <line num="47" count="0" type="stmt"/>
        <line num="53" count="0" type="stmt"/>
        <line num="54" count="0" type="cond" truecount="0" falsecount="1"/>
        <line num="55" count="0" type="stmt"/>
        <line num="61" count="0" type="stmt"/>
        <line num="73" count="1" type="stmt"/>
        <line num="74" count="1" type="stmt"/>
        <line num="75" count="0" type="cond" truecount="0" falsecount="4"/>
        <line num="77" count="0" type="cond" truecount="0" falsecount="1"/>
        <line num="78" count="0" type="stmt"/>
        <line num="84" count="0" type="stmt"/>
        <line num="85" count="0" type="stmt"/>
        <line num="94" count="0" type="stmt"/>
        <line num="105" count="0" type="stmt"/>
        <line num="111" count="1" type="stmt"/>
        <line num="112" count="1" type="cond" truecount="0" falsecount="1"/>
        <line num="113" count="0" type="stmt"/>
        <line num="119" count="1" type="stmt"/>
        <line num="131" count="1" type="stmt"/>
        <line num="132" count="1" type="stmt"/>
        <line num="133" count="0" type="cond" truecount="0" falsecount="4"/>
        <line num="134" count="0" type="stmt"/>
        <line num="136" count="0" type="cond" truecount="0" falsecount="4"/>
        <line num="137" count="0" type="cond" truecount="0" falsecount="1"/>
        <line num="138" count="0" type="stmt"/>
        <line num="143" count="0" type="stmt"/>
        <line num="149" count="1" type="stmt"/>
        <line num="157" count="1" type="stmt"/>
        <line num="158" count="1" type="cond" truecount="3" falsecount="1"/>
        <line num="159" count="1" type="cond" truecount="1" falsecount="0"/>
        <line num="160" count="1" type="stmt"/>
        <line num="162" count="0" type="stmt"/>
        <line num="163" count="0" type="cond" truecount="0" falsecount="4"/>
        <line num="164" count="0" type="stmt"/>
        <line num="167" count="0" type="stmt"/>
        <line num="173" count="0" type="stmt"/>
      </file>
      <file name="PublicEventController.ts" path="I:\9034\FringeOnlineBooking\backend\src\controllers\public\PublicEventController.ts">
        <metrics statements="24" coveredstatements="14" conditionals="11" coveredconditionals="1" methods="3" coveredmethods="3"/>
        <line num="4" count="1" type="stmt"/>
        <line num="5" count="1" type="stmt"/>
        <line num="7" count="1" type="stmt"/>
        <line num="9" count="1" type="stmt"/>
        <line num="14" count="1" type="stmt"/>
        <line num="15" count="1" type="cond" truecount="0" falsecount="2"/>
        <line num="16" count="0" type="stmt"/>
        <line num="17" count="0" type="cond" truecount="0" falsecount="1"/>
        <line num="18" count="0" type="cond" truecount="0" falsecount="1"/>
        <line num="19" count="0" type="cond" truecount="0" falsecount="1"/>
        <line num="20" count="0" type="stmt"/>
        <line num="26" count="0" type="stmt"/>
        <line num="40" count="1" type="stmt"/>
        <line num="48" count="1" type="stmt"/>
        <line num="49" count="1" type="stmt"/>
        <line num="58" count="0" type="stmt"/>
        <line num="107" count="0" type="stmt"/>
        <line num="113" count="1" type="stmt"/>
        <line num="114" count="1" type="stmt"/>
        <line num="126" count="1" type="stmt"/>
        <line num="127" count="1" type="cond" truecount="0" falsecount="2"/>
        <line num="131" count="0" type="stmt"/>
        <line num="140" count="0" type="stmt"/>
        <line num="154" count="1" type="stmt"/>
      </file>
      <file name="TicketController.ts" path="I:\9034\FringeOnlineBooking\backend\src\controllers\public\TicketController.ts">
        <metrics statements="111" coveredstatements="40" conditionals="60" coveredconditionals="12" methods="13" coveredmethods="7"/>
        <line num="2" count="1" type="stmt"/>
        <line num="3" count="1" type="stmt"/>
        <line num="4" count="1" type="stmt"/>
        <line num="5" count="1" type="stmt"/>
        <line num="6" count="1" type="stmt"/>
        <line num="7" count="1" type="stmt"/>
        <line num="12" count="1" type="stmt"/>
        <line num="14" count="1" type="stmt"/>
        <line num="15" count="1" type="stmt"/>
        <line num="16" count="1" type="stmt"/>
        <line num="18" count="1" type="stmt"/>
        <line num="23" count="1" type="stmt"/>
        <line num="24" count="1" type="stmt"/>
        <line num="25" count="0" type="stmt"/>
        <line num="28" count="0" type="cond" truecount="0" falsecount="4"/>
        <line num="29" count="0" type="cond" truecount="0" falsecount="1"/>
        <line num="30" count="0" type="stmt"/>
        <line num="37" count="0" type="stmt"/>
        <line num="38" count="0" type="cond" truecount="0" falsecount="1"/>
        <line num="39" count="0" type="stmt"/>
        <line num="45" count="0" type="cond" truecount="0" falsecount="1"/>
        <line num="46" count="0" type="stmt"/>
        <line num="53" count="0" type="cond" truecount="0" falsecount="3"/>
        <line num="54" count="0" type="stmt"/>
        <line num="55" count="0" type="cond" truecount="0" falsecount="1"/>
        <line num="56" count="0" type="stmt"/>
        <line num="63" count="0" type="stmt"/>
        <line num="70" count="0" type="cond" truecount="0" falsecount="1"/>
        <line num="71" count="0" type="stmt"/>
        <line num="79" count="0" type="stmt"/>
        <line num="80" count="0" type="stmt"/>
        <line num="83" count="0" type="cond" truecount="0" falsecount="2"/>
        <line num="85" count="0" type="stmt"/>
        <line num="86" count="0" type="stmt"/>
        <line num="94" count="0" type="stmt"/>
        <line num="100" count="0" type="stmt"/>
        <line num="101" count="0" type="stmt"/>
        <line num="108" count="0" type="stmt"/>
        <line num="112" count="0" type="stmt"/>
        <line num="116" count="0" type="stmt"/>
        <line num="128" count="1" type="stmt"/>
        <line num="129" count="1" type="cond" truecount="1" falsecount="0"/>
        <line num="130" count="1" type="stmt"/>
        <line num="136" count="0" type="stmt"/>
        <line num="148" count="2" type="stmt"/>
        <line num="149" count="2" type="stmt"/>
        <line num="150" count="0" type="stmt"/>
        <line num="153" count="0" type="cond" truecount="0" falsecount="4"/>
        <line num="154" count="0" type="cond" truecount="0" falsecount="1"/>
        <line num="155" count="0" type="stmt"/>
        <line num="162" count="0" type="stmt"/>
        <line num="174" count="0" type="stmt"/>
        <line num="176" count="0" type="stmt"/>
        <line num="180" count="0" type="stmt"/>
        <line num="199" count="2" type="stmt"/>
        <line num="200" count="2" type="cond" truecount="1" falsecount="0"/>
        <line num="201" count="2" type="stmt"/>
        <line num="207" count="0" type="stmt"/>
        <line num="219" count="1" type="stmt"/>
        <line num="220" count="1" type="stmt"/>
        <line num="223" count="0" type="cond" truecount="0" falsecount="4"/>
        <line num="224" count="0" type="cond" truecount="0" falsecount="1"/>
        <line num="225" count="0" type="stmt"/>
        <line num="231" count="0" type="stmt"/>
        <line num="236" count="0" type="cond" truecount="0" falsecount="1"/>
        <line num="237" count="0" type="stmt"/>
        <line num="243" count="0" type="stmt"/>
        <line num="261" count="1" type="stmt"/>
        <line num="262" count="1" type="stmt"/>
        <line num="274" count="1" type="stmt"/>
        <line num="275" count="1" type="stmt"/>
        <line num="276" count="0" type="stmt"/>
        <line num="277" count="0" type="stmt"/>
        <line num="280" count="0" type="cond" truecount="0" falsecount="4"/>
        <line num="281" count="0" type="cond" truecount="0" falsecount="1"/>
        <line num="282" count="0" type="stmt"/>
        <line num="288" count="0" type="stmt"/>
        <line num="293" count="0" type="cond" truecount="0" falsecount="1"/>
        <line num="294" count="0" type="stmt"/>
        <line num="301" count="0" type="cond" truecount="0" falsecount="1"/>
        <line num="302" count="0" type="stmt"/>
        <line num="309" count="0" type="cond" truecount="0" falsecount="1"/>
        <line num="310" count="0" type="stmt"/>
        <line num="317" count="0" type="cond" truecount="0" falsecount="2"/>
        <line num="320" count="0" type="stmt"/>
        <line num="321" count="0" type="stmt"/>
        <line num="322" count="0" type="stmt"/>
        <line num="323" count="0" type="stmt"/>
        <line num="327" count="0" type="stmt"/>
        <line num="338" count="1" type="stmt"/>
        <line num="339" count="1" type="cond" truecount="0" falsecount="1"/>
        <line num="340" count="0" type="stmt"/>
        <line num="346" count="1" type="stmt"/>
        <line num="358" count="1" type="stmt"/>
        <line num="359" count="1" type="cond" truecount="3" falsecount="1"/>
        <line num="360" count="1" type="cond" truecount="1" falsecount="0"/>
        <line num="361" count="1" type="stmt"/>
        <line num="363" count="0" type="stmt"/>
        <line num="366" count="0" type="stmt"/>
        <line num="372" count="0" type="stmt"/>
        <line num="380" count="1" type="stmt"/>
        <line num="381" count="1" type="cond" truecount="3" falsecount="1"/>
        <line num="382" count="1" type="cond" truecount="1" falsecount="0"/>
        <line num="383" count="1" type="stmt"/>
        <line num="386" count="0" type="stmt"/>
        <line num="388" count="0" type="stmt"/>
        <line num="398" count="0" type="stmt"/>
        <line num="400" count="0" type="stmt"/>
        <line num="408" count="1" type="stmt"/>
        <line num="410" count="1" type="stmt"/>
        <line num="412" count="0" type="stmt"/>
      </file>
      <file name="UserAuthController.ts" path="I:\9034\FringeOnlineBooking\backend\src\controllers\public\UserAuthController.ts">
        <metrics statements="136" coveredstatements="25" conditionals="60" coveredconditionals="7" methods="10" coveredmethods="2"/>
        <line num="1" count="1" type="stmt"/>
        <line num="2" count="1" type="stmt"/>
        <line num="3" count="1" type="stmt"/>
        <line num="5" count="1" type="stmt"/>
        <line num="6" count="1" type="stmt"/>
        <line num="7" count="1" type="stmt"/>
        <line num="15" count="1" type="stmt"/>
        <line num="18" count="1" type="stmt"/>
        <line num="20" count="1" type="cond" truecount="3" falsecount="0"/>
        <line num="23" count="1" type="stmt"/>
        <line num="28" count="3" type="stmt"/>
        <line num="29" count="3" type="stmt"/>
        <line num="32" count="3" type="cond" truecount="3" falsecount="0"/>
        <line num="33" count="1" type="stmt"/>
        <line num="40" count="2" type="stmt"/>
        <line num="41" count="2" type="cond" truecount="1" falsecount="0"/>
        <line num="42" count="1" type="stmt"/>
        <line num="49" count="1" type="cond" truecount="0" falsecount="1"/>
        <line num="50" count="0" type="stmt"/>
        <line num="57" count="1" type="stmt"/>
        <line num="58" count="1" type="cond" truecount="0" falsecount="1"/>
        <line num="59" count="0" type="stmt"/>
        <line num="66" count="1" type="stmt"/>
        <line num="69" count="1" type="stmt"/>
        <line num="77" count="1" type="stmt"/>
        <line num="80" count="1" type="stmt"/>
        <line num="86" count="1" type="stmt"/>
        <line num="100" count="0" type="stmt"/>
        <line num="101" count="0" type="stmt"/>
        <line num="113" count="0" type="stmt"/>
        <line num="114" count="0" type="stmt"/>
        <line num="117" count="0" type="cond" truecount="0" falsecount="3"/>
        <line num="118" count="0" type="stmt"/>
        <line num="125" count="0" type="stmt"/>
        <line num="126" count="0" type="cond" truecount="0" falsecount="1"/>
        <line num="127" count="0" type="stmt"/>
        <line num="134" count="0" type="stmt"/>
        <line num="135" count="0" type="cond" truecount="0" falsecount="1"/>
        <line num="136" count="0" type="stmt"/>
        <line num="143" count="0" type="stmt"/>
        <line num="150" count="0" type="stmt"/>
        <line num="151" count="0" type="stmt"/>
        <line num="153" count="0" type="stmt"/>
        <line num="167" count="0" type="stmt"/>
        <line num="168" count="0" type="stmt"/>
        <line num="180" count="0" type="stmt"/>
        <line num="181" count="0" type="stmt"/>
        <line num="182" count="0" type="stmt"/>
        <line num="184" count="0" type="stmt"/>
        <line num="185" count="0" type="cond" truecount="0" falsecount="1"/>
        <line num="187" count="0" type="stmt"/>
        <line num="194" count="0" type="stmt"/>
        <line num="198" count="0" type="stmt"/>
        <line num="203" count="0" type="stmt"/>
        <line num="204" count="0" type="cond" truecount="0" falsecount="1"/>
        <line num="205" count="0" type="stmt"/>
        <line num="211" count="0" type="stmt"/>
        <line num="223" count="0" type="stmt"/>
        <line num="224" count="0" type="stmt"/>
        <line num="225" count="0" type="stmt"/>
        <line num="228" count="0" type="stmt"/>
        <line num="230" count="0" type="stmt"/>
        <line num="231" count="0" type="cond" truecount="0" falsecount="1"/>
        <line num="232" count="0" type="stmt"/>
        <line num="239" count="0" type="stmt"/>
        <line num="242" count="0" type="stmt"/>
        <line num="243" count="0" type="stmt"/>
        <line num="245" count="0" type="stmt"/>
        <line num="250" count="0" type="stmt"/>
        <line num="251" count="0" type="cond" truecount="0" falsecount="1"/>
        <line num="252" count="0" type="stmt"/>
        <line num="258" count="0" type="stmt"/>
        <line num="270" count="0" type="stmt"/>
        <line num="271" count="0" type="stmt"/>
        <line num="272" count="0" type="stmt"/>
        <line num="275" count="0" type="stmt"/>
        <line num="277" count="0" type="stmt"/>
        <line num="278" count="0" type="cond" truecount="0" falsecount="1"/>
        <line num="279" count="0" type="stmt"/>
        <line num="286" count="0" type="stmt"/>
        <line num="287" count="0" type="stmt"/>
        <line num="289" count="0" type="stmt"/>
        <line num="294" count="0" type="stmt"/>
        <line num="295" count="0" type="cond" truecount="0" falsecount="1"/>
        <line num="296" count="0" type="stmt"/>
        <line num="302" count="0" type="stmt"/>
        <line num="314" count="0" type="stmt"/>
        <line num="315" count="0" type="stmt"/>
        <line num="316" count="0" type="cond" truecount="0" falsecount="4"/>
        <line num="317" count="0" type="stmt"/>
        <line num="321" count="0" type="stmt"/>
        <line num="322" count="0" type="stmt"/>
        <line num="328" count="0" type="stmt"/>
        <line num="336" count="0" type="stmt"/>
        <line num="337" count="0" type="cond" truecount="0" falsecount="4"/>
        <line num="338" count="0" type="cond" truecount="0" falsecount="1"/>
        <line num="339" count="0" type="stmt"/>
        <line num="341" count="0" type="stmt"/>
        <line num="342" count="0" type="cond" truecount="0" falsecount="1"/>
        <line num="343" count="0" type="stmt"/>
        <line num="345" count="0" type="stmt"/>
        <line num="346" count="0" type="stmt"/>
        <line num="348" count="0" type="stmt"/>
        <line num="356" count="0" type="stmt"/>
        <line num="357" count="0" type="cond" truecount="0" falsecount="4"/>
        <line num="358" count="0" type="cond" truecount="0" falsecount="1"/>
        <line num="359" count="0" type="stmt"/>
        <line num="361" count="0" type="stmt"/>
        <line num="362" count="0" type="stmt"/>
        <line num="363" count="0" type="cond" truecount="0" falsecount="1"/>
        <line num="364" count="0" type="stmt"/>
        <line num="366" count="0" type="cond" truecount="0" falsecount="1"/>
        <line num="367" count="0" type="cond" truecount="0" falsecount="1"/>
        <line num="368" count="0" type="cond" truecount="0" falsecount="1"/>
        <line num="369" count="0" type="cond" truecount="0" falsecount="1"/>
        <line num="370" count="0" type="stmt"/>
        <line num="371" count="0" type="stmt"/>
        <line num="372" count="0" type="stmt"/>
        <line num="374" count="0" type="stmt"/>
        <line num="382" count="0" type="stmt"/>
        <line num="383" count="0" type="cond" truecount="0" falsecount="4"/>
        <line num="384" count="0" type="cond" truecount="0" falsecount="1"/>
        <line num="385" count="0" type="stmt"/>
        <line num="387" count="0" type="stmt"/>
        <line num="388" count="0" type="cond" truecount="0" falsecount="3"/>
        <line num="389" count="0" type="stmt"/>
        <line num="391" count="0" type="stmt"/>
        <line num="392" count="0" type="cond" truecount="0" falsecount="1"/>
        <line num="393" count="0" type="stmt"/>
        <line num="395" count="0" type="stmt"/>
        <line num="396" count="0" type="cond" truecount="0" falsecount="1"/>
        <line num="397" count="0" type="stmt"/>
        <line num="399" count="0" type="stmt"/>
        <line num="400" count="0" type="stmt"/>
        <line num="401" count="0" type="stmt"/>
        <line num="403" count="0" type="stmt"/>
      </file>
    </package>
    <package name="entities">
      <metrics statements="208" coveredstatements="183" conditionals="12" coveredconditionals="12" methods="53" coveredmethods="6"/>
      <file name="Booking.ts" path="I:\9034\FringeOnlineBooking\backend\src\entities\Booking.ts">
        <metrics statements="24" coveredstatements="21" conditionals="2" coveredconditionals="2" methods="7" coveredmethods="1"/>
        <line num="1" count="16" type="stmt"/>
        <line num="2" count="16" type="stmt"/>
        <line num="3" count="16" type="stmt"/>
        <line num="4" count="16" type="stmt"/>
        <line num="6" count="16" type="cond" truecount="2" falsecount="0"/>
        <line num="7" count="16" type="stmt"/>
        <line num="8" count="16" type="stmt"/>
        <line num="9" count="16" type="stmt"/>
        <line num="10" count="16" type="stmt"/>
        <line num="14" count="16" type="stmt"/>
        <line num="16" count="16" type="stmt"/>
        <line num="18" count="0" type="stmt"/>
        <line num="19" count="16" type="stmt"/>
        <line num="21" count="0" type="stmt"/>
        <line num="22" count="16" type="stmt"/>
        <line num="24" count="0" type="stmt"/>
        <line num="25" count="16" type="stmt"/>
        <line num="32" count="16" type="stmt"/>
        <line num="35" count="16" type="stmt"/>
        <line num="42" count="16" type="stmt"/>
        <line num="45" count="16" type="stmt"/>
        <line num="48" count="16" type="stmt"/>
        <line num="51" count="16" type="stmt"/>
        <line num="54" count="16" type="stmt"/>
      </file>
      <file name="Event.ts" path="I:\9034\FringeOnlineBooking\backend\src\entities\Event.ts">
        <metrics statements="40" coveredstatements="35" conditionals="2" coveredconditionals="2" methods="11" coveredmethods="1"/>
        <line num="1" count="16" type="stmt"/>
        <line num="2" count="16" type="stmt"/>
        <line num="3" count="16" type="stmt"/>
        <line num="4" count="16" type="stmt"/>
        <line num="5" count="16" type="stmt"/>
        <line num="6" count="16" type="stmt"/>
        <line num="11" count="16" type="cond" truecount="2" falsecount="0"/>
        <line num="12" count="16" type="stmt"/>
        <line num="13" count="16" type="stmt"/>
        <line num="14" count="16" type="stmt"/>
        <line num="15" count="16" type="stmt"/>
        <line num="16" count="16" type="stmt"/>
        <line num="20" count="16" type="stmt"/>
        <line num="22" count="16" type="stmt"/>
        <line num="25" count="16" type="stmt"/>
        <line num="28" count="16" type="stmt"/>
        <line num="31" count="16" type="stmt"/>
        <line num="34" count="16" type="stmt"/>
        <line num="36" count="0" type="stmt"/>
        <line num="37" count="16" type="stmt"/>
        <line num="39" count="0" type="stmt"/>
        <line num="40" count="16" type="stmt"/>
        <line num="43" count="16" type="stmt"/>
        <line num="46" count="16" type="stmt"/>
        <line num="49" count="16" type="stmt"/>
        <line num="52" count="16" type="stmt"/>
        <line num="55" count="16" type="stmt"/>
        <line num="58" count="16" type="stmt"/>
        <line num="75" count="0" type="stmt"/>
        <line num="76" count="16" type="stmt"/>
        <line num="79" count="16" type="stmt"/>
        <line num="82" count="16" type="stmt"/>
        <line num="85" count="16" type="stmt"/>
        <line num="92" count="16" type="stmt"/>
        <line num="94" count="0" type="stmt"/>
        <line num="95" count="16" type="stmt"/>
        <line num="97" count="0" type="stmt"/>
        <line num="98" count="16" type="stmt"/>
        <line num="101" count="16" type="stmt"/>
        <line num="104" count="16" type="stmt"/>
      </file>
      <file name="EventCategory.ts" path="I:\9034\FringeOnlineBooking\backend\src\entities\EventCategory.ts">
        <metrics statements="7" coveredstatements="6" conditionals="0" coveredconditionals="0" methods="2" coveredmethods="0"/>
        <line num="3" count="16" type="stmt"/>
        <line num="4" count="16" type="stmt"/>
        <line num="10" count="16" type="stmt"/>
        <line num="12" count="16" type="stmt"/>
        <line num="15" count="16" type="stmt"/>
        <line num="17" count="0" type="stmt"/>
        <line num="18" count="16" type="stmt"/>
      </file>
      <file name="Message.ts" path="I:\9034\FringeOnlineBooking\backend\src\entities\Message.ts">
        <metrics statements="10" coveredstatements="8" conditionals="0" coveredconditionals="0" methods="4" coveredmethods="0"/>
        <line num="1" count="16" type="stmt"/>
        <line num="2" count="16" type="stmt"/>
        <line num="5" count="16" type="stmt"/>
        <line num="7" count="16" type="stmt"/>
        <line num="9" count="0" type="stmt"/>
        <line num="10" count="16" type="stmt"/>
        <line num="12" count="0" type="stmt"/>
        <line num="13" count="16" type="stmt"/>
        <line num="16" count="16" type="stmt"/>
        <line num="19" count="16" type="stmt"/>
      </file>
      <file name="Payment.ts" path="I:\9034\FringeOnlineBooking\backend\src\entities\Payment.ts">
        <metrics statements="16" coveredstatements="14" conditionals="0" coveredconditionals="0" methods="2" coveredmethods="0"/>
        <line num="3" count="2" type="stmt"/>
        <line num="13" count="2" type="stmt"/>
        <line num="14" count="2" type="stmt"/>
        <line num="20" count="2" type="stmt"/>
        <line num="22" count="2" type="stmt"/>
        <line num="24" count="0" type="stmt"/>
        <line num="25" count="2" type="stmt"/>
        <line num="27" count="0" type="stmt"/>
        <line num="29" count="2" type="stmt"/>
        <line num="32" count="2" type="stmt"/>
        <line num="35" count="2" type="stmt"/>
        <line num="38" count="2" type="stmt"/>
        <line num="41" count="2" type="stmt"/>
        <line num="44" count="2" type="stmt"/>
        <line num="47" count="2" type="stmt"/>
        <line num="50" count="2" type="stmt"/>
      </file>
      <file name="Seat.ts" path="I:\9034\FringeOnlineBooking\backend\src\entities\Seat.ts">
        <metrics statements="25" coveredstatements="23" conditionals="2" coveredconditionals="2" methods="4" coveredmethods="1"/>
        <line num="3" count="16" type="stmt"/>
        <line num="4" count="16" type="stmt"/>
        <line num="5" count="16" type="stmt"/>
        <line num="10" count="16" type="cond" truecount="2" falsecount="0"/>
        <line num="11" count="16" type="stmt"/>
        <line num="12" count="16" type="stmt"/>
        <line num="13" count="16" type="stmt"/>
        <line num="14" count="16" type="stmt"/>
        <line num="21" count="16" type="stmt"/>
        <line num="23" count="16" type="stmt"/>
        <line num="26" count="16" type="stmt"/>
        <line num="29" count="16" type="stmt"/>
        <line num="32" count="16" type="stmt"/>
        <line num="35" count="16" type="stmt"/>
        <line num="42" count="16" type="stmt"/>
        <line num="45" count="16" type="stmt"/>
        <line num="48" count="16" type="stmt"/>
        <line num="56" count="16" type="stmt"/>
        <line num="59" count="16" type="stmt"/>
        <line num="61" count="0" type="stmt"/>
        <line num="62" count="16" type="stmt"/>
        <line num="64" count="0" type="stmt"/>
        <line num="65" count="16" type="stmt"/>
        <line num="68" count="16" type="stmt"/>
        <line num="71" count="16" type="stmt"/>
      </file>
      <file name="Ticket.ts" path="I:\9034\FringeOnlineBooking\backend\src\entities\Ticket.ts">
        <metrics statements="36" coveredstatements="33" conditionals="4" coveredconditionals="4" methods="8" coveredmethods="2"/>
        <line num="3" count="16" type="stmt"/>
        <line num="11" count="16" type="stmt"/>
        <line num="12" count="16" type="stmt"/>
        <line num="13" count="16" type="stmt"/>
        <line num="15" count="16" type="cond" truecount="2" falsecount="0"/>
        <line num="16" count="16" type="stmt"/>
        <line num="17" count="16" type="stmt"/>
        <line num="18" count="16" type="stmt"/>
        <line num="19" count="16" type="stmt"/>
        <line num="22" count="16" type="cond" truecount="2" falsecount="0"/>
        <line num="23" count="16" type="stmt"/>
        <line num="24" count="16" type="stmt"/>
        <line num="25" count="16" type="stmt"/>
        <line num="26" count="16" type="stmt"/>
        <line num="33" count="16" type="stmt"/>
        <line num="35" count="16" type="stmt"/>
        <line num="37" count="0" type="stmt"/>
        <line num="38" count="16" type="stmt"/>
        <line num="40" count="0" type="stmt"/>
        <line num="41" count="16" type="stmt"/>
        <line num="43" count="0" type="stmt"/>
        <line num="44" count="16" type="stmt"/>
        <line num="51" count="16" type="stmt"/>
        <line num="54" count="16" type="stmt"/>
        <line num="61" count="16" type="stmt"/>
        <line num="64" count="16" type="stmt"/>
        <line num="67" count="16" type="stmt"/>
        <line num="70" count="16" type="stmt"/>
        <line num="73" count="16" type="stmt"/>
        <line num="76" count="16" type="stmt"/>
        <line num="79" count="16" type="stmt"/>
        <line num="82" count="16" type="stmt"/>
        <line num="85" count="16" type="stmt"/>
        <line num="88" count="16" type="stmt"/>
        <line num="91" count="16" type="stmt"/>
        <line num="94" count="16" type="stmt"/>
      </file>
      <file name="User.ts" path="I:\9034\FringeOnlineBooking\backend\src\entities\User.ts">
        <metrics statements="39" coveredstatements="34" conditionals="2" coveredconditionals="2" methods="11" coveredmethods="1"/>
        <line num="1" count="16" type="stmt"/>
        <line num="9" count="16" type="stmt"/>
        <line num="10" count="16" type="stmt"/>
        <line num="11" count="16" type="stmt"/>
        <line num="12" count="16" type="stmt"/>
        <line num="17" count="16" type="cond" truecount="2" falsecount="0"/>
        <line num="18" count="16" type="stmt"/>
        <line num="19" count="16" type="stmt"/>
        <line num="20" count="16" type="stmt"/>
        <line num="24" count="16" type="stmt"/>
        <line num="27" count="16" type="stmt"/>
        <line num="31" count="16" type="stmt"/>
        <line num="35" count="16" type="stmt"/>
        <line num="43" count="16" type="stmt"/>
        <line num="47" count="16" type="stmt"/>
        <line num="51" count="16" type="stmt"/>
        <line num="55" count="16" type="stmt"/>
        <line num="59" count="16" type="stmt"/>
        <line num="63" count="16" type="stmt"/>
        <line num="67" count="16" type="stmt"/>
        <line num="71" count="16" type="stmt"/>
        <line num="75" count="16" type="stmt"/>
        <line num="78" count="0" type="stmt"/>
        <line num="79" count="16" type="stmt"/>
        <line num="83" count="16" type="stmt"/>
        <line num="86" count="0" type="stmt"/>
        <line num="87" count="16" type="stmt"/>
        <line num="90" count="0" type="stmt"/>
        <line num="91" count="16" type="stmt"/>
        <line num="95" count="16" type="stmt"/>
        <line num="99" count="16" type="stmt"/>
        <line num="103" count="16" type="stmt"/>
        <line num="107" count="16" type="stmt"/>
        <line num="111" count="16" type="stmt"/>
        <line num="115" count="16" type="stmt"/>
        <line num="118" count="0" type="stmt"/>
        <line num="119" count="16" type="stmt"/>
        <line num="122" count="0" type="stmt"/>
        <line num="123" count="16" type="stmt"/>
      </file>
      <file name="Venue.ts" path="I:\9034\FringeOnlineBooking\backend\src\entities\Venue.ts">
        <metrics statements="11" coveredstatements="9" conditionals="0" coveredconditionals="0" methods="4" coveredmethods="0"/>
        <line num="3" count="16" type="stmt"/>
        <line num="4" count="16" type="stmt"/>
        <line num="5" count="16" type="stmt"/>
        <line num="11" count="16" type="stmt"/>
        <line num="13" count="16" type="stmt"/>
        <line num="16" count="16" type="stmt"/>
        <line num="19" count="16" type="stmt"/>
        <line num="21" count="0" type="stmt"/>
        <line num="22" count="16" type="stmt"/>
        <line num="24" count="0" type="stmt"/>
        <line num="25" count="16" type="stmt"/>
      </file>
    </package>
    <package name="schemas">
      <metrics statements="31" coveredstatements="31" conditionals="0" coveredconditionals="0" methods="0" coveredmethods="0"/>
      <file name="admin.ts" path="I:\9034\FringeOnlineBooking\backend\src\schemas\admin.ts">
        <metrics statements="12" coveredstatements="12" conditionals="0" coveredconditionals="0" methods="0" coveredmethods="0"/>
        <line num="1" count="4" type="stmt"/>
        <line num="4" count="4" type="stmt"/>
        <line num="10" count="4" type="stmt"/>
        <line num="22" count="4" type="stmt"/>
        <line num="25" count="4" type="stmt"/>
        <line num="33" count="4" type="stmt"/>
        <line num="36" count="4" type="stmt"/>
        <line num="46" count="4" type="stmt"/>
        <line num="50" count="4" type="stmt"/>
        <line num="55" count="4" type="stmt"/>
        <line num="61" count="4" type="stmt"/>
        <line num="67" count="4" type="stmt"/>
      </file>
      <file name="auth.ts" path="I:\9034\FringeOnlineBooking\backend\src\schemas\auth.ts">
        <metrics statements="7" coveredstatements="7" conditionals="0" coveredconditionals="0" methods="0" coveredmethods="0"/>
        <line num="1" count="1" type="stmt"/>
        <line num="3" count="1" type="stmt"/>
        <line num="5" count="1" type="stmt"/>
        <line num="15" count="1" type="stmt"/>
        <line num="20" count="1" type="stmt"/>
        <line num="24" count="1" type="stmt"/>
        <line num="31" count="1" type="stmt"/>
      </file>
      <file name="booking.ts" path="I:\9034\FringeOnlineBooking\backend\src\schemas\booking.ts">
        <metrics statements="4" coveredstatements="4" conditionals="0" coveredconditionals="0" methods="0" coveredmethods="0"/>
        <line num="1" count="1" type="stmt"/>
        <line num="3" count="1" type="stmt"/>
        <line num="10" count="1" type="stmt"/>
        <line num="14" count="1" type="stmt"/>
      </file>
      <file name="payment.ts" path="I:\9034\FringeOnlineBooking\backend\src\schemas\payment.ts">
        <metrics statements="3" coveredstatements="3" conditionals="0" coveredconditionals="0" methods="0" coveredmethods="0"/>
        <line num="1" count="1" type="stmt"/>
        <line num="3" count="1" type="stmt"/>
        <line num="11" count="1" type="stmt"/>
      </file>
      <file name="ticket.ts" path="I:\9034\FringeOnlineBooking\backend\src\schemas\ticket.ts">
        <metrics statements="5" coveredstatements="5" conditionals="0" coveredconditionals="0" methods="0" coveredmethods="0"/>
        <line num="1" count="1" type="stmt"/>
        <line num="2" count="1" type="stmt"/>
        <line num="4" count="1" type="stmt"/>
        <line num="11" count="1" type="stmt"/>
        <line num="19" count="1" type="stmt"/>
      </file>
    </package>
    <package name="services">
      <metrics statements="212" coveredstatements="212" conditionals="58" coveredconditionals="56" methods="27" coveredmethods="27"/>
      <file name="AuthService.ts" path="I:\9034\FringeOnlineBooking\backend\src\services\AuthService.ts">
        <metrics statements="47" coveredstatements="47" conditionals="17" coveredconditionals="16" methods="6" coveredmethods="6"/>
        <line num="1" count="1" type="stmt"/>
        <line num="2" count="1" type="stmt"/>
        <line num="4" count="1" type="stmt"/>
        <line num="5" count="1" type="stmt"/>
        <line num="20" count="1" type="stmt"/>
        <line num="24" count="15" type="stmt"/>
        <line num="28" count="3" type="stmt"/>
        <line num="29" count="3" type="cond" truecount="1" falsecount="0"/>
        <line num="30" count="1" type="stmt"/>
        <line num="33" count="2" type="cond" truecount="1" falsecount="0"/>
        <line num="34" count="1" type="stmt"/>
        <line num="37" count="1" type="stmt"/>
        <line num="39" count="1" type="stmt"/>
        <line num="40" count="1" type="stmt"/>
        <line num="46" count="1" type="stmt"/>
        <line num="50" count="3" type="stmt"/>
        <line num="51" count="3" type="cond" truecount="1" falsecount="0"/>
        <line num="52" count="1" type="stmt"/>
        <line num="55" count="2" type="stmt"/>
        <line num="56" count="2" type="cond" truecount="1" falsecount="0"/>
        <line num="57" count="1" type="stmt"/>
        <line num="60" count="1" type="stmt"/>
        <line num="66" count="1" type="stmt"/>
        <line num="70" count="2" type="stmt"/>
        <line num="71" count="2" type="cond" truecount="1" falsecount="0"/>
        <line num="72" count="1" type="stmt"/>
        <line num="75" count="1" type="stmt"/>
        <line num="79" count="3" type="stmt"/>
        <line num="80" count="3" type="cond" truecount="1" falsecount="0"/>
        <line num="81" count="1" type="stmt"/>
        <line num="84" count="2" type="cond" truecount="3" falsecount="0"/>
        <line num="85" count="1" type="stmt"/>
        <line num="86" count="1" type="cond" truecount="1" falsecount="0"/>
        <line num="87" count="1" type="stmt"/>
        <line num="91" count="1" type="stmt"/>
        <line num="92" count="1" type="stmt"/>
        <line num="96" count="4" type="stmt"/>
        <line num="97" count="4" type="cond" truecount="1" falsecount="0"/>
        <line num="98" count="1" type="stmt"/>
        <line num="101" count="3" type="stmt"/>
        <line num="102" count="3" type="cond" truecount="1" falsecount="0"/>
        <line num="103" count="1" type="stmt"/>
        <line num="106" count="2" type="cond" truecount="1" falsecount="0"/>
        <line num="107" count="1" type="stmt"/>
        <line num="110" count="1" type="stmt"/>
        <line num="111" count="1" type="stmt"/>
        <line num="112" count="1" type="stmt"/>
      </file>
      <file name="BookingService.ts" path="I:\9034\FringeOnlineBooking\backend\src\services\BookingService.ts">
        <metrics statements="58" coveredstatements="58" conditionals="10" coveredconditionals="10" methods="8" coveredmethods="8"/>
        <line num="1" count="1" type="stmt"/>
        <line num="2" count="1" type="stmt"/>
        <line num="3" count="1" type="stmt"/>
        <line num="4" count="1" type="stmt"/>
        <line num="5" count="1" type="stmt"/>
        <line num="8" count="1" type="stmt"/>
        <line num="15" count="15" type="stmt"/>
        <line num="16" count="15" type="stmt"/>
        <line num="17" count="15" type="stmt"/>
        <line num="18" count="15" type="stmt"/>
        <line num="22" count="4" type="stmt"/>
        <line num="23" count="4" type="cond" truecount="1" falsecount="0"/>
        <line num="24" count="1" type="stmt"/>
        <line num="27" count="3" type="stmt"/>
        <line num="28" count="3" type="cond" truecount="1" falsecount="0"/>
        <line num="29" count="1" type="stmt"/>
        <line num="32" count="2" type="cond" truecount="1" falsecount="0"/>
        <line num="33" count="1" type="stmt"/>
        <line num="36" count="1" type="stmt"/>
        <line num="44" count="1" type="stmt"/>
        <line num="47" count="1" type="stmt"/>
        <line num="48" count="2" type="stmt"/>
        <line num="58" count="1" type="stmt"/>
        <line num="61" count="1" type="stmt"/>
        <line num="62" count="1" type="stmt"/>
        <line num="63" count="1" type="stmt"/>
        <line num="65" count="1" type="stmt"/>
        <line num="69" count="2" type="stmt"/>
        <line num="74" count="2" type="cond" truecount="1" falsecount="0"/>
        <line num="75" count="1" type="stmt"/>
        <line num="78" count="1" type="stmt"/>
        <line num="82" count="1" type="stmt"/>
        <line num="90" count="4" type="stmt"/>
        <line num="95" count="4" type="cond" truecount="1" falsecount="0"/>
        <line num="96" count="1" type="stmt"/>
        <line num="99" count="3" type="cond" truecount="1" falsecount="0"/>
        <line num="100" count="1" type="stmt"/>
        <line num="103" count="2" type="cond" truecount="1" falsecount="0"/>
        <line num="104" count="1" type="stmt"/>
        <line num="107" count="1" type="stmt"/>
        <line num="108" count="1" type="stmt"/>
        <line num="111" count="1" type="stmt"/>
        <line num="112" count="1" type="stmt"/>
        <line num="113" count="1" type="stmt"/>
        <line num="114" count="1" type="stmt"/>
        <line num="117" count="1" type="stmt"/>
        <line num="118" count="2" type="stmt"/>
        <line num="120" count="1" type="stmt"/>
        <line num="122" count="1" type="stmt"/>
        <line num="126" count="4" type="stmt"/>
        <line num="130" count="4" type="cond" truecount="1" falsecount="0"/>
        <line num="131" count="1" type="stmt"/>
        <line num="134" count="3" type="cond" truecount="1" falsecount="0"/>
        <line num="135" count="1" type="stmt"/>
        <line num="138" count="2" type="cond" truecount="1" falsecount="0"/>
        <line num="139" count="1" type="stmt"/>
        <line num="142" count="1" type="stmt"/>
        <line num="143" count="1" type="stmt"/>
      </file>
      <file name="EventService.ts" path="I:\9034\FringeOnlineBooking\backend\src\services\EventService.ts">
        <metrics statements="46" coveredstatements="46" conditionals="21" coveredconditionals="20" methods="7" coveredmethods="7"/>
        <line num="1" count="1" type="stmt"/>
        <line num="2" count="1" type="stmt"/>
        <line num="3" count="1" type="stmt"/>
        <line num="29" count="1" type="stmt"/>
        <line num="34" count="17" type="stmt"/>
        <line num="35" count="17" type="stmt"/>
        <line num="39" count="4" type="stmt"/>
        <line num="40" count="4" type="cond" truecount="1" falsecount="0"/>
        <line num="41" count="1" type="stmt"/>
        <line num="44" count="3" type="cond" truecount="1" falsecount="0"/>
        <line num="45" count="1" type="stmt"/>
        <line num="48" count="2" type="cond" truecount="1" falsecount="0"/>
        <line num="49" count="1" type="stmt"/>
        <line num="52" count="1" type="stmt"/>
        <line num="53" count="1" type="stmt"/>
        <line num="61" count="1" type="stmt"/>
        <line num="65" count="5" type="stmt"/>
        <line num="70" count="5" type="cond" truecount="1" falsecount="0"/>
        <line num="71" count="1" type="stmt"/>
        <line num="74" count="4" type="cond" truecount="1" falsecount="0"/>
        <line num="75" count="1" type="stmt"/>
        <line num="78" count="3" type="cond" truecount="3" falsecount="0"/>
        <line num="79" count="1" type="stmt"/>
        <line num="82" count="2" type="cond" truecount="4" falsecount="0"/>
        <line num="83" count="1" type="stmt"/>
        <line num="86" count="1" type="stmt"/>
        <line num="87" count="1" type="stmt"/>
        <line num="91" count="2" type="stmt"/>
        <line num="96" count="2" type="cond" truecount="1" falsecount="0"/>
        <line num="97" count="1" type="stmt"/>
        <line num="100" count="1" type="stmt"/>
        <line num="103" count="2" type="cond" truecount="0" falsecount="1"/>
        <line num="109" count="2" type="cond" truecount="2" falsecount="0"/>
        <line num="110" count="2" type="stmt"/>
        <line num="112" count="2" type="stmt"/>
        <line num="113" count="2" type="cond" truecount="1" falsecount="0"/>
        <line num="114" count="2" type="cond" truecount="1" falsecount="0"/>
        <line num="116" count="2" type="stmt"/>
        <line num="126" count="4" type="stmt"/>
        <line num="131" count="4" type="cond" truecount="1" falsecount="0"/>
        <line num="132" count="1" type="stmt"/>
        <line num="135" count="3" type="cond" truecount="1" falsecount="0"/>
        <line num="136" count="1" type="stmt"/>
        <line num="139" count="2" type="cond" truecount="1" falsecount="0"/>
        <line num="140" count="1" type="stmt"/>
        <line num="143" count="1" type="stmt"/>
      </file>
      <file name="TicketService.ts" path="I:\9034\FringeOnlineBooking\backend\src\services\TicketService.ts">
        <metrics statements="61" coveredstatements="61" conditionals="10" coveredconditionals="10" methods="6" coveredmethods="6"/>
        <line num="2" count="1" type="stmt"/>
        <line num="3" count="1" type="stmt"/>
        <line num="4" count="1" type="stmt"/>
        <line num="5" count="1" type="stmt"/>
        <line num="6" count="1" type="stmt"/>
        <line num="7" count="1" type="stmt"/>
        <line num="9" count="1" type="stmt"/>
        <line num="15" count="14" type="stmt"/>
        <line num="16" count="14" type="stmt"/>
        <line num="17" count="14" type="stmt"/>
        <line num="21" count="4" type="stmt"/>
        <line num="22" count="4" type="cond" truecount="1" falsecount="0"/>
        <line num="23" count="1" type="stmt"/>
        <line num="26" count="3" type="stmt"/>
        <line num="27" count="3" type="cond" truecount="1" falsecount="0"/>
        <line num="28" count="1" type="stmt"/>
        <line num="32" count="2" type="cond" truecount="1" falsecount="0"/>
        <line num="33" count="1" type="stmt"/>
        <line num="37" count="1" type="stmt"/>
        <line num="40" count="1" type="stmt"/>
        <line num="47" count="1" type="stmt"/>
        <line num="50" count="1" type="stmt"/>
        <line num="62" count="1" type="stmt"/>
        <line num="63" count="1" type="stmt"/>
        <line num="64" count="1" type="cond" truecount="1" falsecount="0"/>
        <line num="65" count="1" type="stmt"/>
        <line num="68" count="1" type="stmt"/>
        <line num="69" count="1" type="stmt"/>
        <line num="73" count="4" type="stmt"/>
        <line num="74" count="4" type="cond" truecount="1" falsecount="0"/>
        <line num="75" count="1" type="stmt"/>
        <line num="78" count="3" type="cond" truecount="1" falsecount="0"/>
        <line num="79" count="1" type="stmt"/>
        <line num="82" count="2" type="cond" truecount="1" falsecount="0"/>
        <line num="83" count="1" type="stmt"/>
        <line num="87" count="1" type="stmt"/>
        <line num="88" count="1" type="stmt"/>
        <line num="89" count="1" type="stmt"/>
        <line num="90" count="1" type="stmt"/>
        <line num="91" count="1" type="stmt"/>
        <line num="93" count="1" type="stmt"/>
        <line num="97" count="2" type="stmt"/>
        <line num="102" count="2" type="cond" truecount="1" falsecount="0"/>
        <line num="103" count="1" type="stmt"/>
        <line num="106" count="1" type="stmt"/>
        <line num="110" count="1" type="stmt"/>
        <line num="118" count="3" type="stmt"/>
        <line num="123" count="3" type="cond" truecount="1" falsecount="0"/>
        <line num="124" count="1" type="stmt"/>
        <line num="127" count="2" type="cond" truecount="1" falsecount="0"/>
        <line num="128" count="1" type="stmt"/>
        <line num="131" count="1" type="stmt"/>
        <line num="132" count="1" type="stmt"/>
        <line num="133" count="1" type="stmt"/>
        <line num="134" count="1" type="stmt"/>
        <line num="137" count="1" type="stmt"/>
        <line num="138" count="1" type="stmt"/>
        <line num="139" count="1" type="stmt"/>
        <line num="140" count="1" type="stmt"/>
        <line num="142" count="1" type="stmt"/>
        <line num="143" count="1" type="stmt"/>
      </file>
    </package>
    <package name="utils">
      <metrics statements="8" coveredstatements="5" conditionals="0" coveredconditionals="0" methods="2" coveredmethods="1"/>
      <file name="jwt.ts" path="I:\9034\FringeOnlineBooking\backend\src\utils\jwt.ts">
        <metrics statements="8" coveredstatements="5" conditionals="0" coveredconditionals="0" methods="2" coveredmethods="1"/>
        <line num="1" count="1" type="stmt"/>
        <line num="2" count="1" type="stmt"/>
        <line num="6" count="1" type="stmt"/>
        <line num="7" count="1" type="stmt"/>
        <line num="10" count="1" type="stmt"/>
        <line num="11" count="0" type="stmt"/>
        <line num="12" count="0" type="stmt"/>
        <line num="14" count="0" type="stmt"/>
      </file>
    </package>
  </project>
</coverage>
