{"I:\\9034\\FringeOnlineBooking\\backend\\src\\config\\auth.ts": {"path":"I:\\9034\\FringeOnlineBooking\\backend\\src\\config\\auth.ts","statementMap":{"0":{"start":{"line":1,"column":0},"end":{"line":1,"column":23}},"1":{"start":{"line":3,"column":13},"end":{"line":9,"column":2}}},"fnMap":{},"branchMap":{"0":{"loc":{"start":{"line":4,"column":15},"end":{"line":4,"column":85}},"type":"binary-expr","locations":[{"start":{"line":4,"column":15},"end":{"line":4,"column":37}},{"start":{"line":4,"column":41},"end":{"line":4,"column":85}}]},"1":{"loc":{"start":{"line":5,"column":18},"end":{"line":5,"column":53}},"type":"binary-expr","locations":[{"start":{"line":5,"column":18},"end":{"line":5,"column":44}},{"start":{"line":5,"column":48},"end":{"line":5,"column":53}}]}},"s":{"0":1,"1":1},"f":{},"b":{"0":[1,0],"1":[1,1]}}
,"I:\\9034\\FringeOnlineBooking\\backend\\src\\config\\redis.ts": {"path":"I:\\9034\\FringeOnlineBooking\\backend\\src\\config\\redis.ts","statementMap":{"0":{"start":{"line":25,"column":0},"end":{"line":25,"column":22}},"1":{"start":{"line":1,"column":0},"end":{"line":1,"column":37}},"2":{"start":{"line":2,"column":0},"end":{"line":2,"column":28}},"3":{"start":{"line":3,"column":0},"end":{"line":3,"column":16}},"4":{"start":{"line":5,"column":14},"end":{"line":5,"column":36}},"5":{"start":{"line":7,"column":0},"end":{"line":9,"column":1}},"6":{"start":{"line":8,"column":2},"end":{"line":8,"column":19}},"7":{"start":{"line":11,"column":13},"end":{"line":11,"column":28}},"8":{"start":{"line":13,"column":13},"end":{"line":18,"column":3}},"9":{"start":{"line":21,"column":0},"end":{"line":23,"column":3}},"10":{"start":{"line":22,"column":2},"end":{"line":22,"column":46}},"11":{"start":{"line":26,"column":2},"end":{"line":28,"column":3}},"12":{"start":{"line":27,"column":4},"end":{"line":27,"column":32}}},"fnMap":{"0":{"name":"(anonymous_8)","decl":{"start":{"line":21,"column":24},"end":{"line":21,"column":25}},"loc":{"start":{"line":21,"column":32},"end":{"line":23,"column":1}}},"1":{"name":"connectRedis","decl":{"start":{"line":25,"column":22},"end":{"line":25,"column":34}},"loc":{"start":{"line":25,"column":34},"end":{"line":29,"column":null}}}},"branchMap":{"0":{"loc":{"start":{"line":7,"column":0},"end":{"line":9,"column":1}},"type":"if","locations":[{"start":{"line":7,"column":0},"end":{"line":9,"column":1}}]},"1":{"loc":{"start":{"line":7,"column":4},"end":{"line":7,"column":38}},"type":"binary-expr","locations":[{"start":{"line":7,"column":4},"end":{"line":7,"column":12}},{"start":{"line":7,"column":16},"end":{"line":7,"column":38}}]},"2":{"loc":{"start":{"line":15,"column":10},"end":{"line":15,"column":47}},"type":"binary-expr","locations":[{"start":{"line":15,"column":10},"end":{"line":15,"column":32}},{"start":{"line":15,"column":36},"end":{"line":15,"column":47}}]},"3":{"loc":{"start":{"line":26,"column":2},"end":{"line":28,"column":3}},"type":"if","locations":[{"start":{"line":26,"column":2},"end":{"line":28,"column":3}}]}},"s":{"0":1,"1":1,"2":1,"3":1,"4":1,"5":1,"6":1,"7":1,"8":1,"9":1,"10":0,"11":1,"12":1},"f":{"0":0,"1":1},"b":{"0":[1],"1":[1,0],"2":[1,1],"3":[1]}}
,"I:\\9034\\FringeOnlineBooking\\backend\\src\\controllers\\HealthController.ts": {"path":"I:\\9034\\FringeOnlineBooking\\backend\\src\\controllers\\HealthController.ts","statementMap":{"0":{"start":{"line":3,"column":0},"end":{"line":3,"column":29}},"1":{"start":{"line":4,"column":0},"end":{"line":4,"column":20}},"2":{"start":{"line":5,"column":0},"end":{"line":5,"column":24}},"3":{"start":{"line":7,"column":13},"end":{"line":127,"column":2}},"4":{"start":{"line":9,"column":4},"end":{"line":65,"column":5}},"5":{"start":{"line":10,"column":23},"end":{"line":10,"column":69}},"6":{"start":{"line":11,"column":27},"end":{"line":11,"column":63}},"7":{"start":{"line":14,"column":20},"end":{"line":14,"column":37}},"8":{"start":{"line":16,"column":24},"end":{"line":16,"column":58}},"9":{"start":{"line":17,"column":6},"end":{"line":21,"column":7}},"10":{"start":{"line":18,"column":8},"end":{"line":20,"column":59}},"11":{"start":{"line":19,"column":21},"end":{"line":19,"column":57}},"12":{"start":{"line":20,"column":22},"end":{"line":20,"column":56}},"13":{"start":{"line":24,"column":20},"end":{"line":24,"column":40}},"14":{"start":{"line":25,"column":24},"end":{"line":25,"column":58}},"15":{"start":{"line":26,"column":6},"end":{"line":33,"column":7}},"16":{"start":{"line":27,"column":8},"end":{"line":32,"column":59}},"17":{"start":{"line":28,"column":33},"end":{"line":31,"column":10}},"18":{"start":{"line":32,"column":22},"end":{"line":32,"column":56}},"19":{"start":{"line":37,"column":23},"end":{"line":37,"column":36}},"20":{"start":{"line":39,"column":6},"end":{"line":39,"column":50}},"21":{"start":{"line":40,"column":22},"end":{"line":40,"column":34}},"22":{"start":{"line":41,"column":26},"end":{"line":41,"column":128}},"23":{"start":{"line":43,"column":19},"end":{"line":43,"column":28}},"24":{"start":{"line":44,"column":22},"end":{"line":44,"column":82}},"25":{"start":{"line":44,"column":46},"end":{"line":44,"column":64}},"26":{"start":{"line":45,"column":23},"end":{"line":48,"column":25}},"27":{"start":{"line":46,"column":18},"end":{"line":46,"column":25}},"28":{"start":{"line":47,"column":8},"end":{"line":47,"column":62}},"29":{"start":{"line":49,"column":23},"end":{"line":49,"column":73}},"30":{"start":{"line":52,"column":21},"end":{"line":59,"column":61}},"31":{"start":{"line":61,"column":6},"end":{"line":61,"column":23}},"32":{"start":{"line":63,"column":6},"end":{"line":63,"column":32}},"33":{"start":{"line":64,"column":6},"end":{"line":64,"column":56}},"34":{"start":{"line":68,"column":4},"end":{"line":125,"column":5}},"35":{"start":{"line":70,"column":20},"end":{"line":70,"column":37}},"36":{"start":{"line":71,"column":26},"end":{"line":75,"column":26}},"37":{"start":{"line":73,"column":24},"end":{"line":73,"column":35}},"38":{"start":{"line":74,"column":25},"end":{"line":74,"column":32}},"39":{"start":{"line":78,"column":20},"end":{"line":78,"column":40}},"40":{"start":{"line":79,"column":26},"end":{"line":83,"column":26}},"41":{"start":{"line":81,"column":37},"end":{"line":81,"column":82}},"42":{"start":{"line":82,"column":25},"end":{"line":82,"column":32}},"43":{"start":{"line":86,"column":23},"end":{"line":86,"column":36}},"44":{"start":{"line":87,"column":22},"end":{"line":87,"column":34}},"45":{"start":{"line":88,"column":33},"end":{"line":88,"column":76}},"46":{"start":{"line":89,"column":21},"end":{"line":93,"column":8}},"47":{"start":{"line":95,"column":19},"end":{"line":95,"column":28}},"48":{"start":{"line":96,"column":22},"end":{"line":96,"column":82}},"49":{"start":{"line":96,"column":46},"end":{"line":96,"column":64}},"50":{"start":{"line":97,"column":23},"end":{"line":100,"column":25}},"51":{"start":{"line":98,"column":18},"end":{"line":98,"column":25}},"52":{"start":{"line":99,"column":8},"end":{"line":99,"column":62}},"53":{"start":{"line":101,"column":23},"end":{"line":101,"column":68}},"54":{"start":{"line":104,"column":23},"end":{"line":115,"column":8}},"55":{"start":{"line":117,"column":6},"end":{"line":117,"column":37}},"56":{"start":{"line":119,"column":6},"end":{"line":119,"column":49}},"57":{"start":{"line":120,"column":6},"end":{"line":124,"column":9}}},"fnMap":{"0":{"name":"(anonymous_8)","decl":{"start":{"line":8,"column":8},"end":{"line":8,"column":14}},"loc":{"start":{"line":8,"column":42},"end":{"line":66,"column":null}}},"1":{"name":"(anonymous_10)","decl":{"start":{"line":19,"column":14},"end":{"line":19,"column":17}},"loc":{"start":{"line":19,"column":21},"end":{"line":19,"column":57}}},"2":{"name":"(anonymous_11)","decl":{"start":{"line":20,"column":15},"end":{"line":20,"column":18}},"loc":{"start":{"line":20,"column":22},"end":{"line":20,"column":56}}},"3":{"name":"(anonymous_12)","decl":{"start":{"line":28,"column":14},"end":{"line":28,"column":15}},"loc":{"start":{"line":28,"column":33},"end":{"line":31,"column":10}}},"4":{"name":"(anonymous_13)","decl":{"start":{"line":32,"column":15},"end":{"line":32,"column":18}},"loc":{"start":{"line":32,"column":22},"end":{"line":32,"column":56}}},"5":{"name":"(anonymous_14)","decl":{"start":{"line":44,"column":34},"end":{"line":44,"column":35}},"loc":{"start":{"line":44,"column":46},"end":{"line":44,"column":64}}},"6":{"name":"(anonymous_15)","decl":{"start":{"line":45,"column":35},"end":{"line":45,"column":36}},"loc":{"start":{"line":45,"column":46},"end":{"line":48,"column":7}}},"7":{"name":"(anonymous_16)","decl":{"start":{"line":67,"column":8},"end":{"line":67,"column":19}},"loc":{"start":{"line":67,"column":47},"end":{"line":126,"column":null}}},"8":{"name":"(anonymous_18)","decl":{"start":{"line":73,"column":18},"end":{"line":73,"column":21}},"loc":{"start":{"line":73,"column":24},"end":{"line":73,"column":35}}},"9":{"name":"(anonymous_19)","decl":{"start":{"line":74,"column":19},"end":{"line":74,"column":22}},"loc":{"start":{"line":74,"column":25},"end":{"line":74,"column":32}}},"10":{"name":"(anonymous_20)","decl":{"start":{"line":81,"column":18},"end":{"line":81,"column":19}},"loc":{"start":{"line":81,"column":37},"end":{"line":81,"column":82}}},"11":{"name":"(anonymous_21)","decl":{"start":{"line":82,"column":19},"end":{"line":82,"column":22}},"loc":{"start":{"line":82,"column":25},"end":{"line":82,"column":32}}},"12":{"name":"(anonymous_22)","decl":{"start":{"line":96,"column":34},"end":{"line":96,"column":35}},"loc":{"start":{"line":96,"column":46},"end":{"line":96,"column":64}}},"13":{"name":"(anonymous_23)","decl":{"start":{"line":97,"column":35},"end":{"line":97,"column":36}},"loc":{"start":{"line":97,"column":46},"end":{"line":100,"column":7}}}},"branchMap":{"0":{"loc":{"start":{"line":17,"column":6},"end":{"line":21,"column":7}},"type":"if","locations":[{"start":{"line":17,"column":6},"end":{"line":21,"column":7}}]},"1":{"loc":{"start":{"line":26,"column":6},"end":{"line":33,"column":7}},"type":"if","locations":[{"start":{"line":26,"column":6},"end":{"line":33,"column":7}}]},"2":{"loc":{"start":{"line":29,"column":16},"end":{"line":29,"column":65}},"type":"cond-expr","locations":[{"start":{"line":29,"column":34},"end":{"line":29,"column":47}},{"start":{"line":29,"column":50},"end":{"line":29,"column":65}}]},"3":{"loc":{"start":{"line":30,"column":17},"end":{"line":30,"column":48}},"type":"cond-expr","locations":[{"start":{"line":30,"column":35},"end":{"line":30,"column":39}},{"start":{"line":30,"column":42},"end":{"line":30,"column":48}}]},"4":{"loc":{"start":{"line":71,"column":26},"end":{"line":75,"column":26}},"type":"cond-expr","locations":[{"start":{"line":72,"column":10},"end":{"line":74,"column":33}},{"start":{"line":75,"column":10},"end":{"line":75,"column":26}}]},"5":{"loc":{"start":{"line":79,"column":26},"end":{"line":83,"column":26}},"type":"cond-expr","locations":[{"start":{"line":80,"column":10},"end":{"line":82,"column":33}},{"start":{"line":83,"column":10},"end":{"line":83,"column":26}}]},"6":{"loc":{"start":{"line":81,"column":37},"end":{"line":81,"column":82}},"type":"cond-expr","locations":[{"start":{"line":81,"column":55},"end":{"line":81,"column":66}},{"start":{"line":81,"column":69},"end":{"line":81,"column":82}}]},"7":{"loc":{"start":{"line":105,"column":16},"end":{"line":105,"column":94}},"type":"cond-expr","locations":[{"start":{"line":105,"column":77},"end":{"line":105,"column":81}},{"start":{"line":105,"column":84},"end":{"line":105,"column":94}}]},"8":{"loc":{"start":{"line":105,"column":16},"end":{"line":105,"column":74}},"type":"binary-expr","locations":[{"start":{"line":105,"column":16},"end":{"line":105,"column":43}},{"start":{"line":105,"column":47},"end":{"line":105,"column":74}}]}},"s":{"0":1,"1":1,"2":1,"3":1,"4":1,"5":1,"6":1,"7":1,"8":1,"9":1,"10":0,"11":0,"12":0,"13":1,"14":1,"15":1,"16":0,"17":0,"18":0,"19":1,"20":1,"21":1,"22":1,"23":1,"24":1,"25":16,"26":1,"27":16,"28":16,"29":1,"30":1,"31":1,"32":0,"33":0,"34":1,"35":1,"36":1,"37":0,"38":0,"39":1,"40":1,"41":0,"42":0,"43":1,"44":1,"45":1,"46":1,"47":1,"48":1,"49":16,"50":1,"51":16,"52":16,"53":1,"54":1,"55":1,"56":0,"57":0},"f":{"0":1,"1":0,"2":0,"3":0,"4":0,"5":16,"6":16,"7":1,"8":0,"9":0,"10":0,"11":0,"12":16,"13":16},"b":{"0":[0],"1":[0],"2":[0,0],"3":[0,0],"4":[0,1],"5":[0,1],"6":[0,0],"7":[0,1],"8":[1,0]}}
,"I:\\9034\\FringeOnlineBooking\\backend\\src\\controllers\\MessageController.ts": {"path":"I:\\9034\\FringeOnlineBooking\\backend\\src\\controllers\\MessageController.ts","statementMap":{"0":{"start":{"line":8,"column":0},"end":{"line":8,"column":54}},"1":{"start":{"line":9,"column":0},"end":{"line":9,"column":46}},"2":{"start":{"line":10,"column":0},"end":{"line":10,"column":40}},"3":{"start":{"line":12,"column":13},"end":{"line":130,"column":2}},"4":{"start":{"line":35,"column":36},"end":{"line":35,"column":44}},"5":{"start":{"line":36,"column":21},"end":{"line":36,"column":36}},"6":{"start":{"line":38,"column":4},"end":{"line":40,"column":5}},"7":{"start":{"line":39,"column":6},"end":{"line":39,"column":86}},"8":{"start":{"line":42,"column":21},"end":{"line":42,"column":54}},"9":{"start":{"line":43,"column":21},"end":{"line":43,"column":74}},"10":{"start":{"line":44,"column":4},"end":{"line":44,"column":82}},"11":{"start":{"line":44,"column":19},"end":{"line":44,"column":82}},"12":{"start":{"line":46,"column":24},"end":{"line":46,"column":60}},"13":{"start":{"line":47,"column":20},"end":{"line":51,"column":6}},"14":{"start":{"line":52,"column":4},"end":{"line":52,"column":36}},"15":{"start":{"line":53,"column":4},"end":{"line":53,"column":38}},"16":{"start":{"line":73,"column":19},"end":{"line":73,"column":34}},"17":{"start":{"line":74,"column":24},"end":{"line":74,"column":60}},"18":{"start":{"line":76,"column":21},"end":{"line":83,"column":6}},"19":{"start":{"line":85,"column":4},"end":{"line":85,"column":27}},"20":{"start":{"line":89,"column":19},"end":{"line":89,"column":34}},"21":{"start":{"line":90,"column":36},"end":{"line":90,"column":46}},"22":{"start":{"line":91,"column":24},"end":{"line":91,"column":60}},"23":{"start":{"line":93,"column":21},"end":{"line":93,"column":54}},"24":{"start":{"line":94,"column":22},"end":{"line":94,"column":76}},"25":{"start":{"line":95,"column":4},"end":{"line":95,"column":79}},"26":{"start":{"line":95,"column":20},"end":{"line":95,"column":79}},"27":{"start":{"line":97,"column":21},"end":{"line":104,"column":6}},"28":{"start":{"line":106,"column":4},"end":{"line":106,"column":27}},"29":{"start":{"line":110,"column":19},"end":{"line":110,"column":34}},"30":{"start":{"line":111,"column":19},"end":{"line":111,"column":29}},"31":{"start":{"line":112,"column":24},"end":{"line":112,"column":60}},"32":{"start":{"line":114,"column":20},"end":{"line":117,"column":6}},"33":{"start":{"line":119,"column":4},"end":{"line":121,"column":5}},"34":{"start":{"line":120,"column":6},"end":{"line":120,"column":68}},"35":{"start":{"line":123,"column":4},"end":{"line":125,"column":5}},"36":{"start":{"line":124,"column":6},"end":{"line":124,"column":88}},"37":{"start":{"line":127,"column":4},"end":{"line":127,"column":38}},"38":{"start":{"line":128,"column":4},"end":{"line":128,"column":45}}},"fnMap":{"0":{"name":"(anonymous_7)","decl":{"start":{"line":34,"column":8},"end":{"line":34,"column":19}},"loc":{"start":{"line":34,"column":47},"end":{"line":54,"column":null}}},"1":{"name":"(anonymous_9)","decl":{"start":{"line":72,"column":8},"end":{"line":72,"column":19}},"loc":{"start":{"line":72,"column":47},"end":{"line":86,"column":null}}},"2":{"name":"(anonymous_11)","decl":{"start":{"line":88,"column":8},"end":{"line":88,"column":23}},"loc":{"start":{"line":88,"column":51},"end":{"line":107,"column":null}}},"3":{"name":"(anonymous_13)","decl":{"start":{"line":109,"column":8},"end":{"line":109,"column":21}},"loc":{"start":{"line":109,"column":49},"end":{"line":129,"column":null}}}},"branchMap":{"0":{"loc":{"start":{"line":38,"column":4},"end":{"line":40,"column":5}},"type":"if","locations":[{"start":{"line":38,"column":4},"end":{"line":40,"column":5}}]},"1":{"loc":{"start":{"line":38,"column":8},"end":{"line":38,"column":31}},"type":"binary-expr","locations":[{"start":{"line":38,"column":8},"end":{"line":38,"column":19}},{"start":{"line":38,"column":23},"end":{"line":38,"column":31}}]},"2":{"loc":{"start":{"line":44,"column":4},"end":{"line":44,"column":82}},"type":"if","locations":[{"start":{"line":44,"column":4},"end":{"line":44,"column":82}}]},"3":{"loc":{"start":{"line":95,"column":4},"end":{"line":95,"column":79}},"type":"if","locations":[{"start":{"line":95,"column":4},"end":{"line":95,"column":79}}]},"4":{"loc":{"start":{"line":119,"column":4},"end":{"line":121,"column":5}},"type":"if","locations":[{"start":{"line":119,"column":4},"end":{"line":121,"column":5}}]},"5":{"loc":{"start":{"line":123,"column":4},"end":{"line":125,"column":5}},"type":"if","locations":[{"start":{"line":123,"column":4},"end":{"line":125,"column":5}}]}},"s":{"0":1,"1":1,"2":1,"3":1,"4":3,"5":3,"6":3,"7":1,"8":2,"9":2,"10":2,"11":1,"12":1,"13":1,"14":1,"15":1,"16":1,"17":1,"18":1,"19":1,"20":2,"21":2,"22":2,"23":2,"24":2,"25":2,"26":1,"27":1,"28":1,"29":3,"30":3,"31":3,"32":3,"33":3,"34":1,"35":2,"36":1,"37":1,"38":1},"f":{"0":3,"1":1,"2":2,"3":3},"b":{"0":[1],"1":[3,2],"2":[1],"3":[1],"4":[1],"5":[1]}}
,"I:\\9034\\FringeOnlineBooking\\backend\\src\\controllers\\admin\\AdminAuthController.ts": {"path":"I:\\9034\\FringeOnlineBooking\\backend\\src\\controllers\\admin\\AdminAuthController.ts","statementMap":{"0":{"start":{"line":2,"column":0},"end":{"line":2,"column":55}},"1":{"start":{"line":3,"column":0},"end":{"line":3,"column":31}},"2":{"start":{"line":4,"column":0},"end":{"line":4,"column":57}},"3":{"start":{"line":5,"column":0},"end":{"line":5,"column":53}},"4":{"start":{"line":6,"column":0},"end":{"line":6,"column":30}},"5":{"start":{"line":7,"column":0},"end":{"line":7,"column":48}},"6":{"start":{"line":9,"column":17},"end":{"line":9,"column":50}},"7":{"start":{"line":11,"column":13},"end":{"line":86,"column":2}},"8":{"start":{"line":16,"column":4},"end":{"line":84,"column":5}},"9":{"start":{"line":17,"column":28},"end":{"line":17,"column":60}},"10":{"start":{"line":18,"column":6},"end":{"line":18,"column":49}},"11":{"start":{"line":20,"column":20},"end":{"line":26,"column":8}},"12":{"start":{"line":28,"column":6},"end":{"line":28,"column":33}},"13":{"start":{"line":30,"column":6},"end":{"line":35,"column":7}},"14":{"start":{"line":31,"column":8},"end":{"line":34,"column":11}},"15":{"start":{"line":38,"column":30},"end":{"line":38,"column":90}},"16":{"start":{"line":39,"column":6},"end":{"line":44,"column":7}},"17":{"start":{"line":40,"column":8},"end":{"line":43,"column":11}},"18":{"start":{"line":47,"column":20},"end":{"line":51,"column":8}},"19":{"start":{"line":54,"column":6},"end":{"line":54,"column":35}},"20":{"start":{"line":55,"column":6},"end":{"line":55,"column":33}},"21":{"start":{"line":57,"column":6},"end":{"line":69,"column":9}},"22":{"start":{"line":71,"column":6},"end":{"line":71,"column":47}},"23":{"start":{"line":72,"column":6},"end":{"line":78,"column":7}},"24":{"start":{"line":73,"column":8},"end":{"line":77,"column":11}},"25":{"start":{"line":79,"column":6},"end":{"line":83,"column":9}}},"fnMap":{"0":{"name":"(anonymous_8)","decl":{"start":{"line":15,"column":8},"end":{"line":15,"column":13}},"loc":{"start":{"line":15,"column":41},"end":{"line":85,"column":null}}}},"branchMap":{"0":{"loc":{"start":{"line":30,"column":6},"end":{"line":35,"column":7}},"type":"if","locations":[{"start":{"line":30,"column":6},"end":{"line":35,"column":7}}]},"1":{"loc":{"start":{"line":39,"column":6},"end":{"line":44,"column":7}},"type":"if","locations":[{"start":{"line":39,"column":6},"end":{"line":44,"column":7}}]},"2":{"loc":{"start":{"line":72,"column":6},"end":{"line":78,"column":7}},"type":"if","locations":[{"start":{"line":72,"column":6},"end":{"line":78,"column":7}}]},"3":{"loc":{"start":{"line":82,"column":15},"end":{"line":82,"column":76}},"type":"cond-expr","locations":[{"start":{"line":82,"column":38},"end":{"line":82,"column":49}},{"start":{"line":82,"column":52},"end":{"line":82,"column":76}}]}},"s":{"0":1,"1":1,"2":1,"3":1,"4":1,"5":1,"6":1,"7":1,"8":5,"9":5,"10":3,"11":3,"12":2,"13":2,"14":1,"15":1,"16":1,"17":1,"18":0,"19":0,"20":0,"21":0,"22":3,"23":3,"24":2,"25":1},"f":{"0":5},"b":{"0":[1],"1":[1],"2":[2],"3":[1,0]}}
,"I:\\9034\\FringeOnlineBooking\\backend\\src\\controllers\\admin\\AdminSettingsController.ts": {"path":"I:\\9034\\FringeOnlineBooking\\backend\\src\\controllers\\admin\\AdminSettingsController.ts","statementMap":{"0":{"start":{"line":2,"column":0},"end":{"line":2,"column":58}},"1":{"start":{"line":3,"column":0},"end":{"line":3,"column":31}},"2":{"start":{"line":5,"column":13},"end":{"line":96,"column":2}},"3":{"start":{"line":10,"column":4},"end":{"line":31,"column":5}},"4":{"start":{"line":14,"column":27},"end":{"line":17,"column":8}},"5":{"start":{"line":19,"column":6},"end":{"line":23,"column":9}},"6":{"start":{"line":25,"column":6},"end":{"line":25,"column":25}},"7":{"start":{"line":26,"column":6},"end":{"line":30,"column":9}},"8":{"start":{"line":38,"column":4},"end":{"line":69,"column":5}},"9":{"start":{"line":40,"column":22},"end":{"line":40,"column":32}},"10":{"start":{"line":41,"column":28},"end":{"line":41,"column":63}},"11":{"start":{"line":44,"column":33},"end":{"line":48,"column":8}},"12":{"start":{"line":50,"column":6},"end":{"line":54,"column":9}},"13":{"start":{"line":56,"column":6},"end":{"line":56,"column":25}},"14":{"start":{"line":57,"column":6},"end":{"line":63,"column":7}},"15":{"start":{"line":58,"column":8},"end":{"line":62,"column":11}},"16":{"start":{"line":64,"column":6},"end":{"line":68,"column":9}},"17":{"start":{"line":76,"column":4},"end":{"line":94,"column":5}},"18":{"start":{"line":77,"column":6},"end":{"line":79,"column":7}},"19":{"start":{"line":78,"column":8},"end":{"line":78,"column":103}},"20":{"start":{"line":81,"column":24},"end":{"line":86,"column":8}},"21":{"start":{"line":87,"column":6},"end":{"line":91,"column":9}},"22":{"start":{"line":93,"column":6},"end":{"line":93,"column":118}}},"fnMap":{"0":{"name":"(anonymous_7)","decl":{"start":{"line":9,"column":8},"end":{"line":9,"column":14}},"loc":{"start":{"line":9,"column":42},"end":{"line":32,"column":null}}},"1":{"name":"(anonymous_9)","decl":{"start":{"line":37,"column":8},"end":{"line":37,"column":21}},"loc":{"start":{"line":37,"column":49},"end":{"line":70,"column":null}}},"2":{"name":"(anonymous_11)","decl":{"start":{"line":75,"column":8},"end":{"line":75,"column":25}},"loc":{"start":{"line":75,"column":53},"end":{"line":95,"column":null}}}},"branchMap":{"0":{"loc":{"start":{"line":29,"column":15},"end":{"line":29,"column":76}},"type":"cond-expr","locations":[{"start":{"line":29,"column":38},"end":{"line":29,"column":49}},{"start":{"line":29,"column":52},"end":{"line":29,"column":76}}]},"1":{"loc":{"start":{"line":57,"column":6},"end":{"line":63,"column":7}},"type":"if","locations":[{"start":{"line":57,"column":6},"end":{"line":63,"column":7}}]},"2":{"loc":{"start":{"line":67,"column":15},"end":{"line":67,"column":76}},"type":"cond-expr","locations":[{"start":{"line":67,"column":38},"end":{"line":67,"column":49}},{"start":{"line":67,"column":52},"end":{"line":67,"column":76}}]},"3":{"loc":{"start":{"line":77,"column":6},"end":{"line":79,"column":7}},"type":"if","locations":[{"start":{"line":77,"column":6},"end":{"line":79,"column":7}}]},"4":{"loc":{"start":{"line":77,"column":10},"end":{"line":77,"column":48}},"type":"binary-expr","locations":[{"start":{"line":77,"column":10},"end":{"line":77,"column":19}},{"start":{"line":77,"column":23},"end":{"line":77,"column":48}}]}},"s":{"0":1,"1":1,"2":1,"3":1,"4":1,"5":1,"6":0,"7":0,"8":1,"9":1,"10":1,"11":1,"12":1,"13":0,"14":0,"15":0,"16":0,"17":2,"18":2,"19":1,"20":1,"21":1,"22":0},"f":{"0":1,"1":1,"2":2},"b":{"0":[0,0],"1":[0],"2":[0,0],"3":[1],"4":[2,2]}}
,"I:\\9034\\FringeOnlineBooking\\backend\\src\\controllers\\admin\\AdminStatsController.ts": {"path":"I:\\9034\\FringeOnlineBooking\\backend\\src\\controllers\\admin\\AdminStatsController.ts","statementMap":{"0":{"start":{"line":2,"column":0},"end":{"line":2,"column":57}},"1":{"start":{"line":3,"column":0},"end":{"line":3,"column":43}},"2":{"start":{"line":4,"column":0},"end":{"line":4,"column":45}},"3":{"start":{"line":5,"column":0},"end":{"line":5,"column":49}},"4":{"start":{"line":6,"column":0},"end":{"line":6,"column":59}},"5":{"start":{"line":7,"column":0},"end":{"line":7,"column":49}},"6":{"start":{"line":9,"column":13},"end":{"line":80,"column":2}},"7":{"start":{"line":12,"column":21},"end":{"line":12,"column":54}},"8":{"start":{"line":13,"column":18},"end":{"line":13,"column":40}},"9":{"start":{"line":14,"column":4},"end":{"line":14,"column":24}},"10":{"start":{"line":19,"column":22},"end":{"line":19,"column":56}},"11":{"start":{"line":20,"column":18},"end":{"line":20,"column":41}},"12":{"start":{"line":21,"column":4},"end":{"line":21,"column":24}},"13":{"start":{"line":26,"column":24},"end":{"line":26,"column":60}},"14":{"start":{"line":27,"column":18},"end":{"line":27,"column":43}},"15":{"start":{"line":28,"column":4},"end":{"line":28,"column":24}},"16":{"start":{"line":33,"column":24},"end":{"line":33,"column":60}},"17":{"start":{"line":34,"column":18},"end":{"line":34,"column":28}},"18":{"start":{"line":35,"column":52},"end":{"line":35,"column":54}},"19":{"start":{"line":36,"column":4},"end":{"line":47,"column":5}},"20":{"start":{"line":36,"column":17},"end":{"line":36,"column":18}},"21":{"start":{"line":37,"column":18},"end":{"line":37,"column":33}},"22":{"start":{"line":38,"column":6},"end":{"line":38,"column":39}},"23":{"start":{"line":39,"column":20},"end":{"line":39,"column":54}},"24":{"start":{"line":40,"column":18},"end":{"line":40,"column":57}},"25":{"start":{"line":41,"column":20},"end":{"line":45,"column":20}},"26":{"start":{"line":46,"column":6},"end":{"line":46,"column":91}},"27":{"start":{"line":48,"column":4},"end":{"line":48,"column":23}},"28":{"start":{"line":53,"column":23},"end":{"line":53,"column":58}},"29":{"start":{"line":54,"column":24},"end":{"line":54,"column":87}},"30":{"start":{"line":55,"column":22},"end":{"line":55,"column":81}},"31":{"start":{"line":56,"column":4},"end":{"line":61,"column":7}},"32":{"start":{"line":66,"column":24},"end":{"line":66,"column":60}},"33":{"start":{"line":67,"column":18},"end":{"line":67,"column":28}},"34":{"start":{"line":68,"column":53},"end":{"line":68,"column":55}},"35":{"start":{"line":69,"column":4},"end":{"line":77,"column":5}},"36":{"start":{"line":69,"column":17},"end":{"line":69,"column":18}},"37":{"start":{"line":70,"column":20},"end":{"line":70,"column":56}},"38":{"start":{"line":71,"column":18},"end":{"line":71,"column":58}},"39":{"start":{"line":72,"column":20},"end":{"line":75,"column":19}},"40":{"start":{"line":76,"column":6},"end":{"line":76,"column":45}},"41":{"start":{"line":78,"column":4},"end":{"line":78,"column":24}}},"fnMap":{"0":{"name":"(anonymous_7)","decl":{"start":{"line":11,"column":8},"end":{"line":11,"column":18}},"loc":{"start":{"line":11,"column":46},"end":{"line":15,"column":null}}},"1":{"name":"(anonymous_9)","decl":{"start":{"line":18,"column":8},"end":{"line":18,"column":19}},"loc":{"start":{"line":18,"column":47},"end":{"line":22,"column":null}}},"2":{"name":"(anonymous_11)","decl":{"start":{"line":25,"column":8},"end":{"line":25,"column":21}},"loc":{"start":{"line":25,"column":49},"end":{"line":29,"column":null}}},"3":{"name":"(anonymous_13)","decl":{"start":{"line":32,"column":8},"end":{"line":32,"column":21}},"loc":{"start":{"line":32,"column":49},"end":{"line":49,"column":null}}},"4":{"name":"(anonymous_15)","decl":{"start":{"line":52,"column":8},"end":{"line":52,"column":26}},"loc":{"start":{"line":52,"column":54},"end":{"line":62,"column":null}}},"5":{"name":"(anonymous_17)","decl":{"start":{"line":65,"column":8},"end":{"line":65,"column":20}},"loc":{"start":{"line":65,"column":48},"end":{"line":79,"column":null}}}},"branchMap":{"0":{"loc":{"start":{"line":46,"column":65},"end":{"line":46,"column":87}},"type":"binary-expr","locations":[{"start":{"line":46,"column":65},"end":{"line":46,"column":82}},{"start":{"line":46,"column":86},"end":{"line":46,"column":87}}]}},"s":{"0":1,"1":1,"2":1,"3":1,"4":1,"5":1,"6":1,"7":1,"8":1,"9":1,"10":1,"11":1,"12":1,"13":1,"14":1,"15":1,"16":1,"17":1,"18":1,"19":1,"20":1,"21":7,"22":7,"23":7,"24":7,"25":7,"26":7,"27":1,"28":1,"29":1,"30":1,"31":1,"32":1,"33":1,"34":1,"35":1,"36":1,"37":24,"38":24,"39":24,"40":24,"41":1},"f":{"0":1,"1":1,"2":1,"3":1,"4":1,"5":1},"b":{"0":[7,0]}}
,"I:\\9034\\FringeOnlineBooking\\backend\\src\\controllers\\admin\\EventController.ts": {"path":"I:\\9034\\FringeOnlineBooking\\backend\\src\\controllers\\admin\\EventController.ts","statementMap":{"0":{"start":{"line":4,"column":0},"end":{"line":4,"column":75}},"1":{"start":{"line":5,"column":0},"end":{"line":5,"column":31}},"2":{"start":{"line":7,"column":13},"end":{"line":181,"column":2}},"3":{"start":{"line":12,"column":4},"end":{"line":43,"column":5}},"4":{"start":{"line":16,"column":25},"end":{"line":29,"column":8}},"5":{"start":{"line":31,"column":6},"end":{"line":35,"column":9}},"6":{"start":{"line":37,"column":6},"end":{"line":37,"column":25}},"7":{"start":{"line":38,"column":6},"end":{"line":42,"column":9}},"8":{"start":{"line":50,"column":4},"end":{"line":80,"column":5}},"9":{"start":{"line":52,"column":28},"end":{"line":52,"column":61}},"10":{"start":{"line":55,"column":21},"end":{"line":58,"column":null}},"11":{"start":{"line":61,"column":6},"end":{"line":65,"column":9}},"12":{"start":{"line":67,"column":6},"end":{"line":67,"column":25}},"13":{"start":{"line":68,"column":6},"end":{"line":74,"column":7}},"14":{"start":{"line":69,"column":8},"end":{"line":73,"column":11}},"15":{"start":{"line":75,"column":6},"end":{"line":79,"column":9}},"16":{"start":{"line":87,"column":4},"end":{"line":117,"column":5}},"17":{"start":{"line":89,"column":21},"end":{"line":89,"column":31}},"18":{"start":{"line":92,"column":24},"end":{"line":103,"column":8}},"19":{"start":{"line":105,"column":6},"end":{"line":109,"column":9}},"20":{"start":{"line":111,"column":6},"end":{"line":111,"column":25}},"21":{"start":{"line":112,"column":6},"end":{"line":116,"column":9}},"22":{"start":{"line":124,"column":4},"end":{"line":155,"column":5}},"23":{"start":{"line":126,"column":21},"end":{"line":126,"column":31}},"24":{"start":{"line":127,"column":28},"end":{"line":127,"column":61}},"25":{"start":{"line":130,"column":28},"end":{"line":133,"column":null}},"26":{"start":{"line":136,"column":6},"end":{"line":140,"column":9}},"27":{"start":{"line":142,"column":6},"end":{"line":142,"column":25}},"28":{"start":{"line":143,"column":6},"end":{"line":149,"column":7}},"29":{"start":{"line":144,"column":8},"end":{"line":148,"column":11}},"30":{"start":{"line":150,"column":6},"end":{"line":154,"column":9}},"31":{"start":{"line":162,"column":4},"end":{"line":179,"column":5}},"32":{"start":{"line":164,"column":21},"end":{"line":164,"column":31}},"33":{"start":{"line":167,"column":6},"end":{"line":171,"column":9}},"34":{"start":{"line":173,"column":6},"end":{"line":173,"column":25}},"35":{"start":{"line":174,"column":6},"end":{"line":178,"column":9}}},"fnMap":{"0":{"name":"(anonymous_7)","decl":{"start":{"line":11,"column":8},"end":{"line":11,"column":14}},"loc":{"start":{"line":11,"column":42},"end":{"line":44,"column":null}}},"1":{"name":"(anonymous_9)","decl":{"start":{"line":49,"column":8},"end":{"line":49,"column":14}},"loc":{"start":{"line":49,"column":42},"end":{"line":81,"column":null}}},"2":{"name":"(anonymous_11)","decl":{"start":{"line":86,"column":8},"end":{"line":86,"column":15}},"loc":{"start":{"line":86,"column":43},"end":{"line":118,"column":null}}},"3":{"name":"(anonymous_13)","decl":{"start":{"line":123,"column":8},"end":{"line":123,"column":14}},"loc":{"start":{"line":123,"column":42},"end":{"line":156,"column":null}}},"4":{"name":"(anonymous_15)","decl":{"start":{"line":161,"column":8},"end":{"line":161,"column":14}},"loc":{"start":{"line":161,"column":42},"end":{"line":180,"column":null}}}},"branchMap":{"0":{"loc":{"start":{"line":41,"column":15},"end":{"line":41,"column":76}},"type":"cond-expr","locations":[{"start":{"line":41,"column":38},"end":{"line":41,"column":49}},{"start":{"line":41,"column":52},"end":{"line":41,"column":76}}]},"1":{"loc":{"start":{"line":68,"column":6},"end":{"line":74,"column":7}},"type":"if","locations":[{"start":{"line":68,"column":6},"end":{"line":74,"column":7}}]},"2":{"loc":{"start":{"line":78,"column":15},"end":{"line":78,"column":76}},"type":"cond-expr","locations":[{"start":{"line":78,"column":38},"end":{"line":78,"column":49}},{"start":{"line":78,"column":52},"end":{"line":78,"column":76}}]},"3":{"loc":{"start":{"line":115,"column":15},"end":{"line":115,"column":76}},"type":"cond-expr","locations":[{"start":{"line":115,"column":38},"end":{"line":115,"column":49}},{"start":{"line":115,"column":52},"end":{"line":115,"column":76}}]},"4":{"loc":{"start":{"line":143,"column":6},"end":{"line":149,"column":7}},"type":"if","locations":[{"start":{"line":143,"column":6},"end":{"line":149,"column":7}}]},"5":{"loc":{"start":{"line":153,"column":15},"end":{"line":153,"column":76}},"type":"cond-expr","locations":[{"start":{"line":153,"column":38},"end":{"line":153,"column":49}},{"start":{"line":153,"column":52},"end":{"line":153,"column":76}}]},"6":{"loc":{"start":{"line":177,"column":15},"end":{"line":177,"column":76}},"type":"cond-expr","locations":[{"start":{"line":177,"column":38},"end":{"line":177,"column":49}},{"start":{"line":177,"column":52},"end":{"line":177,"column":76}}]}},"s":{"0":1,"1":1,"2":1,"3":1,"4":1,"5":1,"6":0,"7":0,"8":3,"9":3,"10":0,"11":0,"12":3,"13":3,"14":2,"15":1,"16":1,"17":1,"18":1,"19":1,"20":0,"21":0,"22":3,"23":3,"24":3,"25":0,"26":0,"27":3,"28":3,"29":2,"30":1,"31":1,"32":1,"33":1,"34":0,"35":0},"f":{"0":1,"1":3,"2":1,"3":3,"4":1},"b":{"0":[0,0],"1":[2],"2":[1,0],"3":[0,0],"4":[2],"5":[1,0],"6":[0,0]}}
,"I:\\9034\\FringeOnlineBooking\\backend\\src\\controllers\\admin\\SeatController.ts": {"path":"I:\\9034\\FringeOnlineBooking\\backend\\src\\controllers\\admin\\SeatController.ts","statementMap":{"0":{"start":{"line":2,"column":0},"end":{"line":2,"column":74}},"1":{"start":{"line":3,"column":0},"end":{"line":3,"column":55}},"2":{"start":{"line":4,"column":0},"end":{"line":4,"column":null}},"3":{"start":{"line":10,"column":0},"end":{"line":10,"column":31}},"4":{"start":{"line":11,"column":0},"end":{"line":11,"column":63}},"5":{"start":{"line":14,"column":26},"end":{"line":14,"column":29}},"6":{"start":{"line":17,"column":30},"end":{"line":22,"column":2}},"7":{"start":{"line":17,"column":41},"end":{"line":22,"column":2}},"8":{"start":{"line":18,"column":2},"end":{"line":20,"column":3}},"9":{"start":{"line":19,"column":4},"end":{"line":19,"column":25}},"10":{"start":{"line":21,"column":2},"end":{"line":21,"column":21}},"11":{"start":{"line":24,"column":13},"end":{"line":558,"column":2}},"12":{"start":{"line":31,"column":4},"end":{"line":66,"column":5}},"13":{"start":{"line":32,"column":26},"end":{"line":32,"column":67}},"14":{"start":{"line":34,"column":29},"end":{"line":34,"column":48}},"15":{"start":{"line":37,"column":29},"end":{"line":40,"column":34}},"16":{"start":{"line":42,"column":29},"end":{"line":45,"column":8}},"17":{"start":{"line":47,"column":6},"end":{"line":51,"column":9}},"18":{"start":{"line":53,"column":6},"end":{"line":53,"column":25}},"19":{"start":{"line":54,"column":6},"end":{"line":60,"column":7}},"20":{"start":{"line":55,"column":8},"end":{"line":59,"column":11}},"21":{"start":{"line":61,"column":6},"end":{"line":65,"column":9}},"22":{"start":{"line":75,"column":24},"end":{"line":75,"column":67}},"23":{"start":{"line":76,"column":4},"end":{"line":76,"column":32}},"24":{"start":{"line":77,"column":4},"end":{"line":77,"column":41}},"25":{"start":{"line":79,"column":4},"end":{"line":178,"column":5}},"26":{"start":{"line":80,"column":21},"end":{"line":80,"column":33}},"27":{"start":{"line":81,"column":6},"end":{"line":87,"column":7}},"28":{"start":{"line":82,"column":8},"end":{"line":86,"column":11}},"29":{"start":{"line":90,"column":20},"end":{"line":90,"column":49}},"30":{"start":{"line":92,"column":35},"end":{"line":92,"column":66}},"31":{"start":{"line":95,"column":29},"end":{"line":95,"column":68}},"32":{"start":{"line":99,"column":29},"end":{"line":102,"column":34}},"33":{"start":{"line":104,"column":20},"end":{"line":106,"column":8}},"34":{"start":{"line":108,"column":6},"end":{"line":115,"column":7}},"35":{"start":{"line":109,"column":8},"end":{"line":109,"column":48}},"36":{"start":{"line":110,"column":8},"end":{"line":114,"column":11}},"37":{"start":{"line":118,"column":31},"end":{"line":119,"column":null}},"38":{"start":{"line":119,"column":8},"end":{"line":119,"column":44}},"39":{"start":{"line":122,"column":6},"end":{"line":131,"column":7}},"40":{"start":{"line":123,"column":8},"end":{"line":123,"column":48}},"41":{"start":{"line":124,"column":8},"end":{"line":130,"column":11}},"42":{"start":{"line":128,"column":56},"end":{"line":128,"column":60}},"43":{"start":{"line":134,"column":18},"end":{"line":134,"column":28}},"44":{"start":{"line":135,"column":6},"end":{"line":145,"column":10}},"45":{"start":{"line":135,"column":47},"end":{"line":145,"column":8}},"46":{"start":{"line":136,"column":8},"end":{"line":136,"column":40}},"47":{"start":{"line":137,"column":8},"end":{"line":137,"column":28}},"48":{"start":{"line":138,"column":8},"end":{"line":138,"column":29}},"49":{"start":{"line":139,"column":8},"end":{"line":139,"column":40}},"50":{"start":{"line":142,"column":24},"end":{"line":142,"column":46}},"51":{"start":{"line":143,"column":8},"end":{"line":143,"column":41}},"52":{"start":{"line":144,"column":8},"end":{"line":144,"column":55}},"53":{"start":{"line":147,"column":6},"end":{"line":147,"column":44}},"54":{"start":{"line":149,"column":6},"end":{"line":158,"column":9}},"55":{"start":{"line":160,"column":6},"end":{"line":160,"column":46}},"56":{"start":{"line":161,"column":6},"end":{"line":161,"column":25}},"57":{"start":{"line":163,"column":6},"end":{"line":169,"column":7}},"58":{"start":{"line":164,"column":8},"end":{"line":168,"column":11}},"59":{"start":{"line":171,"column":6},"end":{"line":175,"column":9}},"60":{"start":{"line":177,"column":6},"end":{"line":177,"column":34}},"61":{"start":{"line":187,"column":24},"end":{"line":187,"column":67}},"62":{"start":{"line":188,"column":4},"end":{"line":188,"column":32}},"63":{"start":{"line":189,"column":4},"end":{"line":189,"column":41}},"64":{"start":{"line":191,"column":4},"end":{"line":271,"column":5}},"65":{"start":{"line":192,"column":21},"end":{"line":192,"column":33}},"66":{"start":{"line":193,"column":6},"end":{"line":199,"column":7}},"67":{"start":{"line":194,"column":8},"end":{"line":198,"column":11}},"68":{"start":{"line":202,"column":20},"end":{"line":202,"column":49}},"69":{"start":{"line":204,"column":35},"end":{"line":204,"column":71}},"70":{"start":{"line":207,"column":29},"end":{"line":207,"column":68}},"71":{"start":{"line":211,"column":29},"end":{"line":216,"column":34}},"72":{"start":{"line":218,"column":20},"end":{"line":220,"column":8}},"73":{"start":{"line":222,"column":6},"end":{"line":229,"column":7}},"74":{"start":{"line":223,"column":8},"end":{"line":223,"column":48}},"75":{"start":{"line":224,"column":8},"end":{"line":228,"column":11}},"76":{"start":{"line":232,"column":6},"end":{"line":239,"column":10}},"77":{"start":{"line":232,"column":47},"end":{"line":239,"column":8}},"78":{"start":{"line":233,"column":8},"end":{"line":233,"column":40}},"79":{"start":{"line":234,"column":8},"end":{"line":234,"column":40}},"80":{"start":{"line":237,"column":24},"end":{"line":237,"column":46}},"81":{"start":{"line":238,"column":8},"end":{"line":238,"column":33}},"82":{"start":{"line":241,"column":6},"end":{"line":241,"column":44}},"83":{"start":{"line":243,"column":6},"end":{"line":251,"column":9}},"84":{"start":{"line":253,"column":6},"end":{"line":253,"column":46}},"85":{"start":{"line":254,"column":6},"end":{"line":254,"column":25}},"86":{"start":{"line":256,"column":6},"end":{"line":262,"column":7}},"87":{"start":{"line":257,"column":8},"end":{"line":261,"column":11}},"88":{"start":{"line":264,"column":6},"end":{"line":268,"column":9}},"89":{"start":{"line":270,"column":6},"end":{"line":270,"column":34}},"90":{"start":{"line":280,"column":4},"end":{"line":328,"column":5}},"91":{"start":{"line":282,"column":20},"end":{"line":282,"column":49}},"92":{"start":{"line":285,"column":29},"end":{"line":285,"column":48}},"93":{"start":{"line":287,"column":29},"end":{"line":289,"column":34}},"94":{"start":{"line":291,"column":26},"end":{"line":293,"column":8}},"95":{"start":{"line":295,"column":18},"end":{"line":295,"column":28}},"96":{"start":{"line":296,"column":40},"end":{"line":296,"column":42}},"97":{"start":{"line":299,"column":6},"end":{"line":311,"column":10}},"98":{"start":{"line":299,"column":53},"end":{"line":311,"column":8}},"99":{"start":{"line":301,"column":24},"end":{"line":301,"column":46}},"100":{"start":{"line":302,"column":23},"end":{"line":302,"column":50}},"101":{"start":{"line":304,"column":8},"end":{"line":310,"column":9}},"102":{"start":{"line":305,"column":10},"end":{"line":305,"column":45}},"103":{"start":{"line":306,"column":10},"end":{"line":306,"column":38}},"104":{"start":{"line":307,"column":10},"end":{"line":307,"column":36}},"105":{"start":{"line":308,"column":10},"end":{"line":308,"column":42}},"106":{"start":{"line":309,"column":10},"end":{"line":309,"column":40}},"107":{"start":{"line":313,"column":6},"end":{"line":320,"column":9}},"108":{"start":{"line":322,"column":6},"end":{"line":322,"column":25}},"109":{"start":{"line":323,"column":6},"end":{"line":327,"column":9}},"110":{"start":{"line":337,"column":4},"end":{"line":370,"column":5}},"111":{"start":{"line":341,"column":28},"end":{"line":341,"column":60}},"112":{"start":{"line":342,"column":29},"end":{"line":342,"column":48}},"113":{"start":{"line":344,"column":22},"end":{"line":346,"column":null}},"114":{"start":{"line":349,"column":6},"end":{"line":349,"column":41}},"115":{"start":{"line":351,"column":6},"end":{"line":355,"column":9}},"116":{"start":{"line":357,"column":6},"end":{"line":357,"column":25}},"117":{"start":{"line":358,"column":6},"end":{"line":364,"column":7}},"118":{"start":{"line":359,"column":8},"end":{"line":363,"column":11}},"119":{"start":{"line":365,"column":6},"end":{"line":369,"column":9}},"120":{"start":{"line":379,"column":4},"end":{"line":405,"column":5}},"121":{"start":{"line":380,"column":26},"end":{"line":380,"column":36}},"122":{"start":{"line":382,"column":29},"end":{"line":382,"column":48}},"123":{"start":{"line":384,"column":29},"end":{"line":386,"column":34}},"124":{"start":{"line":388,"column":20},"end":{"line":391,"column":8}},"125":{"start":{"line":393,"column":6},"end":{"line":397,"column":9}},"126":{"start":{"line":399,"column":6},"end":{"line":399,"column":25}},"127":{"start":{"line":400,"column":6},"end":{"line":404,"column":9}},"128":{"start":{"line":414,"column":4},"end":{"line":489,"column":5}},"129":{"start":{"line":415,"column":21},"end":{"line":415,"column":33}},"130":{"start":{"line":416,"column":6},"end":{"line":422,"column":7}},"131":{"start":{"line":417,"column":8},"end":{"line":421,"column":11}},"132":{"start":{"line":425,"column":20},"end":{"line":425,"column":49}},"133":{"start":{"line":427,"column":35},"end":{"line":427,"column":43}},"134":{"start":{"line":429,"column":6},"end":{"line":435,"column":7}},"135":{"start":{"line":430,"column":8},"end":{"line":434,"column":11}},"136":{"start":{"line":437,"column":29},"end":{"line":437,"column":48}},"137":{"start":{"line":440,"column":29},"end":{"line":445,"column":34}},"138":{"start":{"line":447,"column":20},"end":{"line":449,"column":8}},"139":{"start":{"line":451,"column":6},"end":{"line":457,"column":7}},"140":{"start":{"line":452,"column":8},"end":{"line":456,"column":11}},"141":{"start":{"line":460,"column":40},"end":{"line":460,"column":42}},"142":{"start":{"line":461,"column":6},"end":{"line":472,"column":10}},"143":{"start":{"line":461,"column":47},"end":{"line":472,"column":8}},"144":{"start":{"line":462,"column":8},"end":{"line":462,"column":43}},"145":{"start":{"line":463,"column":8},"end":{"line":463,"column":36}},"146":{"start":{"line":464,"column":8},"end":{"line":464,"column":34}},"147":{"start":{"line":465,"column":8},"end":{"line":465,"column":40}},"148":{"start":{"line":468,"column":24},"end":{"line":468,"column":46}},"149":{"start":{"line":469,"column":8},"end":{"line":469,"column":33}},"150":{"start":{"line":471,"column":8},"end":{"line":471,"column":38}},"151":{"start":{"line":474,"column":6},"end":{"line":481,"column":9}},"152":{"start":{"line":483,"column":6},"end":{"line":483,"column":25}},"153":{"start":{"line":484,"column":6},"end":{"line":488,"column":9}},"154":{"start":{"line":498,"column":4},"end":{"line":556,"column":5}},"155":{"start":{"line":499,"column":35},"end":{"line":499,"column":44}},"156":{"start":{"line":501,"column":6},"end":{"line":507,"column":7}},"157":{"start":{"line":502,"column":8},"end":{"line":506,"column":11}},"158":{"start":{"line":510,"column":26},"end":{"line":512,"column":61}},"159":{"start":{"line":511,"column":28},"end":{"line":511,"column":38}},"160":{"start":{"line":512,"column":50},"end":{"line":512,"column":60}},"161":{"start":{"line":515,"column":20},"end":{"line":515,"column":49}},"162":{"start":{"line":517,"column":29},"end":{"line":517,"column":48}},"163":{"start":{"line":520,"column":29},"end":{"line":523,"column":34}},"164":{"start":{"line":525,"column":20},"end":{"line":527,"column":8}},"165":{"start":{"line":530,"column":27},"end":{"line":542,"column":9}},"166":{"start":{"line":530,"column":68},"end":{"line":542,"column":8}},"167":{"start":{"line":531,"column":24},"end":{"line":531,"column":46}},"168":{"start":{"line":532,"column":20},"end":{"line":532,"column":44}},"169":{"start":{"line":533,"column":25},"end":{"line":533,"column":32}},"170":{"start":{"line":535,"column":8},"end":{"line":541,"column":10}},"171":{"start":{"line":544,"column":6},"end":{"line":548,"column":9}},"172":{"start":{"line":550,"column":6},"end":{"line":550,"column":25}},"173":{"start":{"line":551,"column":6},"end":{"line":555,"column":9}}},"fnMap":{"0":{"name":"(anonymous_7)","decl":{"start":{"line":17,"column":30},"end":{"line":17,"column":39}},"loc":{"start":{"line":17,"column":41},"end":{"line":22,"column":2}}},"1":{"name":"(anonymous_8)","decl":{"start":{"line":17,"column":41},"end":{"line":17,"column":null}},"loc":{"start":{"line":17,"column":41},"end":{"line":22,"column":1}}},"2":{"name":"(anonymous_9)","decl":{"start":{"line":30,"column":8},"end":{"line":30,"column":25}},"loc":{"start":{"line":30,"column":53},"end":{"line":67,"column":null}}},"3":{"name":"(anonymous_11)","decl":{"start":{"line":74,"column":8},"end":{"line":74,"column":17}},"loc":{"start":{"line":74,"column":45},"end":{"line":179,"column":null}}},"4":{"name":"(anonymous_13)","decl":{"start":{"line":118,"column":44},"end":{"line":118,"column":48}},"loc":{"start":{"line":119,"column":8},"end":{"line":119,"column":44}}},"5":{"name":"(anonymous_14)","decl":{"start":{"line":128,"column":51},"end":{"line":128,"column":52}},"loc":{"start":{"line":128,"column":56},"end":{"line":128,"column":60}}},"6":{"name":"(anonymous_15)","decl":{"start":{"line":135,"column":34},"end":{"line":135,"column":40}},"loc":{"start":{"line":135,"column":47},"end":{"line":145,"column":8}}},"7":{"name":"(anonymous_16)","decl":{"start":{"line":135,"column":47},"end":{"line":135,"column":null}},"loc":{"start":{"line":135,"column":47},"end":{"line":145,"column":7}}},"8":{"name":"(anonymous_17)","decl":{"start":{"line":186,"column":8},"end":{"line":186,"column":22}},"loc":{"start":{"line":186,"column":50},"end":{"line":272,"column":null}}},"9":{"name":"(anonymous_19)","decl":{"start":{"line":232,"column":34},"end":{"line":232,"column":40}},"loc":{"start":{"line":232,"column":47},"end":{"line":239,"column":8}}},"10":{"name":"(anonymous_20)","decl":{"start":{"line":232,"column":47},"end":{"line":232,"column":null}},"loc":{"start":{"line":232,"column":47},"end":{"line":239,"column":7}}},"11":{"name":"(anonymous_21)","decl":{"start":{"line":279,"column":8},"end":{"line":279,"column":27}},"loc":{"start":{"line":279,"column":55},"end":{"line":329,"column":null}}},"12":{"name":"(anonymous_23)","decl":{"start":{"line":299,"column":40},"end":{"line":299,"column":46}},"loc":{"start":{"line":299,"column":53},"end":{"line":311,"column":8}}},"13":{"name":"(anonymous_24)","decl":{"start":{"line":299,"column":53},"end":{"line":299,"column":null}},"loc":{"start":{"line":299,"column":53},"end":{"line":311,"column":7}}},"14":{"name":"(anonymous_25)","decl":{"start":{"line":336,"column":8},"end":{"line":336,"column":14}},"loc":{"start":{"line":336,"column":42},"end":{"line":371,"column":null}}},"15":{"name":"(anonymous_27)","decl":{"start":{"line":378,"column":8},"end":{"line":378,"column":18}},"loc":{"start":{"line":378,"column":46},"end":{"line":406,"column":null}}},"16":{"name":"(anonymous_29)","decl":{"start":{"line":413,"column":8},"end":{"line":413,"column":24}},"loc":{"start":{"line":413,"column":52},"end":{"line":490,"column":null}}},"17":{"name":"(anonymous_31)","decl":{"start":{"line":461,"column":34},"end":{"line":461,"column":40}},"loc":{"start":{"line":461,"column":47},"end":{"line":472,"column":8}}},"18":{"name":"(anonymous_32)","decl":{"start":{"line":461,"column":47},"end":{"line":461,"column":null}},"loc":{"start":{"line":461,"column":47},"end":{"line":472,"column":7}}},"19":{"name":"(anonymous_33)","decl":{"start":{"line":497,"column":8},"end":{"line":497,"column":21}},"loc":{"start":{"line":497,"column":49},"end":{"line":557,"column":null}}},"20":{"name":"(anonymous_35)","decl":{"start":{"line":511,"column":22},"end":{"line":511,"column":24}},"loc":{"start":{"line":511,"column":28},"end":{"line":511,"column":38}}},"21":{"name":"(anonymous_36)","decl":{"start":{"line":512,"column":44},"end":{"line":512,"column":46}},"loc":{"start":{"line":512,"column":50},"end":{"line":512,"column":60}}},"22":{"name":"(anonymous_37)","decl":{"start":{"line":530,"column":55},"end":{"line":530,"column":61}},"loc":{"start":{"line":530,"column":68},"end":{"line":542,"column":8}}},"23":{"name":"(anonymous_38)","decl":{"start":{"line":530,"column":68},"end":{"line":530,"column":null}},"loc":{"start":{"line":530,"column":68},"end":{"line":542,"column":7}}}},"branchMap":{"0":{"loc":{"start":{"line":18,"column":2},"end":{"line":20,"column":3}},"type":"if","locations":[{"start":{"line":18,"column":2},"end":{"line":20,"column":3}}]},"1":{"loc":{"start":{"line":54,"column":6},"end":{"line":60,"column":7}},"type":"if","locations":[{"start":{"line":54,"column":6},"end":{"line":60,"column":7}}]},"2":{"loc":{"start":{"line":64,"column":15},"end":{"line":64,"column":76}},"type":"cond-expr","locations":[{"start":{"line":64,"column":38},"end":{"line":64,"column":49}},{"start":{"line":64,"column":52},"end":{"line":64,"column":76}}]},"3":{"loc":{"start":{"line":80,"column":21},"end":{"line":80,"column":33}},"type":"cond-expr","locations":[{"start":{"line":80,"column":29},"end":{"line":80,"column":31}},{"start":{"line":80,"column":29},"end":{"line":80,"column":33}}]},"4":{"loc":{"start":{"line":80,"column":21},"end":{"line":80,"column":31}},"type":"binary-expr","locations":[{"start":{"line":80,"column":21},"end":{"line":80,"column":31}},{"start":{"line":80,"column":29},"end":{"line":80,"column":31}}]},"5":{"loc":{"start":{"line":81,"column":6},"end":{"line":87,"column":7}},"type":"if","locations":[{"start":{"line":81,"column":6},"end":{"line":87,"column":7}}]},"6":{"loc":{"start":{"line":108,"column":6},"end":{"line":115,"column":7}},"type":"if","locations":[{"start":{"line":108,"column":6},"end":{"line":115,"column":7}}]},"7":{"loc":{"start":{"line":122,"column":6},"end":{"line":131,"column":7}},"type":"if","locations":[{"start":{"line":122,"column":6},"end":{"line":131,"column":7}}]},"8":{"loc":{"start":{"line":163,"column":6},"end":{"line":169,"column":7}},"type":"if","locations":[{"start":{"line":163,"column":6},"end":{"line":169,"column":7}}]},"9":{"loc":{"start":{"line":174,"column":15},"end":{"line":174,"column":76}},"type":"cond-expr","locations":[{"start":{"line":174,"column":38},"end":{"line":174,"column":49}},{"start":{"line":174,"column":52},"end":{"line":174,"column":76}}]},"10":{"loc":{"start":{"line":192,"column":21},"end":{"line":192,"column":33}},"type":"cond-expr","locations":[{"start":{"line":192,"column":29},"end":{"line":192,"column":31}},{"start":{"line":192,"column":29},"end":{"line":192,"column":33}}]},"11":{"loc":{"start":{"line":192,"column":21},"end":{"line":192,"column":31}},"type":"binary-expr","locations":[{"start":{"line":192,"column":21},"end":{"line":192,"column":31}},{"start":{"line":192,"column":29},"end":{"line":192,"column":31}}]},"12":{"loc":{"start":{"line":193,"column":6},"end":{"line":199,"column":7}},"type":"if","locations":[{"start":{"line":193,"column":6},"end":{"line":199,"column":7}}]},"13":{"loc":{"start":{"line":222,"column":6},"end":{"line":229,"column":7}},"type":"if","locations":[{"start":{"line":222,"column":6},"end":{"line":229,"column":7}}]},"14":{"loc":{"start":{"line":256,"column":6},"end":{"line":262,"column":7}},"type":"if","locations":[{"start":{"line":256,"column":6},"end":{"line":262,"column":7}}]},"15":{"loc":{"start":{"line":267,"column":15},"end":{"line":267,"column":76}},"type":"cond-expr","locations":[{"start":{"line":267,"column":38},"end":{"line":267,"column":49}},{"start":{"line":267,"column":52},"end":{"line":267,"column":76}}]},"16":{"loc":{"start":{"line":304,"column":8},"end":{"line":310,"column":9}},"type":"if","locations":[{"start":{"line":304,"column":8},"end":{"line":310,"column":9}}]},"17":{"loc":{"start":{"line":326,"column":15},"end":{"line":326,"column":76}},"type":"cond-expr","locations":[{"start":{"line":326,"column":38},"end":{"line":326,"column":49}},{"start":{"line":326,"column":52},"end":{"line":326,"column":76}}]},"18":{"loc":{"start":{"line":358,"column":6},"end":{"line":364,"column":7}},"type":"if","locations":[{"start":{"line":358,"column":6},"end":{"line":364,"column":7}}]},"19":{"loc":{"start":{"line":368,"column":15},"end":{"line":368,"column":76}},"type":"cond-expr","locations":[{"start":{"line":368,"column":38},"end":{"line":368,"column":49}},{"start":{"line":368,"column":52},"end":{"line":368,"column":76}}]},"20":{"loc":{"start":{"line":403,"column":15},"end":{"line":403,"column":76}},"type":"cond-expr","locations":[{"start":{"line":403,"column":38},"end":{"line":403,"column":49}},{"start":{"line":403,"column":52},"end":{"line":403,"column":76}}]},"21":{"loc":{"start":{"line":415,"column":21},"end":{"line":415,"column":33}},"type":"cond-expr","locations":[{"start":{"line":415,"column":29},"end":{"line":415,"column":31}},{"start":{"line":415,"column":29},"end":{"line":415,"column":33}}]},"22":{"loc":{"start":{"line":415,"column":21},"end":{"line":415,"column":31}},"type":"binary-expr","locations":[{"start":{"line":415,"column":21},"end":{"line":415,"column":31}},{"start":{"line":415,"column":29},"end":{"line":415,"column":31}}]},"23":{"loc":{"start":{"line":416,"column":6},"end":{"line":422,"column":7}},"type":"if","locations":[{"start":{"line":416,"column":6},"end":{"line":422,"column":7}}]},"24":{"loc":{"start":{"line":429,"column":6},"end":{"line":435,"column":7}},"type":"if","locations":[{"start":{"line":429,"column":6},"end":{"line":435,"column":7}}]},"25":{"loc":{"start":{"line":429,"column":10},"end":{"line":429,"column":81}},"type":"binary-expr","locations":[{"start":{"line":429,"column":10},"end":{"line":429,"column":18}},{"start":{"line":429,"column":22},"end":{"line":429,"column":30}},{"start":{"line":429,"column":34},"end":{"line":429,"column":57}},{"start":{"line":429,"column":61},"end":{"line":429,"column":81}}]},"26":{"loc":{"start":{"line":451,"column":6},"end":{"line":457,"column":7}},"type":"if","locations":[{"start":{"line":451,"column":6},"end":{"line":457,"column":7}}]},"27":{"loc":{"start":{"line":487,"column":15},"end":{"line":487,"column":76}},"type":"cond-expr","locations":[{"start":{"line":487,"column":38},"end":{"line":487,"column":49}},{"start":{"line":487,"column":52},"end":{"line":487,"column":76}}]},"28":{"loc":{"start":{"line":501,"column":6},"end":{"line":507,"column":7}},"type":"if","locations":[{"start":{"line":501,"column":6},"end":{"line":507,"column":7}}]},"29":{"loc":{"start":{"line":501,"column":10},"end":{"line":501,"column":30}},"type":"binary-expr","locations":[{"start":{"line":501,"column":10},"end":{"line":501,"column":18}},{"start":{"line":501,"column":22},"end":{"line":501,"column":30}}]},"30":{"loc":{"start":{"line":510,"column":26},"end":{"line":512,"column":61}},"type":"cond-expr","locations":[{"start":{"line":511,"column":10},"end":{"line":511,"column":39}},{"start":{"line":512,"column":10},"end":{"line":512,"column":61}}]},"31":{"loc":{"start":{"line":539,"column":29},"end":{"line":539,"column":47}},"type":"cond-expr","locations":[{"start":{"line":539,"column":40},"end":{"line":539,"column":43}},{"start":{"line":539,"column":46},"end":{"line":539,"column":47}}]},"32":{"loc":{"start":{"line":554,"column":15},"end":{"line":554,"column":76}},"type":"cond-expr","locations":[{"start":{"line":554,"column":38},"end":{"line":554,"column":49}},{"start":{"line":554,"column":52},"end":{"line":554,"column":76}}]}},"s":{"0":1,"1":1,"2":1,"3":1,"4":1,"5":1,"6":1,"7":1,"8":1,"9":1,"10":1,"11":1,"12":1,"13":1,"14":0,"15":0,"16":0,"17":0,"18":1,"19":1,"20":1,"21":0,"22":1,"23":0,"24":0,"25":0,"26":0,"27":0,"28":0,"29":0,"30":0,"31":0,"32":0,"33":0,"34":0,"35":0,"36":0,"37":0,"38":0,"39":0,"40":0,"41":0,"42":0,"43":0,"44":0,"45":0,"46":0,"47":0,"48":0,"49":0,"50":0,"51":0,"52":0,"53":0,"54":0,"55":0,"56":0,"57":0,"58":0,"59":0,"60":0,"61":1,"62":0,"63":0,"64":0,"65":0,"66":0,"67":0,"68":0,"69":0,"70":0,"71":0,"72":0,"73":0,"74":0,"75":0,"76":0,"77":0,"78":0,"79":0,"80":0,"81":0,"82":0,"83":0,"84":0,"85":0,"86":0,"87":0,"88":0,"89":0,"90":1,"91":1,"92":1,"93":0,"94":0,"95":0,"96":0,"97":0,"98":0,"99":0,"100":0,"101":0,"102":0,"103":0,"104":0,"105":0,"106":0,"107":0,"108":1,"109":1,"110":1,"111":1,"112":0,"113":0,"114":0,"115":0,"116":1,"117":1,"118":1,"119":0,"120":1,"121":1,"122":0,"123":0,"124":0,"125":0,"126":1,"127":1,"128":1,"129":1,"130":1,"131":1,"132":0,"133":0,"134":0,"135":0,"136":0,"137":0,"138":0,"139":0,"140":0,"141":0,"142":0,"143":0,"144":0,"145":0,"146":0,"147":0,"148":0,"149":0,"150":0,"151":0,"152":0,"153":0,"154":1,"155":1,"156":0,"157":0,"158":0,"159":0,"160":0,"161":0,"162":0,"163":0,"164":0,"165":0,"166":0,"167":0,"168":0,"169":0,"170":0,"171":0,"172":1,"173":1},"f":{"0":1,"1":1,"2":1,"3":1,"4":0,"5":0,"6":0,"7":0,"8":1,"9":0,"10":0,"11":1,"12":0,"13":0,"14":1,"15":1,"16":1,"17":0,"18":0,"19":1,"20":0,"21":0,"22":0,"23":0},"b":{"0":[1],"1":[1],"2":[0,0],"3":[0,0],"4":[0,0],"5":[0],"6":[0],"7":[0],"8":[0],"9":[0,0],"10":[0,0],"11":[0,0],"12":[0],"13":[0],"14":[0],"15":[0,0],"16":[0],"17":[1,0],"18":[1],"19":[0,0],"20":[1,0],"21":[1,0],"22":[1,1],"23":[1],"24":[0],"25":[0,0,0,0],"26":[0],"27":[0,0],"28":[0],"29":[0,0],"30":[0,0],"31":[0,0],"32":[1,0]}}
,"I:\\9034\\FringeOnlineBooking\\backend\\src\\controllers\\admin\\StaffController.ts": {"path":"I:\\9034\\FringeOnlineBooking\\backend\\src\\controllers\\admin\\StaffController.ts","statementMap":{"0":{"start":{"line":2,"column":0},"end":{"line":2,"column":57}},"1":{"start":{"line":3,"column":0},"end":{"line":3,"column":53}},"2":{"start":{"line":5,"column":13},"end":{"line":78,"column":2}},"3":{"start":{"line":7,"column":22},"end":{"line":7,"column":55}},"4":{"start":{"line":8,"column":18},"end":{"line":8,"column":75}},"5":{"start":{"line":9,"column":4},"end":{"line":9,"column":24}},"6":{"start":{"line":13,"column":22},"end":{"line":13,"column":55}},"7":{"start":{"line":14,"column":18},"end":{"line":14,"column":97}},"8":{"start":{"line":15,"column":4},"end":{"line":15,"column":76}},"9":{"start":{"line":15,"column":16},"end":{"line":15,"column":76}},"10":{"start":{"line":16,"column":4},"end":{"line":16,"column":24}},"11":{"start":{"line":20,"column":22},"end":{"line":20,"column":55}},"12":{"start":{"line":21,"column":68},"end":{"line":21,"column":76}},"13":{"start":{"line":22,"column":18},"end":{"line":30,"column":6}},"14":{"start":{"line":31,"column":4},"end":{"line":31,"column":32}},"15":{"start":{"line":32,"column":4},"end":{"line":32,"column":36}},"16":{"start":{"line":36,"column":22},"end":{"line":36,"column":55}},"17":{"start":{"line":37,"column":18},"end":{"line":37,"column":97}},"18":{"start":{"line":38,"column":4},"end":{"line":38,"column":76}},"19":{"start":{"line":38,"column":16},"end":{"line":38,"column":76}},"20":{"start":{"line":39,"column":4},"end":{"line":39,"column":35}},"21":{"start":{"line":40,"column":4},"end":{"line":40,"column":32}},"22":{"start":{"line":41,"column":4},"end":{"line":41,"column":24}},"23":{"start":{"line":45,"column":22},"end":{"line":45,"column":55}},"24":{"start":{"line":46,"column":18},"end":{"line":46,"column":97}},"25":{"start":{"line":47,"column":4},"end":{"line":47,"column":76}},"26":{"start":{"line":47,"column":16},"end":{"line":47,"column":76}},"27":{"start":{"line":48,"column":4},"end":{"line":48,"column":34}},"28":{"start":{"line":49,"column":4},"end":{"line":49,"column":43}},"29":{"start":{"line":53,"column":22},"end":{"line":53,"column":55}},"30":{"start":{"line":54,"column":18},"end":{"line":54,"column":97}},"31":{"start":{"line":55,"column":4},"end":{"line":55,"column":76}},"32":{"start":{"line":55,"column":16},"end":{"line":55,"column":76}},"33":{"start":{"line":56,"column":4},"end":{"line":56,"column":33}},"34":{"start":{"line":57,"column":4},"end":{"line":57,"column":32}},"35":{"start":{"line":58,"column":4},"end":{"line":58,"column":24}},"36":{"start":{"line":62,"column":22},"end":{"line":62,"column":55}},"37":{"start":{"line":63,"column":18},"end":{"line":63,"column":97}},"38":{"start":{"line":64,"column":4},"end":{"line":64,"column":76}},"39":{"start":{"line":64,"column":16},"end":{"line":64,"column":76}},"40":{"start":{"line":65,"column":4},"end":{"line":65,"column":49}},"41":{"start":{"line":66,"column":4},"end":{"line":66,"column":32}},"42":{"start":{"line":67,"column":4},"end":{"line":67,"column":24}},"43":{"start":{"line":71,"column":22},"end":{"line":71,"column":55}},"44":{"start":{"line":72,"column":18},"end":{"line":72,"column":97}},"45":{"start":{"line":73,"column":4},"end":{"line":73,"column":76}},"46":{"start":{"line":73,"column":16},"end":{"line":73,"column":76}},"47":{"start":{"line":74,"column":4},"end":{"line":74,"column":35}},"48":{"start":{"line":75,"column":4},"end":{"line":75,"column":32}},"49":{"start":{"line":76,"column":4},"end":{"line":76,"column":24}}},"fnMap":{"0":{"name":"(anonymous_7)","decl":{"start":{"line":6,"column":8},"end":{"line":6,"column":17}},"loc":{"start":{"line":6,"column":45},"end":{"line":10,"column":null}}},"1":{"name":"(anonymous_9)","decl":{"start":{"line":12,"column":8},"end":{"line":12,"column":16}},"loc":{"start":{"line":12,"column":44},"end":{"line":17,"column":null}}},"2":{"name":"(anonymous_11)","decl":{"start":{"line":19,"column":8},"end":{"line":19,"column":19}},"loc":{"start":{"line":19,"column":47},"end":{"line":33,"column":null}}},"3":{"name":"(anonymous_13)","decl":{"start":{"line":35,"column":8},"end":{"line":35,"column":19}},"loc":{"start":{"line":35,"column":47},"end":{"line":42,"column":null}}},"4":{"name":"(anonymous_15)","decl":{"start":{"line":44,"column":8},"end":{"line":44,"column":19}},"loc":{"start":{"line":44,"column":47},"end":{"line":50,"column":null}}},"5":{"name":"(anonymous_17)","decl":{"start":{"line":52,"column":8},"end":{"line":52,"column":19}},"loc":{"start":{"line":52,"column":47},"end":{"line":59,"column":null}}},"6":{"name":"(anonymous_19)","decl":{"start":{"line":61,"column":8},"end":{"line":61,"column":27}},"loc":{"start":{"line":61,"column":55},"end":{"line":68,"column":null}}},"7":{"name":"(anonymous_21)","decl":{"start":{"line":70,"column":8},"end":{"line":70,"column":20}},"loc":{"start":{"line":70,"column":48},"end":{"line":77,"column":null}}}},"branchMap":{"0":{"loc":{"start":{"line":15,"column":4},"end":{"line":15,"column":76}},"type":"if","locations":[{"start":{"line":15,"column":4},"end":{"line":15,"column":76}}]},"1":{"loc":{"start":{"line":38,"column":4},"end":{"line":38,"column":76}},"type":"if","locations":[{"start":{"line":38,"column":4},"end":{"line":38,"column":76}}]},"2":{"loc":{"start":{"line":47,"column":4},"end":{"line":47,"column":76}},"type":"if","locations":[{"start":{"line":47,"column":4},"end":{"line":47,"column":76}}]},"3":{"loc":{"start":{"line":55,"column":4},"end":{"line":55,"column":76}},"type":"if","locations":[{"start":{"line":55,"column":4},"end":{"line":55,"column":76}}]},"4":{"loc":{"start":{"line":64,"column":4},"end":{"line":64,"column":76}},"type":"if","locations":[{"start":{"line":64,"column":4},"end":{"line":64,"column":76}}]},"5":{"loc":{"start":{"line":73,"column":4},"end":{"line":73,"column":76}},"type":"if","locations":[{"start":{"line":73,"column":4},"end":{"line":73,"column":76}}]}},"s":{"0":1,"1":1,"2":1,"3":1,"4":1,"5":1,"6":1,"7":1,"8":1,"9":1,"10":0,"11":1,"12":1,"13":1,"14":1,"15":1,"16":1,"17":1,"18":1,"19":0,"20":1,"21":1,"22":1,"23":1,"24":1,"25":1,"26":0,"27":1,"28":0,"29":1,"30":1,"31":1,"32":0,"33":1,"34":1,"35":1,"36":1,"37":1,"38":1,"39":0,"40":1,"41":1,"42":1,"43":1,"44":1,"45":1,"46":0,"47":1,"48":1,"49":1},"f":{"0":1,"1":1,"2":1,"3":1,"4":1,"5":1,"6":1,"7":1},"b":{"0":[1],"1":[0],"2":[0],"3":[0],"4":[0],"5":[0]}}
,"I:\\9034\\FringeOnlineBooking\\backend\\src\\controllers\\admin\\TicketAdminController.ts": {"path":"I:\\9034\\FringeOnlineBooking\\backend\\src\\controllers\\admin\\TicketAdminController.ts","statementMap":{"0":{"start":{"line":2,"column":0},"end":{"line":2,"column":56}},"1":{"start":{"line":3,"column":0},"end":{"line":3,"column":31}},"2":{"start":{"line":5,"column":13},"end":{"line":49,"column":2}},"3":{"start":{"line":10,"column":4},"end":{"line":47,"column":5}},"4":{"start":{"line":12,"column":26},"end":{"line":12,"column":36}},"5":{"start":{"line":13,"column":29},"end":{"line":13,"column":79}},"6":{"start":{"line":16,"column":26},"end":{"line":26,"column":8}},"7":{"start":{"line":28,"column":6},"end":{"line":32,"column":9}},"8":{"start":{"line":34,"column":6},"end":{"line":34,"column":25}},"9":{"start":{"line":35,"column":6},"end":{"line":41,"column":7}},"10":{"start":{"line":36,"column":8},"end":{"line":40,"column":11}},"11":{"start":{"line":42,"column":6},"end":{"line":46,"column":9}}},"fnMap":{"0":{"name":"(anonymous_7)","decl":{"start":{"line":9,"column":8},"end":{"line":9,"column":18}},"loc":{"start":{"line":9,"column":46},"end":{"line":48,"column":null}}}},"branchMap":{"0":{"loc":{"start":{"line":35,"column":6},"end":{"line":41,"column":7}},"type":"if","locations":[{"start":{"line":35,"column":6},"end":{"line":41,"column":7}}]},"1":{"loc":{"start":{"line":45,"column":15},"end":{"line":45,"column":76}},"type":"cond-expr","locations":[{"start":{"line":45,"column":38},"end":{"line":45,"column":49}},{"start":{"line":45,"column":52},"end":{"line":45,"column":76}}]}},"s":{"0":1,"1":1,"2":1,"3":3,"4":3,"5":3,"6":1,"7":1,"8":2,"9":2,"10":1,"11":1},"f":{"0":3},"b":{"0":[1],"1":[1,0]}}
,"I:\\9034\\FringeOnlineBooking\\backend\\src\\controllers\\admin\\VenueController.ts": {"path":"I:\\9034\\FringeOnlineBooking\\backend\\src\\controllers\\admin\\VenueController.ts","statementMap":{"0":{"start":{"line":2,"column":0},"end":{"line":2,"column":75}},"1":{"start":{"line":3,"column":0},"end":{"line":3,"column":31}},"2":{"start":{"line":5,"column":13},"end":{"line":171,"column":2}},"3":{"start":{"line":10,"column":4},"end":{"line":37,"column":5}},"4":{"start":{"line":14,"column":25},"end":{"line":23,"column":8}},"5":{"start":{"line":25,"column":6},"end":{"line":29,"column":9}},"6":{"start":{"line":31,"column":6},"end":{"line":31,"column":25}},"7":{"start":{"line":32,"column":6},"end":{"line":36,"column":9}},"8":{"start":{"line":44,"column":4},"end":{"line":74,"column":5}},"9":{"start":{"line":46,"column":28},"end":{"line":46,"column":61}},"10":{"start":{"line":49,"column":21},"end":{"line":52,"column":null}},"11":{"start":{"line":55,"column":6},"end":{"line":59,"column":9}},"12":{"start":{"line":61,"column":6},"end":{"line":61,"column":25}},"13":{"start":{"line":62,"column":6},"end":{"line":68,"column":7}},"14":{"start":{"line":63,"column":8},"end":{"line":67,"column":11}},"15":{"start":{"line":69,"column":6},"end":{"line":73,"column":9}},"16":{"start":{"line":81,"column":4},"end":{"line":107,"column":5}},"17":{"start":{"line":83,"column":21},"end":{"line":83,"column":31}},"18":{"start":{"line":86,"column":24},"end":{"line":93,"column":8}},"19":{"start":{"line":95,"column":6},"end":{"line":99,"column":9}},"20":{"start":{"line":101,"column":6},"end":{"line":101,"column":25}},"21":{"start":{"line":102,"column":6},"end":{"line":106,"column":9}},"22":{"start":{"line":114,"column":4},"end":{"line":145,"column":5}},"23":{"start":{"line":116,"column":21},"end":{"line":116,"column":31}},"24":{"start":{"line":117,"column":28},"end":{"line":117,"column":61}},"25":{"start":{"line":120,"column":28},"end":{"line":123,"column":null}},"26":{"start":{"line":126,"column":6},"end":{"line":130,"column":9}},"27":{"start":{"line":132,"column":6},"end":{"line":132,"column":25}},"28":{"start":{"line":133,"column":6},"end":{"line":139,"column":7}},"29":{"start":{"line":134,"column":8},"end":{"line":138,"column":11}},"30":{"start":{"line":140,"column":6},"end":{"line":144,"column":9}},"31":{"start":{"line":152,"column":4},"end":{"line":169,"column":5}},"32":{"start":{"line":154,"column":21},"end":{"line":154,"column":31}},"33":{"start":{"line":157,"column":6},"end":{"line":161,"column":9}},"34":{"start":{"line":163,"column":6},"end":{"line":163,"column":25}},"35":{"start":{"line":164,"column":6},"end":{"line":168,"column":9}}},"fnMap":{"0":{"name":"(anonymous_7)","decl":{"start":{"line":9,"column":8},"end":{"line":9,"column":14}},"loc":{"start":{"line":9,"column":42},"end":{"line":38,"column":null}}},"1":{"name":"(anonymous_9)","decl":{"start":{"line":43,"column":8},"end":{"line":43,"column":14}},"loc":{"start":{"line":43,"column":42},"end":{"line":75,"column":null}}},"2":{"name":"(anonymous_11)","decl":{"start":{"line":80,"column":8},"end":{"line":80,"column":15}},"loc":{"start":{"line":80,"column":43},"end":{"line":108,"column":null}}},"3":{"name":"(anonymous_13)","decl":{"start":{"line":113,"column":8},"end":{"line":113,"column":14}},"loc":{"start":{"line":113,"column":42},"end":{"line":146,"column":null}}},"4":{"name":"(anonymous_15)","decl":{"start":{"line":151,"column":8},"end":{"line":151,"column":14}},"loc":{"start":{"line":151,"column":42},"end":{"line":170,"column":null}}}},"branchMap":{"0":{"loc":{"start":{"line":35,"column":15},"end":{"line":35,"column":76}},"type":"cond-expr","locations":[{"start":{"line":35,"column":38},"end":{"line":35,"column":49}},{"start":{"line":35,"column":52},"end":{"line":35,"column":76}}]},"1":{"loc":{"start":{"line":62,"column":6},"end":{"line":68,"column":7}},"type":"if","locations":[{"start":{"line":62,"column":6},"end":{"line":68,"column":7}}]},"2":{"loc":{"start":{"line":72,"column":15},"end":{"line":72,"column":76}},"type":"cond-expr","locations":[{"start":{"line":72,"column":38},"end":{"line":72,"column":49}},{"start":{"line":72,"column":52},"end":{"line":72,"column":76}}]},"3":{"loc":{"start":{"line":105,"column":15},"end":{"line":105,"column":76}},"type":"cond-expr","locations":[{"start":{"line":105,"column":38},"end":{"line":105,"column":49}},{"start":{"line":105,"column":52},"end":{"line":105,"column":76}}]},"4":{"loc":{"start":{"line":133,"column":6},"end":{"line":139,"column":7}},"type":"if","locations":[{"start":{"line":133,"column":6},"end":{"line":139,"column":7}}]},"5":{"loc":{"start":{"line":143,"column":15},"end":{"line":143,"column":76}},"type":"cond-expr","locations":[{"start":{"line":143,"column":38},"end":{"line":143,"column":49}},{"start":{"line":143,"column":52},"end":{"line":143,"column":76}}]},"6":{"loc":{"start":{"line":167,"column":15},"end":{"line":167,"column":76}},"type":"cond-expr","locations":[{"start":{"line":167,"column":38},"end":{"line":167,"column":49}},{"start":{"line":167,"column":52},"end":{"line":167,"column":76}}]}},"s":{"0":1,"1":1,"2":1,"3":1,"4":1,"5":1,"6":0,"7":0,"8":2,"9":2,"10":1,"11":1,"12":1,"13":1,"14":1,"15":0,"16":1,"17":1,"18":1,"19":1,"20":0,"21":0,"22":2,"23":2,"24":2,"25":1,"26":1,"27":1,"28":1,"29":1,"30":0,"31":1,"32":1,"33":1,"34":0,"35":0},"f":{"0":1,"1":2,"2":1,"3":2,"4":1},"b":{"0":[0,0],"1":[1],"2":[0,0],"3":[0,0],"4":[1],"5":[0,0],"6":[0,0]}}
,"I:\\9034\\FringeOnlineBooking\\backend\\src\\controllers\\public\\BookingController.ts": {"path":"I:\\9034\\FringeOnlineBooking\\backend\\src\\controllers\\public\\BookingController.ts","statementMap":{"0":{"start":{"line":2,"column":0},"end":{"line":2,"column":31}},"1":{"start":{"line":3,"column":0},"end":{"line":3,"column":101}},"2":{"start":{"line":4,"column":0},"end":{"line":4,"column":57}},"3":{"start":{"line":5,"column":0},"end":{"line":5,"column":64}},"4":{"start":{"line":6,"column":0},"end":{"line":6,"column":45}},"5":{"start":{"line":7,"column":0},"end":{"line":7,"column":43}},"6":{"start":{"line":9,"column":20},"end":{"line":9,"column":56}},"7":{"start":{"line":10,"column":18},"end":{"line":10,"column":52}},"8":{"start":{"line":11,"column":17},"end":{"line":11,"column":50}},"9":{"start":{"line":13,"column":13},"end":{"line":389,"column":2}},"10":{"start":{"line":18,"column":4},"end":{"line":64,"column":5}},"11":{"start":{"line":19,"column":26},"end":{"line":19,"column":36}},"12":{"start":{"line":20,"column":21},"end":{"line":20,"column":33}},"13":{"start":{"line":22,"column":6},"end":{"line":27,"column":7}},"14":{"start":{"line":23,"column":8},"end":{"line":26,"column":11}},"15":{"start":{"line":34,"column":26},"end":{"line":50,"column":8}},"16":{"start":{"line":52,"column":6},"end":{"line":56,"column":9}},"17":{"start":{"line":58,"column":6},"end":{"line":58,"column":53}},"18":{"start":{"line":59,"column":6},"end":{"line":63,"column":9}},"19":{"start":{"line":71,"column":4},"end":{"line":124,"column":5}},"20":{"start":{"line":72,"column":21},"end":{"line":72,"column":33}},"21":{"start":{"line":73,"column":6},"end":{"line":78,"column":7}},"22":{"start":{"line":74,"column":8},"end":{"line":77,"column":11}},"23":{"start":{"line":80,"column":28},"end":{"line":80,"column":63}},"24":{"start":{"line":81,"column":57},"end":{"line":81,"column":70}},"25":{"start":{"line":90,"column":26},"end":{"line":103,"column":8}},"26":{"start":{"line":95,"column":34},"end":{"line":95,"column":60}},"27":{"start":{"line":96,"column":59},"end":{"line":100,"column":10}},"28":{"start":{"line":105,"column":6},"end":{"line":109,"column":9}},"29":{"start":{"line":111,"column":6},"end":{"line":111,"column":52}},"30":{"start":{"line":112,"column":6},"end":{"line":118,"column":7}},"31":{"start":{"line":113,"column":8},"end":{"line":117,"column":11}},"32":{"start":{"line":119,"column":6},"end":{"line":123,"column":9}},"33":{"start":{"line":131,"column":4},"end":{"line":178,"column":5}},"34":{"start":{"line":132,"column":21},"end":{"line":132,"column":31}},"35":{"start":{"line":133,"column":21},"end":{"line":133,"column":33}},"36":{"start":{"line":135,"column":6},"end":{"line":140,"column":7}},"37":{"start":{"line":136,"column":8},"end":{"line":139,"column":11}},"38":{"start":{"line":147,"column":26},"end":{"line":164,"column":8}},"39":{"start":{"line":166,"column":6},"end":{"line":170,"column":9}},"40":{"start":{"line":172,"column":6},"end":{"line":172,"column":60}},"41":{"start":{"line":173,"column":6},"end":{"line":177,"column":9}},"42":{"start":{"line":185,"column":4},"end":{"line":233,"column":5}},"43":{"start":{"line":186,"column":21},"end":{"line":186,"column":31}},"44":{"start":{"line":187,"column":21},"end":{"line":187,"column":33}},"45":{"start":{"line":189,"column":6},"end":{"line":194,"column":7}},"46":{"start":{"line":190,"column":8},"end":{"line":193,"column":11}},"47":{"start":{"line":196,"column":28},"end":{"line":196,"column":63}},"48":{"start":{"line":197,"column":25},"end":{"line":197,"column":38}},"49":{"start":{"line":207,"column":35},"end":{"line":212,"column":8}},"50":{"start":{"line":214,"column":6},"end":{"line":218,"column":9}},"51":{"start":{"line":220,"column":6},"end":{"line":220,"column":54}},"52":{"start":{"line":221,"column":6},"end":{"line":227,"column":7}},"53":{"start":{"line":222,"column":8},"end":{"line":226,"column":11}},"54":{"start":{"line":228,"column":6},"end":{"line":232,"column":9}},"55":{"start":{"line":240,"column":4},"end":{"line":299,"column":5}},"56":{"start":{"line":241,"column":21},"end":{"line":241,"column":33}},"57":{"start":{"line":242,"column":6},"end":{"line":247,"column":7}},"58":{"start":{"line":243,"column":8},"end":{"line":246,"column":11}},"59":{"start":{"line":249,"column":29},"end":{"line":249,"column":64}},"60":{"start":{"line":250,"column":58},"end":{"line":250,"column":72}},"61":{"start":{"line":257,"column":27},"end":{"line":278,"column":8}},"62":{"start":{"line":280,"column":6},"end":{"line":284,"column":9}},"63":{"start":{"line":286,"column":6},"end":{"line":286,"column":58}},"64":{"start":{"line":287,"column":6},"end":{"line":293,"column":7}},"65":{"start":{"line":288,"column":8},"end":{"line":292,"column":11}},"66":{"start":{"line":294,"column":6},"end":{"line":298,"column":9}},"67":{"start":{"line":306,"column":4},"end":{"line":322,"column":5}},"68":{"start":{"line":307,"column":21},"end":{"line":307,"column":33}},"69":{"start":{"line":308,"column":6},"end":{"line":310,"column":7}},"70":{"start":{"line":309,"column":8},"end":{"line":309,"column":105}},"71":{"start":{"line":312,"column":27},"end":{"line":314,"column":8}},"72":{"start":{"line":315,"column":6},"end":{"line":319,"column":9}},"73":{"start":{"line":321,"column":6},"end":{"line":321,"column":116}},"74":{"start":{"line":329,"column":4},"end":{"line":345,"column":5}},"75":{"start":{"line":330,"column":21},"end":{"line":330,"column":33}},"76":{"start":{"line":331,"column":6},"end":{"line":333,"column":7}},"77":{"start":{"line":332,"column":8},"end":{"line":332,"column":105}},"78":{"start":{"line":334,"column":21},"end":{"line":334,"column":31}},"79":{"start":{"line":337,"column":29},"end":{"line":337,"column":78}},"80":{"start":{"line":338,"column":6},"end":{"line":342,"column":9}},"81":{"start":{"line":344,"column":6},"end":{"line":344,"column":111}},"82":{"start":{"line":352,"column":4},"end":{"line":366,"column":5}},"83":{"start":{"line":353,"column":21},"end":{"line":353,"column":33}},"84":{"start":{"line":354,"column":6},"end":{"line":356,"column":7}},"85":{"start":{"line":355,"column":8},"end":{"line":355,"column":105}},"86":{"start":{"line":357,"column":21},"end":{"line":357,"column":31}},"87":{"start":{"line":359,"column":6},"end":{"line":363,"column":9}},"88":{"start":{"line":365,"column":6},"end":{"line":365,"column":111}},"89":{"start":{"line":373,"column":4},"end":{"line":387,"column":5}},"90":{"start":{"line":374,"column":21},"end":{"line":374,"column":33}},"91":{"start":{"line":375,"column":6},"end":{"line":377,"column":7}},"92":{"start":{"line":376,"column":8},"end":{"line":376,"column":105}},"93":{"start":{"line":378,"column":21},"end":{"line":378,"column":31}},"94":{"start":{"line":380,"column":6},"end":{"line":384,"column":9}},"95":{"start":{"line":386,"column":6},"end":{"line":386,"column":112}}},"fnMap":{"0":{"name":"(anonym
[...]
25}},"loc":{"start":{"line":81,"column":40},"end":{"line":87,"column":null}}},"5":{"name":"(anonymous_15)","decl":{"start":{"line":89,"column":10},"end":{"line":89,"column":23}},"loc":{"start":{"line":89,"column":57},"end":{"line":123,"column":null}}},"6":{"name":"(anonymous_17)","decl":{"start":{"line":117,"column":32},"end":{"line":117,"column":38}},"loc":{"start":{"line":117,"column":41},"end":{"line":119,"column":9}}},"7":{"name":"(anonymous_18)","decl":{"start":{"line":125,"column":10},"end":{"line":125,"column":24}},"loc":{"start":{"line":125,"column":42},"end":{"line":144,"column":null}}}},"branchMap":{"0":{"loc":{"start":{"line":23,"column":8},"end":{"line":25,"column":9}},"type":"if","locations":[{"start":{"line":23,"column":8},"end":{"line":25,"column":9}}]},"1":{"loc":{"start":{"line":28,"column":8},"end":{"line":30,"column":9}},"type":"if","locations":[{"start":{"line":28,"column":8},"end":{"line":30,"column":9}}]},"2":{"loc":{"start":{"line":32,"column":8},"end":{"line":34,"column":9}},"type":"if","locations":[{"start":{"line":32,"column":8},"end":{"line":34,"column":9}}]},"3":{"loc":{"start":{"line":74,"column":8},"end":{"line":76,"column":9}},"type":"if","locations":[{"start":{"line":74,"column":8},"end":{"line":76,"column":9}}]},"4":{"loc":{"start":{"line":95,"column":8},"end":{"line":97,"column":9}},"type":"if","locations":[{"start":{"line":95,"column":8},"end":{"line":97,"column":9}}]},"5":{"loc":{"start":{"line":99,"column":8},"end":{"line":101,"column":9}},"type":"if","locations":[{"start":{"line":99,"column":8},"end":{"line":101,"column":9}}]},"6":{"loc":{"start":{"line":103,"column":8},"end":{"line":105,"column":9}},"type":"if","locations":[{"start":{"line":103,"column":8},"end":{"line":105,"column":9}}]},"7":{"loc":{"start":{"line":130,"column":8},"end":{"line":132,"column":9}},"type":"if","locations":[{"start":{"line":130,"column":8},"end":{"line":132,"column":9}}]},"8":{"loc":{"start":{"line":134,"column":8},"end":{"line":136,"column":9}},"type":"if","locations":[{"start":{"line":134,"column":8},"end":{"line":136,"column":9}}]},"9":{"loc":{"start":{"line":138,"column":8},"end":{"line":140,"column":9}},"type":"if","locations":[{"start":{"line":138,"column":8},"end":{"line":140,"column":9}}]}},"s":{"0":1,"1":1,"2":1,"3":1,"4":1,"5":15,"6":15,"7":15,"8":15,"9":4,"10":4,"11":1,"12":3,"13":3,"14":1,"15":2,"16":1,"17":1,"18":1,"19":1,"20":2,"21":1,"22":1,"23":1,"24":1,"25":1,"26":2,"27":2,"28":1,"29":1,"30":1,"31":4,"32":4,"33":1,"34":3,"35":1,"36":2,"37":1,"38":1,"39":1,"40":1,"41":1,"42":1,"43":1,"44":1,"45":2,"46":1,"47":1,"48":4,"49":4,"50":1,"51":3,"52":1,"53":2,"54":1,"55":1,"56":1,"57":1},"f":{"0":15,"1":4,"2":2,"3":2,"4":1,"5":4,"6":2,"7":4},"b":{"0":[1],"1":[1],"2":[1],"3":[1],"4":[1],"5":[1],"6":[1],"7":[1],"8":[1],"9":[1]}}
,"I:\\9034\\FringeOnlineBooking\\backend\\src\\services\\EventService.ts": {"path":"I:\\9034\\FringeOnlineBooking\\backend\\src\\services\\EventService.ts","statementMap":{"0":{"start":{"line":1,"column":0},"end":{"line":1,"column":54}},"1":{"start":{"line":2,"column":0},"end":{"line":2,"column":55}},"2":{"start":{"line":3,"column":0},"end":{"line":3,"column":50}},"3":{"start":{"line":34,"column":8},"end":{"line":34,"column":66}},"4":{"start":{"line":35,"column":8},"end":{"line":35,"column":64}},"5":{"start":{"line":39,"column":26},"end":{"line":39,"column":91}},"6":{"start":{"line":40,"column":8},"end":{"line":42,"column":9}},"7":{"start":{"line":41,"column":12},"end":{"line":41,"column":51}},"8":{"start":{"line":44,"column":8},"end":{"line":46,"column":9}},"9":{"start":{"line":45,"column":12},"end":{"line":45,"column":56}},"10":{"start":{"line":48,"column":8},"end":{"line":50,"column":9}},"11":{"start":{"line":49,"column":12},"end":{"line":49,"column":65}},"12":{"start":{"line":52,"column":22},"end":{"line":52,"column":33}},"13":{"start":{"line":53,"column":8},"end":{"line":59,"column":11}},"14":{"start":{"line":61,"column":8},"end":{"line":61,"column":48}},"15":{"start":{"line":65,"column":22},"end":{"line":68,"column":10}},"16":{"start":{"line":70,"column":8},"end":{"line":72,"column":9}},"17":{"start":{"line":71,"column":12},"end":{"line":71,"column":47}},"18":{"start":{"line":74,"column":8},"end":{"line":76,"column":9}},"19":{"start":{"line":75,"column":12},"end":{"line":75,"column":71}},"20":{"start":{"line":78,"column":8},"end":{"line":80,"column":9}},"21":{"start":{"line":79,"column":12},"end":{"line":79,"column":81}},"22":{"start":{"line":82,"column":8},"end":{"line":84,"column":9}},"23":{"start":{"line":83,"column":12},"end":{"line":83,"column":65}},"24":{"start":{"line":86,"column":8},"end":{"line":86,"column":40}},"25":{"start":{"line":87,"column":8},"end":{"line":87,"column":48}},"26":{"start":{"line":91,"column":22},"end":{"line":94,"column":10}},"27":{"start":{"line":96,"column":8},"end":{"line":98,"column":9}},"28":{"start":{"line":97,"column":12},"end":{"line":97,"column":47}},"29":{"start":{"line":100,"column":8},"end":{"line":100,"column":21}},"30":{"start":{"line":103,"column":21},"end":{"line":123,"column":null}},"31":{"start":{"line":109,"column":62},"end":{"line":109,"column":69}},"32":{"start":{"line":110,"column":21},"end":{"line":110,"column":39}},"33":{"start":{"line":112,"column":27},"end":{"line":112,"column":29}},"34":{"start":{"line":113,"column":8},"end":{"line":113,"column":42}},"35":{"start":{"line":113,"column":20},"end":{"line":113,"column":42}},"36":{"start":{"line":114,"column":8},"end":{"line":114,"column":63}},"37":{"start":{"line":114,"column":25},"end":{"line":114,"column":63}},"38":{"start":{"line":116,"column":8},"end":{"line":122,"column":11}},"39":{"start":{"line":126,"column":22},"end":{"line":129,"column":10}},"40":{"start":{"line":131,"column":8},"end":{"line":133,"column":9}},"41":{"start":{"line":132,"column":12},"end":{"line":132,"column":47}},"42":{"start":{"line":135,"column":8},"end":{"line":137,"column":9}},"43":{"start":{"line":136,"column":12},"end":{"line":136,"column":71}},"44":{"start":{"line":139,"column":8},"end":{"line":141,"column":9}},"45":{"start":{"line":140,"column":12},"end":{"line":140,"column":74}},"46":{"start":{"line":143,"column":8},"end":{"line":143,"column":51}},"47":{"start":{"line":29,"column":0},"end":{"line":29,"column":13}}},"fnMap":{"0":{"name":"(anonymous_7)","decl":{"start":{"line":33,"column":4},"end":{"line":33,"column":null}},"loc":{"start":{"line":33,"column":4},"end":{"line":36,"column":5}}},"1":{"name":"(anonymous_8)","decl":{"start":{"line":38,"column":10},"end":{"line":38,"column":21}},"loc":{"start":{"line":38,"column":69},"end":{"line":62,"column":null}}},"2":{"name":"(anonymous_10)","decl":{"start":{"line":64,"column":10},"end":{"line":64,"column":21}},"loc":{"start":{"line":64,"column":81},"end":{"line":88,"column":null}}},"3":{"name":"(anonymous_12)","decl":{"start":{"line":90,"column":10},"end":{"line":90,"column":25}},"loc":{"start":{"line":90,"column":41},"end":{"line":101,"column":null}}},"4":{"name":"(anonymous_14)","decl":{"start":{"line":103,"column":10},"end":{"line":103,"column":20}},"loc":{"start":{"line":103,"column":20},"end":{"line":123,"column":null}}},"5":{"name":"(anonymous_15)","decl":{"start":{"line":103,"column":21},"end":{"line":103,"column":null}},"loc":{"start":{"line":108,"column":10},"end":{"line":123,"column":5}}},"6":{"name":"(anonymous_16)","decl":{"start":{"line":125,"column":10},"end":{"line":125,"column":21}},"loc":{"start":{"line":125,"column":53},"end":{"line":144,"column":null}}}},"branchMap":{"0":{"loc":{"start":{"line":40,"column":8},"end":{"line":42,"column":9}},"type":"if","locations":[{"start":{"line":40,"column":8},"end":{"line":42,"column":9}}]},"1":{"loc":{"start":{"line":44,"column":8},"end":{"line":46,"column":9}},"type":"if","locations":[{"start":{"line":44,"column":8},"end":{"line":46,"column":9}}]},"2":{"loc":{"start":{"line":48,"column":8},"end":{"line":50,"column":9}},"type":"if","locations":[{"start":{"line":48,"column":8},"end":{"line":50,"column":9}}]},"3":{"loc":{"start":{"line":70,"column":8},"end":{"line":72,"column":9}},"type":"if","locations":[{"start":{"line":70,"column":8},"end":{"line":72,"column":9}}]},"4":{"loc":{"start":{"line":74,"column":8},"end":{"line":76,"column":9}},"type":"if","locations":[{"start":{"line":74,"column":8},"end":{"line":76,"column":9}}]},"5":{"loc":{"start":{"line":78,"column":8},"end":{"line":80,"column":9}},"type":"if","locations":[{"start":{"line":78,"column":8},"end":{"line":80,"column":9}}]},"6":{"loc":{"start":{"line":78,"column":12},"end":{"line":78,"column":74}},"type":"binary-expr","locations":[{"start":{"line":78,"column":12},"end":{"line":78,"column":30}},{"start":{"line":78,"column":34},"end":{"line":78,"column":74}}]},"7":{"loc":{"start":{"line":82,"column":8},"end":{"line":84,"column":9}},"type":"if","locations":[{"start":{"line":82,"column":8},"end":{"line":84,"column":9}}]},"8":{"loc":{"start":{"line":82,"column":12},"end":{"line":82,"column":96}},"type":"binary-expr","locations":[{"start":{"line":82,"column":12},"end":{"line":82,"column":29}},{"start":{"line":82,"column":33},"end":{"line":82,"column":52}},{"start":{"line":82,"column":56},"end":{"line":82,"column":96}}]},"9":{"loc":{"start":{"line":96,"column":8},"end":{"line":98,"column":9}},"type":"if","locations":[{"start":{"line":96,"column":8},"end":{"line":98,"column":9}}]},"10":{"loc":{"start":{"line":103,"column":21},"end":{"line":108,"column":10}},"type":"default-arg","locations":[{"start":{"line":108,"column":8},"end":{"line":108,"column":10}}]},"11":{"loc":{"start":{"line":109,"column":37},"end":{"line":109,"column":45}},"type":"default-arg","locations":[{"start":{"line":109,"column":44},"end":{"line":109,"column":45}}]},"12":{"loc":{"start":{"line":109,"column":47},"end":{"line":109,"column":57}},"type":"default-arg","locations":[{"start":{"line":109,"column":55},"end":{"line":109,"column":57}}]},"13":{"loc":{"start":{"line":113,"column":8},"end":{"line":113,"column":42}},"type":"if","locations":[{"start":{"line":113,"column":8},"end":{"line":113,"column":42}}]},"14":{"loc":{"start":{"line":114,"column":8},"end":{"line":114,"column":63}},"type":"if","locations":[{"start":{"line":114,"column":8},"end":{"line":114,"column":63}}]},"15":{"loc":{"start":{"line":131,"column":8},"end":{"line":133,"column":9}},"type":"if","locations":[{"start":{"line":131,"column":8},"end":{"line":133,"column":9}}]},"16":{"loc":{"start":{"line":135,"column":8},"end":{"line":137,"column":9}},"type":"if","locations":[{"start":{"line":135,"column":8},"end":{"line":137,"column":9}}]},"17":{"loc":{"start":{"line":139,"column":8},"end":{"line":141,"column":9}},"type":"if","locations":[{"start":{"line":139,"column":8},"end":{"line":141,"column":9}}]}},"s":{"0":1,"1":1,"2":1,"3":17,"4":17,"5":4,"6":4,"7":1,"8":3,"9":1,"10":2,"11":1,"12":1,"13":1,"14":1,"15":5,"16":5,"17":1,"18":4,"19":1,"20":3,"21":1,"22":2,"23":1,"24":1,"25":1,"26":2,"27":2,"28":1,"29":1,"30":2,"31":2,"32":2,"33":2,"34":2,"35":1,"36":2,"37":1,"38":2,"39":4,"40":4,"41":1,"42":3,"43":1,"44":2,"45":1,"46":1,"47":1},"f":{"0":17,"1":4,"2":5,"3":2,"4":2,"5":2,"6":4},"b":{"0":[1],"1":[1],"2":[1],"3":[1],"4":[1],"5":[1],"6":[3,3],"7":[1],"8":[2,1,1],"9":[1],"10":[0],"11":[1],"12":[1],"13":[1],"14":[1],"15":[1],"16":[1],"17":[1]}}
,"I:\\9034\\FringeOnlineBooking\\backend\\src\\services\\TicketService.ts": {"path":"I:\\9034\\FringeOnlineBooking\\backend\\src\\services\\TicketService.ts","statementMap":{"0":{"start":{"line":2,"column":0},"end":{"line":2,"column":70}},"1":{"start":{"line":3,"column":0},"end":{"line":3,"column":42}},"2":{"start":{"line":4,"column":0},"end":{"line":4,"column":40}},"3":{"start":{"line":5,"column":0},"end":{"line":5,"column":54}},"4":{"start":{"line":6,"column":0},"end":{"line":6,"column":36}},"5":{"start":{"line":7,"column":0},"end":{"line":7,"column":33}},"6":{"start":{"line":15,"column":8},"end":{"line":15,"column":68}},"7":{"start":{"line":16,"column":8},"end":{"line":16,"column":66}},"8":{"start":{"line":17,"column":8},"end":{"line":17,"column":64}},"9":{"start":{"line":21,"column":22},"end":{"line":21,"column":84}},"10":{"start":{"line":22,"column":8},"end":{"line":24,"column":9}},"11":{"start":{"line":23,"column":12},"end":{"line":23,"column":47}},"12":{"start":{"line":26,"column":21},"end":{"line":26,"column":81}},"13":{"start":{"line":27,"column":8},"end":{"line":29,"column":9}},"14":{"start":{"line":28,"column":12},"end":{"line":28,"column":46}},"15":{"start":{"line":32,"column":8},"end":{"line":34,"column":9}},"16":{"start":{"line":33,"column":12},"end":{"line":33,"column":49}},"17":{"start":{"line":37,"column":25},"end":{"line":37,"column":33}},"18":{"start":{"line":40,"column":27},"end":{"line":45,"column":10}},"19":{"start":{"line":47,"column":23},"end":{"line":47,"column":57}},"20":{"start":{"line":50,"column":23},"end":{"line":59,"column":10}},"21":{"start":{"line":62,"column":8},"end":{"line":62,"column":37}},"22":{"start":{"line":63,"column":8},"end":{"line":63,"column":33}},"23":{"start":{"line":64,"column":8},"end":{"line":66,"column":9}},"24":{"start":{"line":65,"column":12},"end":{"line":65,"column":35}},"25":{"start":{"line":68,"column":8},"end":{"line":68,"column":47}},"26":{"start":{"line":69,"column":8},"end":{"line":69,"column":56}},"27":{"start":{"line":73,"column":23},"end":{"line":73,"column":87}},"28":{"start":{"line":74,"column":8},"end":{"line":76,"column":9}},"29":{"start":{"line":75,"column":12},"end":{"line":75,"column":48}},"30":{"start":{"line":78,"column":8},"end":{"line":80,"column":9}},"31":{"start":{"line":79,"column":12},"end":{"line":79,"column":54}},"32":{"start":{"line":82,"column":8},"end":{"line":84,"column":9}},"33":{"start":{"line":83,"column":12},"end":{"line":83,"column":48}},"34":{"start":{"line":87,"column":8},"end":{"line":87,"column":32}},"35":{"start":{"line":88,"column":8},"end":{"line":88,"column":38}},"36":{"start":{"line":89,"column":8},"end":{"line":89,"column":37}},"37":{"start":{"line":90,"column":8},"end":{"line":90,"column":42}},"38":{"start":{"line":91,"column":8},"end":{"line":91,"column":49}},"39":{"start":{"line":93,"column":8},"end":{"line":93,"column":20}},"40":{"start":{"line":97,"column":23},"end":{"line":100,"column":10}},"41":{"start":{"line":102,"column":8},"end":{"line":104,"column":9}},"42":{"start":{"line":103,"column":12},"end":{"line":103,"column":48}},"43":{"start":{"line":106,"column":8},"end":{"line":106,"column":22}},"44":{"start":{"line":110,"column":8},"end":{"line":114,"column":11}},"45":{"start":{"line":118,"column":23},"end":{"line":121,"column":10}},"46":{"start":{"line":123,"column":8},"end":{"line":125,"column":9}},"47":{"start":{"line":124,"column":12},"end":{"line":124,"column":48}},"48":{"start":{"line":127,"column":8},"end":{"line":129,"column":9}},"49":{"start":{"line":128,"column":12},"end":{"line":128,"column":62}},"50":{"start":{"line":131,"column":8},"end":{"line":131,"column":47}},"51":{"start":{"line":132,"column":8},"end":{"line":132,"column":33}},"52":{"start":{"line":133,"column":8},"end":{"line":133,"column":39}},"53":{"start":{"line":134,"column":8},"end":{"line":134,"column":37}},"54":{"start":{"line":137,"column":22},"end":{"line":137,"column":34}},"55":{"start":{"line":138,"column":8},"end":{"line":138,"column":37}},"56":{"start":{"line":139,"column":8},"end":{"line":139,"column":33}},"57":{"start":{"line":140,"column":8},"end":{"line":140,"column":32}},"58":{"start":{"line":142,"column":8},"end":{"line":142,"column":47}},"59":{"start":{"line":143,"column":8},"end":{"line":143,"column":56}},"60":{"start":{"line":9,"column":0},"end":{"line":9,"column":13}}},"fnMap":{"0":{"name":"(anonymous_16)","decl":{"start":{"line":14,"column":4},"end":{"line":14,"column":null}},"loc":{"start":{"line":14,"column":4},"end":{"line":18,"column":5}}},"1":{"name":"(anonymous_17)","decl":{"start":{"line":20,"column":10},"end":{"line":20,"column":22}},"loc":{"start":{"line":20,"column":117},"end":{"line":70,"column":null}}},"2":{"name":"(anonymous_19)","decl":{"start":{"line":72,"column":10},"end":{"line":72,"column":24}},"loc":{"start":{"line":72,"column":60},"end":{"line":94,"column":null}}},"3":{"name":"(anonymous_21)","decl":{"start":{"line":96,"column":10},"end":{"line":96,"column":26}},"loc":{"start":{"line":96,"column":43},"end":{"line":107,"column":null}}},"4":{"name":"(anonymous_23)","decl":{"start":{"line":109,"column":10},"end":{"line":109,"column":24}},"loc":{"start":{"line":109,"column":39},"end":{"line":115,"column":null}}},"5":{"name":"(anonymous_25)","decl":{"start":{"line":117,"column":10},"end":{"line":117,"column":22}},"loc":{"start":{"line":117,"column":55},"end":{"line":144,"column":null}}}},"branchMap":{"0":{"loc":{"start":{"line":22,"column":8},"end":{"line":24,"column":9}},"type":"if","locations":[{"start":{"line":22,"column":8},"end":{"line":24,"column":9}}]},"1":{"loc":{"start":{"line":27,"column":8},"end":{"line":29,"column":9}},"type":"if","locations":[{"start":{"line":27,"column":8},"end":{"line":29,"column":9}}]},"2":{"loc":{"start":{"line":32,"column":8},"end":{"line":34,"column":9}},"type":"if","locations":[{"start":{"line":32,"column":8},"end":{"line":34,"column":9}}]},"3":{"loc":{"start":{"line":64,"column":8},"end":{"line":66,"column":9}},"type":"if","locations":[{"start":{"line":64,"column":8},"end":{"line":66,"column":9}}]},"4":{"loc":{"start":{"line":74,"column":8},"end":{"line":76,"column":9}},"type":"if","locations":[{"start":{"line":74,"column":8},"end":{"line":76,"column":9}}]},"5":{"loc":{"start":{"line":78,"column":8},"end":{"line":80,"column":9}},"type":"if","locations":[{"start":{"line":78,"column":8},"end":{"line":80,"column":9}}]},"6":{"loc":{"start":{"line":82,"column":8},"end":{"line":84,"column":9}},"type":"if","locations":[{"start":{"line":82,"column":8},"end":{"line":84,"column":9}}]},"7":{"loc":{"start":{"line":102,"column":8},"end":{"line":104,"column":9}},"type":"if","locations":[{"start":{"line":102,"column":8},"end":{"line":104,"column":9}}]},"8":{"loc":{"start":{"line":123,"column":8},"end":{"line":125,"column":9}},"type":"if","locations":[{"start":{"line":123,"column":8},"end":{"line":125,"column":9}}]},"9":{"loc":{"start":{"line":127,"column":8},"end":{"line":129,"column":9}},"type":"if","locations":[{"start":{"line":127,"column":8},"end":{"line":129,"column":9}}]}},"s":{"0":1,"1":1,"2":1,"3":1,"4":1,"5":1,"6":14,"7":14,"8":14,"9":4,"10":4,"11":1,"12":3,"13":3,"14":1,"15":2,"16":1,"17":1,"18":1,"19":1,"20":1,"21":1,"22":1,"23":1,"24":1,"25":1,"26":1,"27":4,"28":4,"29":1,"30":3,"31":1,"32":2,"33":1,"34":1,"35":1,"36":1,"37":1,"38":1,"39":1,"40":2,"41":2,"42":1,"43":1,"44":1,"45":3,"46":3,"47":1,"48":2,"49":1,"50":1,"51":1,"52":1,"53":1,"54":1,"55":1,"56":1,"57":1,"58":1,"59":1,"60":1},"f":{"0":14,"1":4,"2":4,"3":2,"4":1,"5":3},"b":{"0":[1],"1":[1],"2":[1],"3":[1],"4":[1],"5":[1],"6":[1],"7":[1],"8":[1],"9":[1]}}
,"I:\\9034\\FringeOnlineBooking\\backend\\src\\utils\\jwt.ts": {"path":"I:\\9034\\FringeOnlineBooking\\backend\\src\\utils\\jwt.ts","statementMap":{"0":{"start":{"line":6,"column":0},"end":{"line":6,"column":16}},"1":{"start":{"line":10,"column":0},"end":{"line":10,"column":16}},"2":{"start":{"line":1,"column":0},"end":{"line":1,"column":31}},"3":{"start":{"line":2,"column":0},"end":{"line":2,"column":44}},"4":{"start":{"line":7,"column":2},"end":{"line":7,"column":49}},"5":{"start":{"line":11,"column":2},"end":{"line":15,"column":3}},"6":{"start":{"line":12,"column":4},"end":{"line":12,"column":51}},"7":{"start":{"line":14,"column":4},"end":{"line":14,"column":37}}},"fnMap":{"0":{"name":"generateToken","decl":{"start":{"line":6,"column":16},"end":{"line":6,"column":29}},"loc":{"start":{"line":6,"column":45},"end":{"line":8,"column":1}}},"1":{"name":"verifyToken","decl":{"start":{"line":10,"column":16},"end":{"line":10,"column":27}},"loc":{"start":{"line":10,"column":41},"end":{"line":16,"column":1}}}},"branchMap":{},"s":{"0":1,"1":1,"2":1,"3":1,"4":1,"5":0,"6":0,"7":0},"f":{"0":1,"1":0},"b":{}}
}
