TN:
SF:src\config\auth.ts
FNF:0
FNH:0
DA:1,1
DA:3,1
LF:2
LH:2
BRDA:4,0,0,1
BRDA:4,0,1,0
BRDA:5,1,0,1
BRDA:5,1,1,1
BRF:4
BRH:3
end_of_record
TN:
SF:src\config\redis.ts
FN:21,(anonymous_8)
FN:25,connectRedis
FNF:2
FNH:1
FNDA:0,(anonymous_8)
FNDA:1,connectRedis
DA:1,1
DA:2,1
DA:3,1
DA:5,1
DA:7,1
DA:8,1
DA:11,1
DA:13,1
DA:21,1
DA:22,0
DA:25,1
DA:26,1
DA:27,1
LF:13
LH:12
BRDA:7,0,0,1
BRDA:7,1,0,1
BRDA:7,1,1,0
BRDA:15,2,0,1
BRDA:15,2,1,1
BRDA:26,3,0,1
BRF:6
BRH:5
end_of_record
TN:
SF:src\controllers\HealthController.ts
FN:8,(anonymous_8)
FN:19,(anonymous_10)
FN:20,(anonymous_11)
FN:28,(anonymous_12)
FN:32,(anonymous_13)
FN:44,(anonymous_14)
FN:45,(anonymous_15)
FN:67,(anonymous_16)
FN:73,(anonymous_18)
FN:74,(anonymous_19)
FN:81,(anonymous_20)
FN:82,(anonymous_21)
FN:96,(anonymous_22)
FN:97,(anonymous_23)
FNF:14
FNH:6
FNDA:1,(anonymous_8)
FNDA:0,(anonymous_10)
FNDA:0,(anonymous_11)
FNDA:0,(anonymous_12)
FNDA:0,(anonymous_13)
FNDA:16,(anonymous_14)
FNDA:16,(anonymous_15)
FNDA:1,(anonymous_16)
FNDA:0,(anonymous_18)
FNDA:0,(anonymous_19)
FNDA:0,(anonymous_20)
FNDA:0,(anonymous_21)
FNDA:16,(anonymous_22)
FNDA:16,(anonymous_23)
DA:3,1
DA:4,1
DA:5,1
DA:7,1
DA:9,1
DA:10,1
DA:11,1
DA:14,1
DA:16,1
DA:17,1
DA:18,0
DA:19,0
DA:20,0
DA:24,1
DA:25,1
DA:26,1
DA:27,0
DA:28,0
DA:32,0
DA:37,1
DA:39,1
DA:40,1
DA:41,1
DA:43,1
DA:44,16
DA:45,1
DA:46,16
DA:47,16
DA:49,1
DA:52,1
DA:61,1
DA:63,0
DA:64,0
DA:68,1
DA:70,1
DA:71,1
DA:73,0
DA:74,0
DA:78,1
DA:79,1
DA:81,0
DA:82,0
DA:86,1
DA:87,1
DA:88,1
DA:89,1
DA:95,1
DA:96,16
DA:97,1
DA:98,16
DA:99,16
DA:101,1
DA:104,1
DA:117,1
DA:119,0
DA:120,0
LF:56
LH:42
BRDA:17,0,0,0
BRDA:26,1,0,0
BRDA:29,2,0,0
BRDA:29,2,1,0
BRDA:30,3,0,0
BRDA:30,3,1,0
BRDA:71,4,0,0
BRDA:71,4,1,1
BRDA:79,5,0,0
BRDA:79,5,1,1
BRDA:81,6,0,0
BRDA:81,6,1,0
BRDA:105,7,0,0
BRDA:105,7,1,1
BRDA:105,8,0,1
BRDA:105,8,1,0
BRF:16
BRH:4
end_of_record
TN:
SF:src\controllers\MessageController.ts
FN:34,(anonymous_7)
FN:72,(anonymous_9)
FN:88,(anonymous_11)
FN:109,(anonymous_13)
FNF:4
FNH:4
FNDA:3,(anonymous_7)
FNDA:1,(anonymous_9)
FNDA:2,(anonymous_11)
FNDA:3,(anonymous_13)
DA:8,1
DA:9,1
DA:10,1
DA:12,1
DA:35,3
DA:36,3
DA:38,3
DA:39,1
DA:42,2
DA:43,2
DA:44,2
DA:46,1
DA:47,1
DA:52,1
DA:53,1
DA:73,1
DA:74,1
DA:76,1
DA:85,1
DA:89,2
DA:90,2
DA:91,2
DA:93,2
DA:94,2
DA:95,2
DA:97,1
DA:106,1
DA:110,3
DA:111,3
DA:112,3
DA:114,3
DA:119,3
DA:120,1
DA:123,2
DA:124,1
DA:127,1
DA:128,1
LF:37
LH:37
BRDA:38,0,0,1
BRDA:38,1,0,3
BRDA:38,1,1,2
BRDA:44,2,0,1
BRDA:95,3,0,1
BRDA:119,4,0,1
BRDA:123,5,0,1
BRF:7
BRH:7
end_of_record
TN:
SF:src\controllers\admin\AdminAuthController.ts
FN:15,(anonymous_8)
FNF:1
FNH:1
FNDA:5,(anonymous_8)
DA:2,1
DA:3,1
DA:4,1
DA:5,1
DA:6,1
DA:7,1
DA:9,1
DA:11,1
DA:16,5
DA:17,5
DA:18,3
DA:20,3
DA:28,2
DA:30,2
DA:31,1
DA:38,1
DA:39,1
DA:40,1
DA:47,0
DA:54,0
DA:55,0
DA:57,0
DA:71,3
DA:72,3
DA:73,2
DA:79,1
LF:26
LH:22
BRDA:30,0,0,1
BRDA:39,1,0,1
BRDA:72,2,0,2
BRDA:82,3,0,1
BRDA:82,3,1,0
BRF:5
BRH:4
end_of_record
TN:
SF:src\controllers\admin\AdminSettingsController.ts
FN:9,(anonymous_7)
FN:37,(anonymous_9)
FN:75,(anonymous_11)
FNF:3
FNH:3
FNDA:1,(anonymous_7)
FNDA:1,(anonymous_9)
FNDA:2,(anonymous_11)
DA:2,1
DA:3,1
DA:5,1
DA:10,1
DA:14,1
DA:19,1
DA:25,0
DA:26,0
DA:38,1
DA:40,1
DA:41,1
DA:44,1
DA:50,1
DA:56,0
DA:57,0
DA:58,0
DA:64,0
DA:76,2
DA:77,2
DA:78,1
DA:81,1
DA:87,1
DA:93,0
LF:23
LH:16
BRDA:29,0,0,0
BRDA:29,0,1,0
BRDA:57,1,0,0
BRDA:67,2,0,0
BRDA:67,2,1,0
BRDA:77,3,0,1
BRDA:77,4,0,2
BRDA:77,4,1,2
BRF:8
BRH:3
end_of_record
TN:
SF:src\controllers\admin\AdminStatsController.ts
FN:11,(anonymous_7)
FN:18,(anonymous_9)
FN:25,(anonymous_11)
FN:32,(anonymous_13)
FN:52,(anonymous_15)
FN:65,(anonymous_17)
FNF:6
FNH:6
FNDA:1,(anonymous_7)
FNDA:1,(anonymous_9)
FNDA:1,(anonymous_11)
FNDA:1,(anonymous_13)
FNDA:1,(anonymous_15)
FNDA:1,(anonymous_17)
DA:2,1
DA:3,1
DA:4,1
DA:5,1
DA:6,1
DA:7,1
DA:9,1
DA:12,1
DA:13,1
DA:14,1
DA:19,1
DA:20,1
DA:21,1
DA:26,1
DA:27,1
DA:28,1
DA:33,1
DA:34,1
DA:35,1
DA:36,1
DA:37,7
DA:38,7
DA:39,7
DA:40,7
DA:41,7
DA:46,7
DA:48,1
DA:53,1
DA:54,1
DA:55,1
DA:56,1
DA:66,1
DA:67,1
DA:68,1
DA:69,1
DA:70,24
DA:71,24
DA:72,24
DA:76,24
DA:78,1
LF:40
LH:40
BRDA:46,0,0,7
BRDA:46,0,1,0
BRF:2
BRH:1
end_of_record
TN:
SF:src\controllers\admin\EventController.ts
FN:11,(anonymous_7)
FN:49,(anonymous_9)
FN:86,(anonymous_11)
FN:123,(anonymous_13)
FN:161,(anonymous_15)
FNF:5
FNH:5
FNDA:1,(anonymous_7)
FNDA:3,(anonymous_9)
FNDA:1,(anonymous_11)
FNDA:3,(anonymous_13)
FNDA:1,(anonymous_15)
DA:4,1
DA:5,1
DA:7,1
DA:12,1
DA:16,1
DA:31,1
DA:37,0
DA:38,0
DA:50,3
DA:52,3
DA:55,0
DA:61,0
DA:67,3
DA:68,3
DA:69,2
DA:75,1
DA:87,1
DA:89,1
DA:92,1
DA:105,1
DA:111,0
DA:112,0
DA:124,3
DA:126,3
DA:127,3
DA:130,0
DA:136,0
DA:142,3
DA:143,3
DA:144,2
DA:150,1
DA:162,1
DA:164,1
DA:167,1
DA:173,0
DA:174,0
LF:36
LH:26
BRDA:41,0,0,0
BRDA:41,0,1,0
BRDA:68,1,0,2
BRDA:78,2,0,1
BRDA:78,2,1,0
BRDA:115,3,0,0
BRDA:115,3,1,0
BRDA:143,4,0,2
BRDA:153,5,0,1
BRDA:153,5,1,0
BRDA:177,6,0,0
BRDA:177,6,1,0
BRF:12
BRH:4
end_of_record
TN:
SF:src\controllers\admin\SeatController.ts
FN:17,(anonymous_7)
FN:17,(anonymous_8)
FN:30,(anonymous_9)
FN:74,(anonymous_11)
FN:118,(anonymous_13)
FN:128,(anonymous_14)
FN:135,(anonymous_15)
FN:135,(anonymous_16)
FN:186,(anonymous_17)
FN:232,(anonymous_19)
FN:232,(anonymous_20)
FN:279,(anonymous_21)
FN:299,(anonymous_23)
FN:299,(anonymous_24)
FN:336,(anonymous_25)
FN:378,(anonymous_27)
FN:413,(anonymous_29)
FN:461,(anonymous_31)
FN:461,(anonymous_32)
FN:497,(anonymous_33)
FN:511,(anonymous_35)
FN:512,(anonymous_36)
FN:530,(anonymous_37)
FN:530,(anonymous_38)
FNF:24
FNH:10
FNDA:1,(anonymous_7)
FNDA:1,(anonymous_8)
FNDA:1,(anonymous_9)
FNDA:1,(anonymous_11)
FNDA:0,(anonymous_13)
FNDA:0,(anonymous_14)
FNDA:0,(anonymous_15)
FNDA:0,(anonymous_16)
FNDA:1,(anonymous_17)
FNDA:0,(anonymous_19)
FNDA:0,(anonymous_20)
FNDA:1,(anonymous_21)
FNDA:0,(anonymous_23)
FNDA:0,(anonymous_24)
FNDA:1,(anonymous_25)
FNDA:1,(anonymous_27)
FNDA:1,(anonymous_29)
FNDA:0,(anonymous_31)
FNDA:0,(anonymous_32)
FNDA:1,(anonymous_33)
FNDA:0,(anonymous_35)
FNDA:0,(anonymous_36)
FNDA:0,(anonymous_37)
FNDA:0,(anonymous_38)
DA:2,1
DA:3,1
DA:4,1
DA:10,1
DA:11,1
DA:14,1
DA:17,1
DA:18,1
DA:19,1
DA:21,1
DA:24,1
DA:31,1
DA:32,1
DA:34,0
DA:37,0
DA:42,0
DA:47,0
DA:53,1
DA:54,1
DA:55,1
DA:61,0
DA:75,1
DA:76,0
DA:77,0
DA:79,0
DA:80,0
DA:81,0
DA:82,0
DA:90,0
DA:92,0
DA:95,0
DA:99,0
DA:104,0
DA:108,0
DA:109,0
DA:110,0
DA:118,0
DA:119,0
DA:122,0
DA:123,0
DA:124,0
DA:128,0
DA:134,0
DA:135,0
DA:136,0
DA:137,0
DA:138,0
DA:139,0
DA:142,0
DA:143,0
DA:144,0
DA:147,0
DA:149,0
DA:160,0
DA:161,0
DA:163,0
DA:164,0
DA:171,0
DA:177,0
DA:187,1
DA:188,0
DA:189,0
DA:191,0
DA:192,0
DA:193,0
DA:194,0
DA:202,0
DA:204,0
DA:207,0
DA:211,0
DA:218,0
DA:222,0
DA:223,0
DA:224,0
DA:232,0
DA:233,0
DA:234,0
DA:237,0
DA:238,0
DA:241,0
DA:243,0
DA:253,0
DA:254,0
DA:256,0
DA:257,0
DA:264,0
DA:270,0
DA:280,1
DA:282,1
DA:285,1
DA:287,0
DA:291,0
DA:295,0
DA:296,0
DA:299,0
DA:301,0
DA:302,0
DA:304,0
DA:305,0
DA:306,0
DA:307,0
DA:308,0
DA:309,0
DA:313,0
DA:322,1
DA:323,1
DA:337,1
DA:341,1
DA:342,0
DA:344,0
DA:349,0
DA:351,0
DA:357,1
DA:358,1
DA:359,1
DA:365,0
DA:379,1
DA:380,1
DA:382,0
DA:384,0
DA:388,0
DA:393,0
DA:399,1
DA:400,1
DA:414,1
DA:415,1
DA:416,1
DA:417,1
DA:425,0
DA:427,0
DA:429,0
DA:430,0
DA:437,0
DA:440,0
DA:447,0
DA:451,0
DA:452,0
DA:460,0
DA:461,0
DA:462,0
DA:463,0
DA:464,0
DA:465,0
DA:468,0
DA:469,0
DA:471,0
DA:474,0
DA:483,0
DA:484,0
DA:498,1
DA:499,1
DA:501,0
DA:502,0
DA:510,0
DA:511,0
DA:512,0
DA:515,0
DA:517,0
DA:520,0
DA:525,0
DA:530,0
DA:531,0
DA:532,0
DA:533,0
DA:535,0
DA:544,0
DA:550,1
DA:551,1
LF:168
LH:40
BRDA:18,0,0,1
BRDA:54,1,0,1
BRDA:64,2,0,0
BRDA:64,2,1,0
BRDA:80,3,0,0
BRDA:80,3,1,0
BRDA:80,4,0,0
BRDA:80,4,1,0
BRDA:81,5,0,0
BRDA:108,6,0,0
BRDA:122,7,0,0
BRDA:163,8,0,0
BRDA:174,9,0,0
BRDA:174,9,1,0
BRDA:192,10,0,0
BRDA:192,10,1,0
BRDA:192,11,0,0
BRDA:192,11,1,0
BRDA:193,12,0,0
BRDA:222,13,0,0
BRDA:256,14,0,0
BRDA:267,15,0,0
BRDA:267,15,1,0
BRDA:304,16,0,0
BRDA:326,17,0,1
BRDA:326,17,1,0
BRDA:358,18,0,1
BRDA:368,19,0,0
BRDA:368,19,1,0
BRDA:403,20,0,1
BRDA:403,20,1,0
BRDA:415,21,0,1
BRDA:415,21,1,0
BRDA:415,22,0,1
BRDA:415,22,1,1
BRDA:416,23,0,1
BRDA:429,24,0,0
BRDA:429,25,0,0
BRDA:429,25,1,0
BRDA:429,25,2,0
BRDA:429,25,3,0
BRDA:451,26,0,0
BRDA:487,27,0,0
BRDA:487,27,1,0
BRDA:501,28,0,0
BRDA:501,29,0,0
BRDA:501,29,1,0
BRDA:510,30,0,0
BRDA:510,30,1,0
BRDA:539,31,0,0
BRDA:539,31,1,0
BRDA:554,32,0,1
BRDA:554,32,1,0
BRF:53
BRH:10
end_of_record
TN:
SF:src\controllers\admin\StaffController.ts
FN:6,(anonymous_7)
FN:12,(anonymous_9)
FN:19,(anonymous_11)
FN:35,(anonymous_13)
FN:44,(anonymous_15)
FN:52,(anonymous_17)
FN:61,(anonymous_19)
FN:70,(anonymous_21)
FNF:8
FNH:8
FNDA:1,(anonymous_7)
FNDA:1,(anonymous_9)
FNDA:1,(anonymous_11)
FNDA:1,(anonymous_13)
FNDA:1,(anonymous_15)
FNDA:1,(anonymous_17)
FNDA:1,(anonymous_19)
FNDA:1,(anonymous_21)
DA:2,1
DA:3,1
DA:5,1
DA:7,1
DA:8,1
DA:9,1
DA:13,1
DA:14,1
DA:15,1
DA:16,0
DA:20,1
DA:21,1
DA:22,1
DA:31,1
DA:32,1
DA:36,1
DA:37,1
DA:38,1
DA:39,1
DA:40,1
DA:41,1
DA:45,1
DA:46,1
DA:47,1
DA:48,1
DA:49,0
DA:53,1
DA:54,1
DA:55,1
DA:56,1
DA:57,1
DA:58,1
DA:62,1
DA:63,1
DA:64,1
DA:65,1
DA:66,1
DA:67,1
DA:71,1
DA:72,1
DA:73,1
DA:74,1
DA:75,1
DA:76,1
LF:44
LH:42
BRDA:15,0,0,1
BRDA:38,1,0,0
BRDA:47,2,0,0
BRDA:55,3,0,0
BRDA:64,4,0,0
BRDA:73,5,0,0
BRF:6
BRH:1
end_of_record
TN:
SF:src\controllers\admin\TicketAdminController.ts
FN:9,(anonymous_7)
FNF:1
FNH:1
FNDA:3,(anonymous_7)
DA:2,1
DA:3,1
DA:5,1
DA:10,3
DA:12,3
DA:13,3
DA:16,1
DA:28,1
DA:34,2
DA:35,2
DA:36,1
DA:42,1
LF:12
LH:12
BRDA:35,0,0,1
BRDA:45,1,0,1
BRDA:45,1,1,0
BRF:3
BRH:2
end_of_record
TN:
SF:src\controllers\admin\VenueController.ts
FN:9,(anonymous_7)
FN:43,(anonymous_9)
FN:80,(anonymous_11)
FN:113,(anonymous_13)
FN:151,(anonymous_15)
FNF:5
FNH:5
FNDA:1,(anonymous_7)
FNDA:2,(anonymous_9)
FNDA:1,(anonymous_11)
FNDA:2,(anonymous_13)
FNDA:1,(anonymous_15)
DA:2,1
DA:3,1
DA:5,1
DA:10,1
DA:14,1
DA:25,1
DA:31,0
DA:32,0
DA:44,2
DA:46,2
DA:49,1
DA:55,1
DA:61,1
DA:62,1
DA:63,1
DA:69,0
DA:81,1
DA:83,1
DA:86,1
DA:95,1
DA:101,0
DA:102,0
DA:114,2
DA:116,2
DA:117,2
DA:120,1
DA:126,1
DA:132,1
DA:133,1
DA:134,1
DA:140,0
DA:152,1
DA:154,1
DA:157,1
DA:163,0
DA:164,0
LF:36
LH:28
BRDA:35,0,0,0
BRDA:35,0,1,0
BRDA:62,1,0,1
BRDA:72,2,0,0
BRDA:72,2,1,0
BRDA:105,3,0,0
BRDA:105,3,1,0
BRDA:133,4,0,1
BRDA:143,5,0,0
BRDA:143,5,1,0
BRDA:167,6,0,0
BRDA:167,6,1,0
BRF:12
BRH:2
end_of_record
TN:
SF:src\controllers\public\BookingController.ts
FN:17,(anonymous_7)
FN:70,(anonymous_9)
FN:95,(anonymous_11)
FN:96,(anonymous_12)
FN:130,(anonymous_13)
FN:184,(anonymous_15)
FN:239,(anonymous_17)
FN:305,(anonymous_19)
FN:328,(anonymous_21)
FN:351,(anonymous_23)
FN:372,(anonymous_25)
FNF:11
FNH:6
FNDA:0,(anonymous_7)
FNDA:1,(anonymous_9)
FNDA:0,(anonymous_11)
FNDA:0,(anonymous_12)
FNDA:1,(anonymous_13)
FNDA:1,(anonymous_15)
FNDA:1,(anonymous_17)
FNDA:0,(anonymous_19)
FNDA:1,(anonymous_21)
FNDA:0,(anonymous_23)
FNDA:1,(anonymous_25)
DA:2,1
DA:3,1
DA:4,1
DA:5,1
DA:6,1
DA:7,1
DA:9,1
DA:10,1
DA:11,1
DA:13,1
DA:18,0
DA:19,0
DA:20,0
DA:22,0
DA:23,0
DA:34,0
DA:52,0
DA:58,0
DA:59,0
DA:71,1
DA:72,1
DA:73,1
DA:74,1
DA:80,0
DA:81,0
DA:90,0
DA:95,0
DA:96,0
DA:105,0
DA:111,0
DA:112,0
DA:113,0
DA:119,0
DA:131,1
DA:132,1
DA:133,1
DA:135,1
DA:136,1
DA:147,0
DA:166,0
DA:172,0
DA:173,0
DA:185,1
DA:186,1
DA:187,1
DA:189,1
DA:190,1
DA:196,0
DA:197,0
DA:207,0
DA:214,0
DA:220,0
DA:221,0
DA:222,0
DA:228,0
DA:240,1
DA:241,1
DA:242,1
DA:243,1
DA:249,0
DA:250,0
DA:257,0
DA:280,0
DA:286,0
DA:287,0
DA:288,0
DA:294,0
DA:306,0
DA:307,0
DA:308,0
DA:309,0
DA:312,0
DA:315,0
DA:321,0
DA:329,1
DA:330,1
DA:331,1
DA:332,1
DA:334,0
DA:337,0
DA:338,0
DA:344,0
DA:352,0
DA:353,0
DA:354,0
DA:355,0
DA:357,0
DA:359,0
DA:365,0
DA:373,1
DA:374,1
DA:375,1
DA:376,1
DA:378,0
DA:380,0
DA:386,0
LF:96
LH:36
BRDA:20,0,0,0
BRDA:20,0,1,0
BRDA:20,1,0,0
BRDA:20,1,1,0
BRDA:22,2,0,0
BRDA:62,3,0,0
BRDA:62,3,1,0
BRDA:72,4,0,0
BRDA:72,4,1,1
BRDA:72,5,0,1
BRDA:72,5,1,1
BRDA:73,6,0,1
BRDA:112,7,0,0
BRDA:122,8,0,0
BRDA:122,8,1,0
BRDA:133,9,0,0
BRDA:133,9,1,1
BRDA:133,10,0,1
BRDA:133,10,1,1
BRDA:135,11,0,1
BRDA:176,12,0,0
BRDA:176,12,1,0
BRDA:187,13,0,0
BRDA:187,13,1,1
BRDA:187,14,0,1
BRDA:187,14,1,1
BRDA:189,15,0,1
BRDA:221,16,0,0
BRDA:231,17,0,0
BRDA:231,17,1,0
BRDA:241,18,0,0
BRDA:241,18,1,1
BRDA:241,19,0,1
BRDA:241,19,1,1
BRDA:242,20,0,1
BRDA:287,21,0,0
BRDA:297,22,0,0
BRDA:297,22,1,0
BRDA:307,23,0,0
BRDA:307,23,1,0
BRDA:307,24,0,0
BRDA:307,24,1,0
BRDA:308,25,0,0
BRDA:330,26,0,0
BRDA:330,26,1,1
BRDA:330,27,0,1
BRDA:330,27,1,1
BRDA:331,28,0,1
BRDA:353,29,0,0
BRDA:353,29,1,0
BRDA:353,30,0,0
BRDA:353,30,1,0
BRDA:354,31,0,0
BRDA:374,32,0,0
BRDA:374,32,1,1
BRDA:374,33,0,1
BRDA:374,33,1,1
BRDA:375,34,0,1
BRF:58
BRH:24
end_of_record
TN:
SF:src\controllers\public\PaymentController.ts
FN:15,(anonymous_7)
FN:72,(anonymous_9)
FN:130,(anonymous_11)
FN:156,(anonymous_13)
FNF:4
FNH:4
FNDA:1,(anonymous_7)
FNDA:1,(anonymous_9)
FNDA:1,(anonymous_11)
FNDA:1,(anonymous_13)
DA:2,1
DA:3,1
DA:4,1
DA:5,1
DA:6,1
DA:8,1
DA:9,1
DA:11,1
DA:16,1
DA:17,1
DA:18,1
DA:19,1
DA:25,0
DA:26,0
DA:35,0
DA:47,0
DA:53,0
DA:54,0
DA:55,0
DA:61,0
DA:73,1
DA:74,1
DA:75,0
DA:77,0
DA:78,0
DA:84,0
DA:85,0
DA:94,0
DA:105,0
DA:111,1
DA:112,1
DA:113,0
DA:119,1
DA:131,1
DA:132,1
DA:133,0
DA:134,0
DA:136,0
DA:137,0
DA:138,0
DA:143,0
DA:149,1
DA:157,1
DA:158,1
DA:159,1
DA:160,1
DA:162,0
DA:163,0
DA:164,0
DA:167,0
DA:173,0
LF:51
LH:24
BRDA:17,0,0,1
BRDA:17,0,1,0
BRDA:17,1,0,1
BRDA:17,1,1,1
BRDA:18,2,0,1
BRDA:54,3,0,0
BRDA:64,4,0,0
BRDA:64,4,1,0
BRDA:75,5,0,0
BRDA:75,5,1,0
BRDA:75,6,0,0
BRDA:75,6,1,0
BRDA:77,7,0,0
BRDA:97,8,0,0
BRDA:97,8,1,0
BRDA:112,9,0,0
BRDA:122,10,0,1
BRDA:122,10,1,0
BRDA:133,11,0,0
BRDA:133,12,0,0
BRDA:133,12,1,0
BRDA:133,12,2,0
BRDA:136,13,0,0
BRDA:136,13,1,0
BRDA:136,14,0,0
BRDA:136,14,1,0
BRDA:137,15,0,0
BRDA:158,16,0,1
BRDA:158,16,1,0
BRDA:158,17,0,1
BRDA:158,17,1,1
BRDA:159,18,0,1
BRDA:163,19,0,0
BRDA:163,20,0,0
BRDA:163,20,1,0
BRDA:163,20,2,0
BRF:36
BRH:9
end_of_record
TN:
SF:src\controllers\public\PublicEventController.ts
FN:13,(anonymous_7)
FN:47,(anonymous_9)
FN:125,(anonymous_11)
FNF:3
FNH:3
FNDA:1,(anonymous_7)
FNDA:1,(anonymous_9)
FNDA:1,(anonymous_11)
DA:4,1
DA:5,1
DA:7,1
DA:9,1
DA:14,1
DA:15,1
DA:16,0
DA:17,0
DA:18,0
DA:19,0
DA:20,0
DA:26,0
DA:40,1
DA:48,1
DA:49,1
DA:58,0
DA:107,0
DA:113,1
DA:114,1
DA:126,1
DA:127,1
DA:131,0
DA:140,0
DA:154,1
LF:24
LH:14
BRDA:15,0,0,0
BRDA:15,1,0,0
BRDA:17,2,0,0
BRDA:18,3,0,0
BRDA:19,4,0,0
BRDA:117,5,0,1
BRDA:117,5,1,0
BRDA:127,6,0,0
BRDA:127,7,0,0
BRDA:135,8,0,0
BRDA:135,8,1,0
BRF:11
BRH:1
end_of_record
TN:
SF:src\controllers\public\TicketController.ts
FN:22,(anonymous_7)
FN:85,(anonymous_9)
FN:85,(anonymous_10)
FN:100,(anonymous_11)
FN:100,(anonymous_12)
FN:116,(anonymous_13)
FN:147,(anonymous_14)
FN:180,(anonymous_16)
FN:218,(anonymous_17)
FN:273,(anonymous_19)
FN:357,(anonymous_21)
FN:379,(anonymous_23)
FN:407,(anonymous_25)
FNF:13
FNH:7
FNDA:1,(anonymous_7)
FNDA:0,(anonymous_9)
FNDA:0,(anonymous_10)
FNDA:0,(anonymous_11)
FNDA:0,(anonymous_12)
FNDA:0,(anonymous_13)
FNDA:2,(anonymous_14)
FNDA:0,(anonymous_16)
FNDA:1,(anonymous_17)
FNDA:1,(anonymous_19)
FNDA:1,(anonymous_21)
FNDA:1,(anonymous_23)
FNDA:1,(anonymous_25)
DA:2,1
DA:3,1
DA:4,1
DA:5,1
DA:6,1
DA:7,1
DA:12,1
DA:14,1
DA:15,1
DA:16,1
DA:18,1
DA:23,1
DA:24,1
DA:25,0
DA:28,0
DA:29,0
DA:30,0
DA:37,0
DA:38,0
DA:39,0
DA:45,0
DA:46,0
DA:53,0
DA:54,0
DA:55,0
DA:56,0
DA:63,0
DA:70,0
DA:71,0
DA:79,0
DA:80,0
DA:83,0
DA:85,0
DA:86,0
DA:94,0
DA:100,0
DA:101,0
DA:108,0
DA:112,0
DA:116,0
DA:128,1
DA:129,1
DA:130,1
DA:136,0
DA:148,2
DA:149,2
DA:150,0
DA:153,0
DA:154,0
DA:155,0
DA:162,0
DA:174,0
DA:176,0
DA:180,0
DA:199,2
DA:200,2
DA:201,2
DA:207,0
DA:219,1
DA:220,1
DA:223,0
DA:224,0
DA:225,0
DA:231,0
DA:236,0
DA:237,0
DA:243,0
DA:261,1
DA:262,1
DA:274,1
DA:275,1
DA:276,0
DA:277,0
DA:280,0
DA:281,0
DA:282,0
DA:288,0
DA:293,0
DA:294,0
DA:301,0
DA:302,0
DA:309,0
DA:310,0
DA:317,0
DA:320,0
DA:321,0
DA:322,0
DA:323,0
DA:327,0
DA:338,1
DA:339,1
DA:340,0
DA:346,1
DA:358,1
DA:359,1
DA:360,1
DA:361,1
DA:363,0
DA:366,0
DA:372,0
DA:380,1
DA:381,1
DA:382,1
DA:383,1
DA:386,0
DA:388,0
DA:398,0
DA:400,0
DA:408,1
DA:410,1
DA:412,0
LF:111
LH:40
BRDA:28,0,0,0
BRDA:28,0,1,0
BRDA:28,1,0,0
BRDA:28,1,1,0
BRDA:29,2,0,0
BRDA:38,3,0,0
BRDA:45,4,0,0
BRDA:53,5,0,0
BRDA:53,6,0,0
BRDA:53,6,1,0
BRDA:55,7,0,0
BRDA:70,8,0,0
BRDA:83,9,0,0
BRDA:83,9,1,0
BRDA:129,10,0,1
BRDA:139,11,0,0
BRDA:139,11,1,0
BRDA:153,12,0,0
BRDA:153,12,1,0
BRDA:153,13,0,0
BRDA:153,13,1,0
BRDA:154,14,0,0
BRDA:165,15,0,0
BRDA:165,15,1,0
BRDA:166,16,0,0
BRDA:166,16,1,0
BRDA:200,17,0,2
BRDA:210,18,0,0
BRDA:210,18,1,0
BRDA:223,19,0,0
BRDA:223,19,1,0
BRDA:223,20,0,0
BRDA:223,20,1,0
BRDA:224,21,0,0
BRDA:236,22,0,0
BRDA:265,23,0,1
BRDA:265,23,1,0
BRDA:280,24,0,0
BRDA:280,24,1,0
BRDA:280,25,0,0
BRDA:280,25,1,0
BRDA:281,26,0,0
BRDA:293,27,0,0
BRDA:301,28,0,0
BRDA:309,29,0,0
BRDA:317,30,0,0
BRDA:317,30,1,0
BRDA:339,31,0,0
BRDA:349,32,0,1
BRDA:349,32,1,0
BRDA:359,33,0,1
BRDA:359,33,1,0
BRDA:359,34,0,1
BRDA:359,34,1,1
BRDA:360,35,0,1
BRDA:381,36,0,1
BRDA:381,36,1,0
BRDA:381,37,0,1
BRDA:381,37,1,1
BRDA:382,38,0,1
BRF:60
BRH:12
end_of_record
TN:
SF:src\controllers\public\UserAuthController.ts
FN:18,(anonymous_9)
FN:27,(anonymous_10)
FN:112,(anonymous_12)
FN:179,(anonymous_14)
FN:222,(anonymous_16)
FN:269,(anonymous_18)
FN:313,(anonymous_20)
FN:335,(anonymous_22)
FN:355,(anonymous_24)
FN:381,(anonymous_26)
FNF:10
FNH:2
FNDA:1,(anonymous_9)
FNDA:3,(anonymous_10)
FNDA:0,(anonymous_12)
FNDA:0,(anonymous_14)
FNDA:0,(anonymous_16)
FNDA:0,(anonymous_18)
FNDA:0,(anonymous_20)
FNDA:0,(anonymous_22)
FNDA:0,(anonymous_24)
FNDA:0,(anonymous_26)
DA:1,1
DA:2,1
DA:3,1
DA:5,1
DA:6,1
DA:7,1
DA:15,1
DA:18,1
DA:20,1
DA:23,1
DA:28,3
DA:29,3
DA:32,3
DA:33,1
DA:40,2
DA:41,2
DA:42,1
DA:49,1
DA:50,0
DA:57,1
DA:58,1
DA:59,0
DA:66,1
DA:69,1
DA:77,1
DA:80,1
DA:86,1
DA:100,0
DA:101,0
DA:113,0
DA:114,0
DA:117,0
DA:118,0
DA:125,0
DA:126,0
DA:127,0
DA:134,0
DA:135,0
DA:136,0
DA:143,0
DA:150,0
DA:151,0
DA:153,0
DA:167,0
DA:168,0
DA:180,0
DA:181,0
DA:182,0
DA:184,0
DA:185,0
DA:187,0
DA:194,0
DA:198,0
DA:203,0
DA:204,0
DA:205,0
DA:211,0
DA:223,0
DA:224,0
DA:225,0
DA:228,0
DA:230,0
DA:231,0
DA:232,0
DA:239,0
DA:242,0
DA:243,0
DA:245,0
DA:250,0
DA:251,0
DA:252,0
DA:258,0
DA:270,0
DA:271,0
DA:272,0
DA:275,0
DA:277,0
DA:278,0
DA:279,0
DA:286,0
DA:287,0
DA:289,0
DA:294,0
DA:295,0
DA:296,0
DA:302,0
DA:314,0
DA:315,0
DA:316,0
DA:317,0
DA:321,0
DA:322,0
DA:328,0
DA:336,0
DA:337,0
DA:338,0
DA:339,0
DA:341,0
DA:342,0
DA:343,0
DA:345,0
DA:346,0
DA:348,0
DA:356,0
DA:357,0
DA:358,0
DA:359,0
DA:361,0
DA:362,0
DA:363,0
DA:364,0
DA:366,0
DA:367,0
DA:368,0
DA:369,0
DA:370,0
DA:371,0
DA:372,0
DA:374,0
DA:382,0
DA:383,0
DA:384,0
DA:385,0
DA:387,0
DA:388,0
DA:389,0
DA:391,0
DA:392,0
DA:393,0
DA:395,0
DA:396,0
DA:397,0
DA:399,0
DA:400,0
DA:401,0
DA:403,0
LF:136
LH:25
BRDA:20,0,0,1
BRDA:20,0,1,1
BRDA:20,0,2,1
BRDA:32,1,0,1
BRDA:32,2,0,3
BRDA:32,2,1,2
BRDA:41,3,0,1
BRDA:49,4,0,0
BRDA:58,5,0,0
BRDA:104,6,0,0
BRDA:104,6,1,0
BRDA:117,7,0,0
BRDA:117,8,0,0
BRDA:117,8,1,0
BRDA:126,9,0,0
BRDA:135,10,0,0
BRDA:171,11,0,0
BRDA:171,11,1,0
BRDA:185,12,0,0
BRDA:204,13,0,0
BRDA:214,14,0,0
BRDA:214,14,1,0
BRDA:231,15,0,0
BRDA:251,16,0,0
BRDA:261,17,0,0
BRDA:261,17,1,0
BRDA:278,18,0,0
BRDA:295,19,0,0
BRDA:305,20,0,0
BRDA:305,20,1,0
BRDA:316,21,0,0
BRDA:316,22,0,0
BRDA:316,22,1,0
BRDA:316,22,2,0
BRDA:337,23,0,0
BRDA:337,23,1,0
BRDA:337,24,0,0
BRDA:337,24,1,0
BRDA:338,25,0,0
BRDA:342,26,0,0
BRDA:357,27,0,0
BRDA:357,27,1,0
BRDA:357,28,0,0
BRDA:357,28,1,0
BRDA:358,29,0,0
BRDA:363,30,0,0
BRDA:366,31,0,0
BRDA:367,32,0,0
BRDA:368,33,0,0
BRDA:369,34,0,0
BRDA:383,35,0,0
BRDA:383,35,1,0
BRDA:383,36,0,0
BRDA:383,36,1,0
BRDA:384,37,0,0
BRDA:388,38,0,0
BRDA:388,39,0,0
BRDA:388,39,1,0
BRDA:392,40,0,0
BRDA:396,41,0,0
BRF:60
BRH:7
end_of_record
TN:
SF:src\entities\Booking.ts
FN:6,(anonymous_2)
FN:18,(anonymous_3)
FN:18,(anonymous_4)
FN:21,(anonymous_5)
FN:21,(anonymous_6)
FN:24,(anonymous_7)
FN:24,(anonymous_8)
FNF:7
FNH:1
FNDA:16,(anonymous_2)
FNDA:0,(anonymous_3)
FNDA:0,(anonymous_4)
FNDA:0,(anonymous_5)
FNDA:0,(anonymous_6)
FNDA:0,(anonymous_7)
FNDA:0,(anonymous_8)
DA:1,16
DA:2,16
DA:3,16
DA:4,16
DA:6,16
DA:7,16
DA:8,16
DA:9,16
DA:10,16
DA:14,16
DA:16,16
DA:18,0
DA:19,16
DA:21,0
DA:22,16
DA:24,0
DA:25,16
DA:32,16
DA:35,16
DA:42,16
DA:45,16
DA:48,16
DA:51,16
DA:54,16
LF:24
LH:21
BRDA:6,0,0,16
BRDA:6,0,1,16
BRF:2
BRH:2
end_of_record
TN:
SF:src\entities\Event.ts
FN:11,(anonymous_2)
FN:36,(anonymous_3)
FN:36,(anonymous_4)
FN:39,(anonymous_5)
FN:39,(anonymous_6)
FN:75,(anonymous_7)
FN:75,(anonymous_8)
FN:94,(anonymous_9)
FN:94,(anonymous_10)
FN:97,(anonymous_11)
FN:97,(anonymous_12)
FNF:11
FNH:1
FNDA:16,(anonymous_2)
FNDA:0,(anonymous_3)
FNDA:0,(anonymous_4)
FNDA:0,(anonymous_5)
FNDA:0,(anonymous_6)
FNDA:0,(anonymous_7)
FNDA:0,(anonymous_8)
FNDA:0,(anonymous_9)
FNDA:0,(anonymous_10)
FNDA:0,(anonymous_11)
FNDA:0,(anonymous_12)
DA:1,16
DA:2,16
DA:3,16
DA:4,16
DA:5,16
DA:6,16
DA:11,16
DA:12,16
DA:13,16
DA:14,16
DA:15,16
DA:16,16
DA:20,16
DA:22,16
DA:25,16
DA:28,16
DA:31,16
DA:34,16
DA:36,0
DA:37,16
DA:39,0
DA:40,16
DA:43,16
DA:46,16
DA:49,16
DA:52,16
DA:55,16
DA:58,16
DA:75,0
DA:76,16
DA:79,16
DA:82,16
DA:85,16
DA:92,16
DA:94,0
DA:95,16
DA:97,0
DA:98,16
DA:101,16
DA:104,16
LF:40
LH:35
BRDA:11,0,0,16
BRDA:11,0,1,16
BRF:2
BRH:2
end_of_record
TN:
SF:src\entities\EventCategory.ts
FN:17,(anonymous_2)
FN:17,(anonymous_3)
FNF:2
FNH:0
FNDA:0,(anonymous_2)
FNDA:0,(anonymous_3)
DA:3,16
DA:4,16
DA:10,16
DA:12,16
DA:15,16
DA:17,0
DA:18,16
LF:7
LH:6
BRF:0
BRH:0
end_of_record
TN:
SF:src\entities\Message.ts
FN:9,(anonymous_2)
FN:9,(anonymous_3)
FN:12,(anonymous_4)
FN:12,(anonymous_5)
FNF:4
FNH:0
FNDA:0,(anonymous_2)
FNDA:0,(anonymous_3)
FNDA:0,(anonymous_4)
FNDA:0,(anonymous_5)
DA:1,16
DA:2,16
DA:5,16
DA:7,16
DA:9,0
DA:10,16
DA:12,0
DA:13,16
DA:16,16
DA:19,16
LF:10
LH:8
BRF:0
BRH:0
end_of_record
TN:
SF:src\entities\Payment.ts
FN:24,(anonymous_2)
FN:27,(anonymous_3)
FNF:2
FNH:0
FNDA:0,(anonymous_2)
FNDA:0,(anonymous_3)
DA:3,2
DA:13,2
DA:14,2
DA:20,2
DA:22,2
DA:24,0
DA:25,2
DA:27,0
DA:29,2
DA:32,2
DA:35,2
DA:38,2
DA:41,2
DA:44,2
DA:47,2
DA:50,2
LF:16
LH:14
BRF:0
BRH:0
end_of_record
TN:
SF:src\entities\Seat.ts
FN:10,(anonymous_2)
FN:61,(anonymous_3)
FN:61,(anonymous_4)
FN:64,(anonymous_5)
FNF:4
FNH:1
FNDA:16,(anonymous_2)
FNDA:0,(anonymous_3)
FNDA:0,(anonymous_4)
FNDA:0,(anonymous_5)
DA:3,16
DA:4,16
DA:5,16
DA:10,16
DA:11,16
DA:12,16
DA:13,16
DA:14,16
DA:21,16
DA:23,16
DA:26,16
DA:29,16
DA:32,16
DA:35,16
DA:42,16
DA:45,16
DA:48,16
DA:56,16
DA:59,16
DA:61,0
DA:62,16
DA:64,0
DA:65,16
DA:68,16
DA:71,16
LF:25
LH:23
BRDA:10,0,0,16
BRDA:10,0,1,16
BRF:2
BRH:2
end_of_record
TN:
SF:src\entities\Ticket.ts
FN:15,(anonymous_2)
FN:22,(anonymous_3)
FN:37,(anonymous_4)
FN:37,(anonymous_5)
FN:40,(anonymous_6)
FN:40,(anonymous_7)
FN:43,(anonymous_8)
FN:43,(anonymous_9)
FNF:8
FNH:2
FNDA:16,(anonymous_2)
FNDA:16,(anonymous_3)
FNDA:0,(anonymous_4)
FNDA:0,(anonymous_5)
FNDA:0,(anonymous_6)
FNDA:0,(anonymous_7)
FNDA:0,(anonymous_8)
FNDA:0,(anonymous_9)
DA:3,16
DA:11,16
DA:12,16
DA:13,16
DA:15,16
DA:16,16
DA:17,16
DA:18,16
DA:19,16
DA:22,16
DA:23,16
DA:24,16
DA:25,16
DA:26,16
DA:33,16
DA:35,16
DA:37,0
DA:38,16
DA:40,0
DA:41,16
DA:43,0
DA:44,16
DA:51,16
DA:54,16
DA:61,16
DA:64,16
DA:67,16
DA:70,16
DA:73,16
DA:76,16
DA:79,16
DA:82,16
DA:85,16
DA:88,16
DA:91,16
DA:94,16
LF:36
LH:33
BRDA:15,0,0,16
BRDA:15,0,1,16
BRDA:22,1,0,16
BRDA:22,1,1,16
BRF:4
BRH:4
end_of_record
TN:
SF:src\entities\User.ts
FN:17,(anonymous_2)
FN:78,(anonymous_3)
FN:78,(anonymous_4)
FN:86,(anonymous_5)
FN:86,(anonymous_6)
FN:90,(anonymous_7)
FN:90,(anonymous_8)
FN:118,(anonymous_9)
FN:118,(anonymous_10)
FN:122,(anonymous_11)
FN:122,(anonymous_12)
FNF:11
FNH:1
FNDA:16,(anonymous_2)
FNDA:0,(anonymous_3)
FNDA:0,(anonymous_4)
FNDA:0,(anonymous_5)
FNDA:0,(anonymous_6)
FNDA:0,(anonymous_7)
FNDA:0,(anonymous_8)
FNDA:0,(anonymous_9)
FNDA:0,(anonymous_10)
FNDA:0,(anonymous_11)
FNDA:0,(anonymous_12)
DA:1,16
DA:9,16
DA:10,16
DA:11,16
DA:12,16
DA:17,16
DA:18,16
DA:19,16
DA:20,16
DA:24,16
DA:27,16
DA:31,16
DA:35,16
DA:43,16
DA:47,16
DA:51,16
DA:55,16
DA:59,16
DA:63,16
DA:67,16
DA:71,16
DA:75,16
DA:78,0
DA:79,16
DA:83,16
DA:86,0
DA:87,16
DA:90,0
DA:91,16
DA:95,16
DA:99,16
DA:103,16
DA:107,16
DA:111,16
DA:115,16
DA:118,0
DA:119,16
DA:122,0
DA:123,16
LF:39
LH:34
BRDA:17,0,0,16
BRDA:17,0,1,16
BRF:2
BRH:2
end_of_record
TN:
SF:src\entities\Venue.ts
FN:21,(anonymous_2)
FN:21,(anonymous_3)
FN:24,(anonymous_4)
FN:24,(anonymous_5)
FNF:4
FNH:0
FNDA:0,(anonymous_2)
FNDA:0,(anonymous_3)
FNDA:0,(anonymous_4)
FNDA:0,(anonymous_5)
DA:3,16
DA:4,16
DA:5,16
DA:11,16
DA:13,16
DA:16,16
DA:19,16
DA:21,0
DA:22,16
DA:24,0
DA:25,16
LF:11
LH:9
BRF:0
BRH:0
end_of_record
TN:
SF:src\schemas\admin.ts
FNF:0
FNH:0
DA:1,4
DA:4,4
DA:10,4
DA:22,4
DA:25,4
DA:33,4
DA:36,4
DA:46,4
DA:50,4
DA:55,4
DA:61,4
DA:67,4
LF:12
LH:12
BRF:0
BRH:0
end_of_record
TN:
SF:src\schemas\auth.ts
FNF:0
FNH:0
DA:1,1
DA:3,1
DA:5,1
DA:15,1
DA:20,1
DA:24,1
DA:31,1
LF:7
LH:7
BRF:0
BRH:0
end_of_record
TN:
SF:src\schemas\booking.ts
FNF:0
FNH:0
DA:1,1
DA:3,1
DA:10,1
DA:14,1
LF:4
LH:4
BRF:0
BRH:0
end_of_record
TN:
SF:src\schemas\payment.ts
FNF:0
FNH:0
DA:1,1
DA:3,1
DA:11,1
LF:3
LH:3
BRF:0
BRH:0
end_of_record
TN:
SF:src\schemas\ticket.ts
FNF:0
FNH:0
DA:1,1
DA:2,1
DA:4,1
DA:11,1
DA:19,1
LF:5
LH:5
BRF:0
BRH:0
end_of_record
TN:
SF:src\services\AuthService.ts
FN:23,(anonymous_16)
FN:27,(anonymous_17)
FN:49,(anonymous_19)
FN:69,(anonymous_21)
FN:78,(anonymous_23)
FN:95,(anonymous_25)
FNF:6
FNH:6
FNDA:15,(anonymous_16)
FNDA:3,(anonymous_17)
FNDA:3,(anonymous_19)
FNDA:2,(anonymous_21)
FNDA:3,(anonymous_23)
FNDA:4,(anonymous_25)
DA:1,1
DA:2,1
DA:4,1
DA:5,1
DA:20,1
DA:24,15
DA:28,3
DA:29,3
DA:30,1
DA:33,2
DA:34,1
DA:37,1
DA:39,1
DA:40,1
DA:46,1
DA:50,3
DA:51,3
DA:52,1
DA:55,2
DA:56,2
DA:57,1
DA:60,1
DA:66,1
DA:70,2
DA:71,2
DA:72,1
DA:75,1
DA:79,3
DA:80,3
DA:81,1
DA:84,2
DA:85,1
DA:86,1
DA:87,1
DA:91,1
DA:92,1
DA:96,4
DA:97,4
DA:98,1
DA:101,3
DA:102,3
DA:103,1
DA:106,2
DA:107,1
DA:110,1
DA:111,1
DA:112,1
LF:47
LH:47
BRDA:29,0,0,1
BRDA:33,1,0,1
BRDA:43,2,0,1
BRDA:43,2,1,1
BRDA:51,3,0,1
BRDA:56,4,0,1
BRDA:62,5,0,1
BRDA:62,5,1,0
BRDA:71,6,0,1
BRDA:80,7,0,1
BRDA:84,8,0,1
BRDA:84,9,0,2
BRDA:84,9,1,2
BRDA:86,10,0,1
BRDA:97,11,0,1
BRDA:102,12,0,1
BRDA:106,13,0,1
BRF:17
BRH:16
end_of_record
TN:
SF:src\services\BookingService.ts
FN:14,(anonymous_7)
FN:21,(anonymous_8)
FN:47,(anonymous_10)
FN:68,(anonymous_11)
FN:81,(anonymous_13)
FN:89,(anonymous_15)
FN:117,(anonymous_17)
FN:125,(anonymous_18)
FNF:8
FNH:8
FNDA:15,(anonymous_7)
FNDA:4,(anonymous_8)
FNDA:2,(anonymous_10)
FNDA:2,(anonymous_11)
FNDA:1,(anonymous_13)
FNDA:4,(anonymous_15)
FNDA:2,(anonymous_17)
FNDA:4,(anonymous_18)
DA:1,1
DA:2,1
DA:3,1
DA:4,1
DA:5,1
DA:8,1
DA:15,15
DA:16,15
DA:17,15
DA:18,15
DA:22,4
DA:23,4
DA:24,1
DA:27,3
DA:28,3
DA:29,1
DA:32,2
DA:33,1
DA:36,1
DA:44,1
DA:47,1
DA:48,2
DA:58,1
DA:61,1
DA:62,1
DA:63,1
DA:65,1
DA:69,2
DA:74,2
DA:75,1
DA:78,1
DA:82,1
DA:90,4
DA:95,4
DA:96,1
DA:99,3
DA:100,1
DA:103,2
DA:104,1
DA:107,1
DA:108,1
DA:111,1
DA:112,1
DA:113,1
DA:114,1
DA:117,1
DA:118,2
DA:120,1
DA:122,1
DA:126,4
DA:130,4
DA:131,1
DA:134,3
DA:135,1
DA:138,2
DA:139,1
DA:142,1
DA:143,1
LF:58
LH:58
BRDA:23,0,0,1
BRDA:28,1,0,1
BRDA:32,2,0,1
BRDA:74,3,0,1
BRDA:95,4,0,1
BRDA:99,5,0,1
BRDA:103,6,0,1
BRDA:130,7,0,1
BRDA:134,8,0,1
BRDA:138,9,0,1
BRF:10
BRH:10
end_of_record
TN:
SF:src\services\EventService.ts
FN:33,(anonymous_7)
FN:38,(anonymous_8)
FN:64,(anonymous_10)
FN:90,(anonymous_12)
FN:103,(anonymous_14)
FN:103,(anonymous_15)
FN:125,(anonymous_16)
FNF:7
FNH:7
FNDA:17,(anonymous_7)
FNDA:4,(anonymous_8)
FNDA:5,(anonymous_10)
FNDA:2,(anonymous_12)
FNDA:2,(anonymous_14)
FNDA:2,(anonymous_15)
FNDA:4,(anonymous_16)
DA:1,1
DA:2,1
DA:3,1
DA:29,1
DA:34,17
DA:35,17
DA:39,4
DA:40,4
DA:41,1
DA:44,3
DA:45,1
DA:48,2
DA:49,1
DA:52,1
DA:53,1
DA:61,1
DA:65,5
DA:70,5
DA:71,1
DA:74,4
DA:75,1
DA:78,3
DA:79,1
DA:82,2
DA:83,1
DA:86,1
DA:87,1
DA:91,2
DA:96,2
DA:97,1
DA:100,1
DA:103,2
DA:109,2
DA:110,2
DA:112,2
DA:113,2
DA:114,2
DA:116,2
DA:126,4
DA:131,4
DA:132,1
DA:135,3
DA:136,1
DA:139,2
DA:140,1
DA:143,1
LF:46
LH:46
BRDA:40,0,0,1
BRDA:44,1,0,1
BRDA:48,2,0,1
BRDA:70,3,0,1
BRDA:74,4,0,1
BRDA:78,5,0,1
BRDA:78,6,0,3
BRDA:78,6,1,3
BRDA:82,7,0,1
BRDA:82,8,0,2
BRDA:82,8,1,1
BRDA:82,8,2,1
BRDA:96,9,0,1
BRDA:103,10,0,0
BRDA:109,11,0,1
BRDA:109,12,0,1
BRDA:113,13,0,1
BRDA:114,14,0,1
BRDA:131,15,0,1
BRDA:135,16,0,1
BRDA:139,17,0,1
BRF:21
BRH:20
end_of_record
TN:
SF:src\services\TicketService.ts
FN:14,(anonymous_16)
FN:20,(anonymous_17)
FN:72,(anonymous_19)
FN:96,(anonymous_21)
FN:109,(anonymous_23)
FN:117,(anonymous_25)
FNF:6
FNH:6
FNDA:14,(anonymous_16)
FNDA:4,(anonymous_17)
FNDA:4,(anonymous_19)
FNDA:2,(anonymous_21)
FNDA:1,(anonymous_23)
FNDA:3,(anonymous_25)
DA:2,1
DA:3,1
DA:4,1
DA:5,1
DA:6,1
DA:7,1
DA:9,1
DA:15,14
DA:16,14
DA:17,14
DA:21,4
DA:22,4
DA:23,1
DA:26,3
DA:27,3
DA:28,1
DA:32,2
DA:33,1
DA:37,1
DA:40,1
DA:47,1
DA:50,1
DA:62,1
DA:63,1
DA:64,1
DA:65,1
DA:68,1
DA:69,1
DA:73,4
DA:74,4
DA:75,1
DA:78,3
DA:79,1
DA:82,2
DA:83,1
DA:87,1
DA:88,1
DA:89,1
DA:90,1
DA:91,1
DA:93,1
DA:97,2
DA:102,2
DA:103,1
DA:106,1
DA:110,1
DA:118,3
DA:123,3
DA:124,1
DA:127,2
DA:128,1
DA:131,1
DA:132,1
DA:133,1
DA:134,1
DA:137,1
DA:138,1
DA:139,1
DA:140,1
DA:142,1
DA:143,1
LF:61
LH:61
BRDA:22,0,0,1
BRDA:27,1,0,1
BRDA:32,2,0,1
BRDA:64,3,0,1
BRDA:74,4,0,1
BRDA:78,5,0,1
BRDA:82,6,0,1
BRDA:102,7,0,1
BRDA:123,8,0,1
BRDA:127,9,0,1
BRF:10
BRH:10
end_of_record
TN:
SF:src\utils\jwt.ts
FN:6,generateToken
FN:10,verifyToken
FNF:2
FNH:1
FNDA:1,generateToken
FNDA:0,verifyToken
DA:1,1
DA:2,1
DA:6,1
DA:7,1
DA:10,1
DA:11,0
DA:12,0
DA:14,0
LF:8
LH:5
BRF:0
BRH:0
end_of_record
